TpTrace Verbose: 0 : 33492, 1, 2023/09/14, 16:47:24.232, 6477706425645, vstest.console.dll, Version: 17.6.3-release-20230616-01 Current process architecture: X64
TpTrace Verbose: 0 : 33492, 1, 2023/09/14, 16:47:24.234, 6477706441707, vstest.console.dll, Runtime location: C:\Program Files\dotnet\shared\Microsoft.NETCore.App\7.0.9
TpTrace Verbose: 0 : 33492, 1, 2023/09/14, 16:47:24.237, 6477706472168, vstest.console.dll, ArtifactProcessingPostProcessModeProcessorExecutor.Initialize: ArtifactProcessingMode.Collect
TpTrace Verbose: 0 : 33492, 1, 2023/09/14, 16:47:24.237, 6477706473997, vstest.console.dll, TestSessionCorrelationIdProcessorModeProcessorExecutor.Initialize: TestSessionCorrelationId '35260_257cf670-f7e4-4aaf-9868-0108fe5e74a7'
TpTrace Information: 0 : 33492, 1, 2023/09/14, 16:47:24.254, 6477706645252, vstest.console.dll, FilePatternParser: The given file C:\Users\user\Desktop\week-4-task-KINGKASPEV\DeroyalBankCoreTesting\bin\Debug\net6.0\fine-code-coverage\build-output\DeroyalBankTesting.dll is a full path.
TpTrace Verbose: 0 : 33492, 1, 2023/09/14, 16:47:24.260, 6477706698978, vstest.console.dll, TestPluginCache.DiscoverTestExtensions: finding test extensions in assemblies ends with: RuntimeProvider.dll TPluginInfo: Microsoft.VisualStudio.TestPlatform.Common.ExtensionFramework.Utilities.TestRuntimePluginInformation TExtension: Microsoft.VisualStudio.TestPlatform.ObjectModel.Host.ITestRuntimeProvider
TpTrace Verbose: 0 : 33492, 1, 2023/09/14, 16:47:24.260, 6477706702764, vstest.console.dll, TestPluginCache.GetExtensionPaths: Filtered extension paths: 
TpTrace Verbose: 0 : 33492, 1, 2023/09/14, 16:47:24.260, 6477706703639, vstest.console.dll, TestPluginCache.GetExtensionPaths: Added default extension paths: C:\Program Files\dotnet\sdk\7.0.306\Extensions\Microsoft.Diagnostics.NETCore.Client.dll
C:\Program Files\dotnet\sdk\7.0.306\Extensions\Microsoft.TestPlatform.Extensions.BlameDataCollector.dll
C:\Program Files\dotnet\sdk\7.0.306\Extensions\Microsoft.TestPlatform.Extensions.EventLogCollector.dll
C:\Program Files\dotnet\sdk\7.0.306\Extensions\Microsoft.TestPlatform.TestHostRuntimeProvider.dll
C:\Program Files\dotnet\sdk\7.0.306\Extensions\Microsoft.VisualStudio.TestPlatform.Extensions.Html.TestLogger.dll
C:\Program Files\dotnet\sdk\7.0.306\Extensions\Microsoft.VisualStudio.TestPlatform.Extensions.Trx.TestLogger.dll
TpTrace Verbose: 0 : 33492, 1, 2023/09/14, 16:47:24.260, 6477706704013, vstest.console.dll, TestPluginCache.GetExtensionPaths: Added unfilterableExtensionPaths: 
TpTrace Information: 0 : 33492, 1, 2023/09/14, 16:47:24.261, 6477706710925, vstest.console.dll, AssemblyResolver.ctor: Creating AssemblyResolver with searchDirectories C:\Program Files\dotnet\sdk\7.0.306\Extensions,C:\Program Files\dotnet\sdk\7.0.306
TpTrace Verbose: 0 : 33492, 1, 2023/09/14, 16:47:24.262, 6477706721626, vstest.console.dll, TestPluginCache.DiscoverTestExtensions: Discovering the extensions using extension path.
TpTrace Verbose: 0 : 33492, 1, 2023/09/14, 16:47:24.262, 6477706722768, vstest.console.dll, TestPluginCache.GetExtensionPaths: Filtered extension paths: 
TpTrace Verbose: 0 : 33492, 1, 2023/09/14, 16:47:24.262, 6477706723224, vstest.console.dll, TestPluginCache.GetExtensionPaths: Added default extension paths: C:\Program Files\dotnet\sdk\7.0.306\Extensions\Microsoft.Diagnostics.NETCore.Client.dll
C:\Program Files\dotnet\sdk\7.0.306\Extensions\Microsoft.TestPlatform.Extensions.BlameDataCollector.dll
C:\Program Files\dotnet\sdk\7.0.306\Extensions\Microsoft.TestPlatform.Extensions.EventLogCollector.dll
C:\Program Files\dotnet\sdk\7.0.306\Extensions\Microsoft.TestPlatform.TestHostRuntimeProvider.dll
C:\Program Files\dotnet\sdk\7.0.306\Extensions\Microsoft.VisualStudio.TestPlatform.Extensions.Html.TestLogger.dll
C:\Program Files\dotnet\sdk\7.0.306\Extensions\Microsoft.VisualStudio.TestPlatform.Extensions.Trx.TestLogger.dll
TpTrace Verbose: 0 : 33492, 1, 2023/09/14, 16:47:24.262, 6477706723532, vstest.console.dll, TestPluginCache.GetExtensionPaths: Added unfilterableExtensionPaths: 
TpTrace Verbose: 0 : 33492, 1, 2023/09/14, 16:47:24.262, 6477706724441, vstest.console.dll, TestPluginCache.DiscoverTestExtensions: Discovering the extensions using allExtensionPaths: C:\Program Files\dotnet\sdk\7.0.306\Extensions\Microsoft.Diagnostics.NETCore.Client.dll
C:\Program Files\dotnet\sdk\7.0.306\Extensions\Microsoft.TestPlatform.Extensions.BlameDataCollector.dll
C:\Program Files\dotnet\sdk\7.0.306\Extensions\Microsoft.TestPlatform.Extensions.EventLogCollector.dll
C:\Program Files\dotnet\sdk\7.0.306\Extensions\Microsoft.TestPlatform.TestHostRuntimeProvider.dll
C:\Program Files\dotnet\sdk\7.0.306\Extensions\Microsoft.VisualStudio.TestPlatform.Extensions.Html.TestLogger.dll
C:\Program Files\dotnet\sdk\7.0.306\Extensions\Microsoft.VisualStudio.TestPlatform.Extensions.Trx.TestLogger.dll
TpTrace Information: 0 : 33492, 1, 2023/09/14, 16:47:24.262, 6477706726096, vstest.console.dll, AssemblyResolver.AddSearchDirectories: Adding more searchDirectories C:\Program Files\dotnet\sdk\7.0.306\Extensions,C:\Program Files\dotnet\sdk\7.0.306
TpTrace Information: 0 : 33492, 1, 2023/09/14, 16:47:24.263, 6477706727018, vstest.console.dll, AssemblyResolver.AddSearchDirectories: Adding more searchDirectories C:\Program Files\dotnet\sdk\7.0.306\Extensions,C:\Program Files\dotnet\sdk\7.0.306
TpTrace Information: 0 : 33492, 1, 2023/09/14, 16:47:24.263, 6477706727413, vstest.console.dll, AssemblyResolver.AddSearchDirectories: Adding more searchDirectories C:\Program Files\dotnet\sdk\7.0.306\Extensions,C:\Program Files\dotnet\sdk\7.0.306
TpTrace Information: 0 : 33492, 1, 2023/09/14, 16:47:24.263, 6477706727711, vstest.console.dll, AssemblyResolver.AddSearchDirectories: Adding more searchDirectories C:\Program Files\dotnet\sdk\7.0.306\Extensions,C:\Program Files\dotnet\sdk\7.0.306
TpTrace Information: 0 : 33492, 1, 2023/09/14, 16:47:24.263, 6477706728000, vstest.console.dll, AssemblyResolver.AddSearchDirectories: Adding more searchDirectories C:\Program Files\dotnet\sdk\7.0.306\Extensions,C:\Program Files\dotnet\sdk\7.0.306
TpTrace Information: 0 : 33492, 1, 2023/09/14, 16:47:24.263, 6477706728349, vstest.console.dll, AssemblyResolver.AddSearchDirectories: Adding more searchDirectories C:\Program Files\dotnet\sdk\7.0.306\Extensions,C:\Program Files\dotnet\sdk\7.0.306
TpTrace Information: 0 : 33492, 1, 2023/09/14, 16:47:24.263, 6477706732431, vstest.console.dll, AssemblyResolver.OnResolve: Microsoft.Diagnostics.NETCore.Client: Resolving assembly.
TpTrace Information: 0 : 33492, 1, 2023/09/14, 16:47:24.263, 6477706733221, vstest.console.dll, AssemblyResolver.OnResolve: Microsoft.Diagnostics.NETCore.Client: Searching in: 'C:\Program Files\dotnet\sdk\7.0.306\Extensions'.
TpTrace Information: 0 : 33492, 1, 2023/09/14, 16:47:24.270, 6477706804105, vstest.console.dll, AssemblyResolver.OnResolve: Microsoft.Diagnostics.NETCore.Client: Loading assembly 'C:\Program Files\dotnet\sdk\7.0.306\Extensions\Microsoft.Diagnostics.NETCore.Client.dll'.
TpTrace Information: 0 : 33492, 1, 2023/09/14, 16:47:24.271, 6477706810209, vstest.console.dll, AssemblyResolver.OnResolve: Resolved assembly: Microsoft.Diagnostics.NETCore.Client, from path: C:\Program Files\dotnet\sdk\7.0.306\Extensions\Microsoft.Diagnostics.NETCore.Client.dll
TpTrace Verbose: 0 : 33492, 1, 2023/09/14, 16:47:24.272, 6477706821950, vstest.console.dll, MetadataReaderExtensionsHelper: Discovering extensions inside assembly 'Microsoft.Diagnostics.NETCore.Client, Version=0.2.6.42401, Culture=neutral, PublicKeyToken=31bf3856ad364e35' file path 'C:\Program Files\dotnet\sdk\7.0.306\Extensions\Microsoft.Diagnostics.NETCore.Client.dll'
TpTrace Information: 0 : 33492, 1, 2023/09/14, 16:47:24.276, 6477706857765, vstest.console.dll, AssemblyResolver.OnResolve: Microsoft.Bcl.AsyncInterfaces: Resolving assembly.
TpTrace Information: 0 : 33492, 1, 2023/09/14, 16:47:24.276, 6477706858705, vstest.console.dll, AssemblyResolver.OnResolve: Microsoft.Bcl.AsyncInterfaces: Searching in: 'C:\Program Files\dotnet\sdk\7.0.306\Extensions'.
TpTrace Information: 0 : 33492, 1, 2023/09/14, 16:47:24.276, 6477706859421, vstest.console.dll, AssemblyResolver.OnResolve: Microsoft.Bcl.AsyncInterfaces: Assembly path does not exist: 'C:\Program Files\dotnet\sdk\7.0.306\Extensions\Microsoft.Bcl.AsyncInterfaces.dll', returning.
TpTrace Information: 0 : 33492, 1, 2023/09/14, 16:47:24.276, 6477706860340, vstest.console.dll, AssemblyResolver.OnResolve: Microsoft.Bcl.AsyncInterfaces: Assembly path does not exist: 'C:\Program Files\dotnet\sdk\7.0.306\Extensions\Microsoft.Bcl.AsyncInterfaces.exe', returning.
TpTrace Information: 0 : 33492, 1, 2023/09/14, 16:47:24.276, 6477706860669, vstest.console.dll, AssemblyResolver.OnResolve: Microsoft.Bcl.AsyncInterfaces: Searching in: 'C:\Program Files\dotnet\sdk\7.0.306'.
TpTrace Information: 0 : 33492, 1, 2023/09/14, 16:47:24.276, 6477706861188, vstest.console.dll, AssemblyResolver.OnResolve: Microsoft.Bcl.AsyncInterfaces: Assembly path does not exist: 'C:\Program Files\dotnet\sdk\7.0.306\Microsoft.Bcl.AsyncInterfaces.dll', returning.
TpTrace Information: 0 : 33492, 1, 2023/09/14, 16:47:24.276, 6477706861677, vstest.console.dll, AssemblyResolver.OnResolve: Microsoft.Bcl.AsyncInterfaces: Assembly path does not exist: 'C:\Program Files\dotnet\sdk\7.0.306\Microsoft.Bcl.AsyncInterfaces.exe', returning.
TpTrace Information: 0 : 33492, 1, 2023/09/14, 16:47:24.276, 6477706861995, vstest.console.dll, AssemblyResolver.OnResolve: Microsoft.Bcl.AsyncInterfaces: Failed to load assembly.
TpTrace Verbose: 0 : 33492, 1, 2023/09/14, 16:47:24.276, 6477706862323, vstest.console.dll, CurrentDomainAssemblyResolve: Resolving assembly 'Microsoft.Bcl.AsyncInterfaces'.
TpTrace Information: 0 : 33492, 1, 2023/09/14, 16:47:24.276, 6477706862949, vstest.console.dll, AssemblyResolver.OnResolve: Microsoft.Bcl.AsyncInterfaces: Resolving assembly.
TpTrace Information: 0 : 33492, 1, 2023/09/14, 16:47:24.276, 6477706863360, vstest.console.dll, AssemblyResolver.OnResolve: Microsoft.Bcl.AsyncInterfaces: Resolved from cache.
TpTrace Verbose: 0 : 33492, 1, 2023/09/14, 16:47:24.276, 6477706863615, vstest.console.dll, CurrentDomainAssemblyResolve: Resolving assembly 'Microsoft.Bcl.AsyncInterfaces'.
TpTrace Verbose: 0 : 33492, 1, 2023/09/14, 16:47:24.276, 6477706863921, vstest.console.dll, CurrentDomainAssemblyResolve: Failed to resolve assembly 'Microsoft.Bcl.AsyncInterfaces'.
TpTrace Verbose: 0 : 33492, 1, 2023/09/14, 16:47:24.277, 6477706870037, vstest.console.dll, CurrentDomainAssemblyResolve: Failed to resolve assembly 'Microsoft.Bcl.AsyncInterfaces'.
TpTrace Warning: 0 : 33492, 1, 2023/09/14, 16:47:24.283, 6477706935545, vstest.console.dll, TestPluginDiscoverer: Failed to get types from assembly 'Microsoft.Diagnostics.NETCore.Client, Version=0.2.6.42401, Culture=neutral, PublicKeyToken=31bf3856ad364e35'. Error: System.Reflection.ReflectionTypeLoadException: Unable to load one or more of the requested types.
Could not load file or assembly 'Microsoft.Bcl.AsyncInterfaces, Version=1.0.0.0, Culture=neutral, PublicKeyToken=cc7b13ffcd2ddd51'. The system cannot find the file specified.
   at System.Reflection.RuntimeModule.GetTypes(RuntimeModule module)
   at System.Reflection.Assembly.GetTypes()
   at Microsoft.VisualStudio.TestPlatform.Common.ExtensionFramework.TestPluginDiscoverer.GetTestExtensionsFromAssembly[TPluginInfo,TExtension](Assembly assembly, Dictionary`2 pluginInfos, String filePath)
System.IO.FileNotFoundException: Could not load file or assembly 'Microsoft.Bcl.AsyncInterfaces, Version=1.0.0.0, Culture=neutral, PublicKeyToken=cc7b13ffcd2ddd51'. The system cannot find the file specified.
File name: 'Microsoft.Bcl.AsyncInterfaces, Version=1.0.0.0, Culture=neutral, PublicKeyToken=cc7b13ffcd2ddd51'
 ---> System.IO.FileNotFoundException: Could not load file or assembly 'Microsoft.Bcl.AsyncInterfaces, Culture=neutral, PublicKeyToken=null'. The system cannot find the file specified.
File name: 'Microsoft.Bcl.AsyncInterfaces, Culture=neutral, PublicKeyToken=null'
   at System.Reflection.RuntimeAssembly.InternalLoad(AssemblyName assemblyName, StackCrawlMark& stackMark, AssemblyLoadContext assemblyLoadContext, RuntimeAssembly requestingAssembly, Boolean throwOnFileNotFound)
   at System.Reflection.Assembly.Load(AssemblyName assemblyRef)
   at Microsoft.VisualStudio.TestPlatform.Common.ExtensionFramework.TestPluginCache.CurrentDomainAssemblyResolve(Object sender, AssemblyResolveEventArgs args)
   at System.Runtime.Loader.AssemblyLoadContext.GetFirstResolvedAssemblyFromResolvingEvent(AssemblyName assemblyName)
   at System.Runtime.Loader.AssemblyLoadContext.ResolveUsingEvent(AssemblyName assemblyName)
   at System.Runtime.Loader.AssemblyLoadContext.ResolveUsingResolvingEvent(IntPtr gchManagedAssemblyLoadContext, AssemblyName assemblyName)
TpTrace Warning: 0 : 33492, 1, 2023/09/14, 16:47:24.284, 6477706940966, vstest.console.dll, LoaderExceptions: System.IO.FileNotFoundException: Could not load file or assembly 'Microsoft.Bcl.AsyncInterfaces, Version=1.0.0.0, Culture=neutral, PublicKeyToken=cc7b13ffcd2ddd51'. The system cannot find the file specified.
File name: 'Microsoft.Bcl.AsyncInterfaces, Version=1.0.0.0, Culture=neutral, PublicKeyToken=cc7b13ffcd2ddd51'
 ---> System.IO.FileNotFoundException: Could not load file or assembly 'Microsoft.Bcl.AsyncInterfaces, Culture=neutral, PublicKeyToken=null'. The system cannot find the file specified.
File name: 'Microsoft.Bcl.AsyncInterfaces, Culture=neutral, PublicKeyToken=null'
   at System.Reflection.RuntimeAssembly.InternalLoad(AssemblyName assemblyName, StackCrawlMark& stackMark, AssemblyLoadContext assemblyLoadContext, RuntimeAssembly requestingAssembly, Boolean throwOnFileNotFound)
   at System.Reflection.Assembly.Load(AssemblyName assemblyRef)
   at Microsoft.VisualStudio.TestPlatform.Common.ExtensionFramework.TestPluginCache.CurrentDomainAssemblyResolve(Object sender, AssemblyResolveEventArgs args)
   at System.Runtime.Loader.AssemblyLoadContext.GetFirstResolvedAssemblyFromResolvingEvent(AssemblyName assemblyName)
   at System.Runtime.Loader.AssemblyLoadContext.ResolveUsingEvent(AssemblyName assemblyName)
   at System.Runtime.Loader.AssemblyLoadContext.ResolveUsingResolvingEvent(IntPtr gchManagedAssemblyLoadContext, AssemblyName assemblyName)
TpTrace Information: 0 : 33492, 1, 2023/09/14, 16:47:24.284, 6477706943105, vstest.console.dll, AssemblyResolver.OnResolve: Microsoft.TestPlatform.Extensions.BlameDataCollector: Resolving assembly.
TpTrace Information: 0 : 33492, 1, 2023/09/14, 16:47:24.284, 6477706943520, vstest.console.dll, AssemblyResolver.OnResolve: Microsoft.TestPlatform.Extensions.BlameDataCollector: Searching in: 'C:\Program Files\dotnet\sdk\7.0.306\Extensions'.
TpTrace Information: 0 : 33492, 1, 2023/09/14, 16:47:24.284, 6477706946529, vstest.console.dll, AssemblyResolver.OnResolve: Microsoft.TestPlatform.Extensions.BlameDataCollector: Loading assembly 'C:\Program Files\dotnet\sdk\7.0.306\Extensions\Microsoft.TestPlatform.Extensions.BlameDataCollector.dll'.
TpTrace Information: 0 : 33492, 1, 2023/09/14, 16:47:24.285, 6477706950646, vstest.console.dll, AssemblyResolver.OnResolve: Resolved assembly: Microsoft.TestPlatform.Extensions.BlameDataCollector, from path: C:\Program Files\dotnet\sdk\7.0.306\Extensions\Microsoft.TestPlatform.Extensions.BlameDataCollector.dll
TpTrace Verbose: 0 : 33492, 1, 2023/09/14, 16:47:24.285, 6477706951319, vstest.console.dll, MetadataReaderExtensionsHelper: Discovering extensions inside assembly 'Microsoft.TestPlatform.Extensions.BlameDataCollector, Version=15.0.0.0, Culture=neutral, PublicKeyToken=b03f5f7f11d50a3a' file path 'C:\Program Files\dotnet\sdk\7.0.306\Extensions\Microsoft.TestPlatform.Extensions.BlameDataCollector.dll'
TpTrace Information: 0 : 33492, 1, 2023/09/14, 16:47:24.286, 6477706964344, vstest.console.dll, AssemblyResolver.OnResolve: Microsoft.TestPlatform.Extensions.EventLogCollector: Resolving assembly.
TpTrace Information: 0 : 33492, 1, 2023/09/14, 16:47:24.286, 6477706964965, vstest.console.dll, AssemblyResolver.OnResolve: Microsoft.TestPlatform.Extensions.EventLogCollector: Searching in: 'C:\Program Files\dotnet\sdk\7.0.306\Extensions'.
TpTrace Information: 0 : 33492, 1, 2023/09/14, 16:47:24.287, 6477706967494, vstest.console.dll, AssemblyResolver.OnResolve: Microsoft.TestPlatform.Extensions.EventLogCollector: Loading assembly 'C:\Program Files\dotnet\sdk\7.0.306\Extensions\Microsoft.TestPlatform.Extensions.EventLogCollector.dll'.
TpTrace Information: 0 : 33492, 1, 2023/09/14, 16:47:24.287, 6477706971475, vstest.console.dll, AssemblyResolver.OnResolve: Resolved assembly: Microsoft.TestPlatform.Extensions.EventLogCollector, from path: C:\Program Files\dotnet\sdk\7.0.306\Extensions\Microsoft.TestPlatform.Extensions.EventLogCollector.dll
TpTrace Verbose: 0 : 33492, 1, 2023/09/14, 16:47:24.287, 6477706972312, vstest.console.dll, MetadataReaderExtensionsHelper: Discovering extensions inside assembly 'Microsoft.TestPlatform.Extensions.EventLogCollector, Version=15.0.0.0, Culture=neutral, PublicKeyToken=b03f5f7f11d50a3a' file path 'C:\Program Files\dotnet\sdk\7.0.306\Extensions\Microsoft.TestPlatform.Extensions.EventLogCollector.dll'
TpTrace Information: 0 : 33492, 1, 2023/09/14, 16:47:24.289, 6477706989455, vstest.console.dll, AssemblyResolver.OnResolve: Microsoft.TestPlatform.TestHostRuntimeProvider: Resolving assembly.
TpTrace Information: 0 : 33492, 1, 2023/09/14, 16:47:24.289, 6477706990199, vstest.console.dll, AssemblyResolver.OnResolve: Microsoft.TestPlatform.TestHostRuntimeProvider: Searching in: 'C:\Program Files\dotnet\sdk\7.0.306\Extensions'.
TpTrace Information: 0 : 33492, 1, 2023/09/14, 16:47:24.289, 6477706992261, vstest.console.dll, AssemblyResolver.OnResolve: Microsoft.TestPlatform.TestHostRuntimeProvider: Loading assembly 'C:\Program Files\dotnet\sdk\7.0.306\Extensions\Microsoft.TestPlatform.TestHostRuntimeProvider.dll'.
TpTrace Information: 0 : 33492, 1, 2023/09/14, 16:47:24.289, 6477706995551, vstest.console.dll, AssemblyResolver.OnResolve: Resolved assembly: Microsoft.TestPlatform.TestHostRuntimeProvider, from path: C:\Program Files\dotnet\sdk\7.0.306\Extensions\Microsoft.TestPlatform.TestHostRuntimeProvider.dll
TpTrace Verbose: 0 : 33492, 1, 2023/09/14, 16:47:24.289, 6477706996107, vstest.console.dll, MetadataReaderExtensionsHelper: Discovering extensions inside assembly 'Microsoft.TestPlatform.TestHostRuntimeProvider, Version=15.0.0.0, Culture=neutral, PublicKeyToken=b03f5f7f11d50a3a' file path 'C:\Program Files\dotnet\sdk\7.0.306\Extensions\Microsoft.TestPlatform.TestHostRuntimeProvider.dll'
TpTrace Information: 0 : 33492, 1, 2023/09/14, 16:47:24.291, 6477707011110, vstest.console.dll, GetTestExtensionFromType: Register extension with identifier data 'HostProvider://DefaultTestHost' and type 'Microsoft.VisualStudio.TestPlatform.CrossPlatEngine.Hosting.DefaultTestHostManager, Microsoft.TestPlatform.TestHostRuntimeProvider, Version=15.0.0.0, Culture=neutral, PublicKeyToken=b03f5f7f11d50a3a' inside file 'C:\Program Files\dotnet\sdk\7.0.306\Extensions\Microsoft.TestPlatform.TestHostRuntimeProvider.dll'
TpTrace Information: 0 : 33492, 1, 2023/09/14, 16:47:24.291, 6477707013260, vstest.console.dll, GetTestExtensionFromType: Register extension with identifier data 'HostProvider://DotnetTestHost' and type 'Microsoft.VisualStudio.TestPlatform.CrossPlatEngine.Hosting.DotnetTestHostManager, Microsoft.TestPlatform.TestHostRuntimeProvider, Version=15.0.0.0, Culture=neutral, PublicKeyToken=b03f5f7f11d50a3a' inside file 'C:\Program Files\dotnet\sdk\7.0.306\Extensions\Microsoft.TestPlatform.TestHostRuntimeProvider.dll'
TpTrace Information: 0 : 33492, 1, 2023/09/14, 16:47:24.291, 6477707013950, vstest.console.dll, AssemblyResolver.OnResolve: Microsoft.VisualStudio.TestPlatform.Extensions.Html.TestLogger: Resolving assembly.
TpTrace Information: 0 : 33492, 1, 2023/09/14, 16:47:24.291, 6477707014277, vstest.console.dll, AssemblyResolver.OnResolve: Microsoft.VisualStudio.TestPlatform.Extensions.Html.TestLogger: Searching in: 'C:\Program Files\dotnet\sdk\7.0.306\Extensions'.
TpTrace Information: 0 : 33492, 1, 2023/09/14, 16:47:24.291, 6477707016408, vstest.console.dll, AssemblyResolver.OnResolve: Microsoft.VisualStudio.TestPlatform.Extensions.Html.TestLogger: Loading assembly 'C:\Program Files\dotnet\sdk\7.0.306\Extensions\Microsoft.VisualStudio.TestPlatform.Extensions.Html.TestLogger.dll'.
TpTrace Information: 0 : 33492, 1, 2023/09/14, 16:47:24.292, 6477707020287, vstest.console.dll, AssemblyResolver.OnResolve: Resolved assembly: Microsoft.VisualStudio.TestPlatform.Extensions.Html.TestLogger, from path: C:\Program Files\dotnet\sdk\7.0.306\Extensions\Microsoft.VisualStudio.TestPlatform.Extensions.Html.TestLogger.dll
TpTrace Verbose: 0 : 33492, 1, 2023/09/14, 16:47:24.292, 6477707020880, vstest.console.dll, MetadataReaderExtensionsHelper: Discovering extensions inside assembly 'Microsoft.VisualStudio.TestPlatform.Extensions.Html.TestLogger, Version=15.0.0.0, Culture=neutral, PublicKeyToken=b03f5f7f11d50a3a' file path 'C:\Program Files\dotnet\sdk\7.0.306\Extensions\Microsoft.VisualStudio.TestPlatform.Extensions.Html.TestLogger.dll'
TpTrace Information: 0 : 33492, 1, 2023/09/14, 16:47:24.293, 6477707026931, vstest.console.dll, AssemblyResolver.OnResolve: Microsoft.VisualStudio.TestPlatform.Extensions.Trx.TestLogger: Resolving assembly.
TpTrace Information: 0 : 33492, 1, 2023/09/14, 16:47:24.293, 6477707027423, vstest.console.dll, AssemblyResolver.OnResolve: Microsoft.VisualStudio.TestPlatform.Extensions.Trx.TestLogger: Searching in: 'C:\Program Files\dotnet\sdk\7.0.306\Extensions'.
TpTrace Information: 0 : 33492, 1, 2023/09/14, 16:47:24.293, 6477707029370, vstest.console.dll, AssemblyResolver.OnResolve: Microsoft.VisualStudio.TestPlatform.Extensions.Trx.TestLogger: Loading assembly 'C:\Program Files\dotnet\sdk\7.0.306\Extensions\Microsoft.VisualStudio.TestPlatform.Extensions.Trx.TestLogger.dll'.
TpTrace Information: 0 : 33492, 1, 2023/09/14, 16:47:24.293, 6477707033183, vstest.console.dll, AssemblyResolver.OnResolve: Resolved assembly: Microsoft.VisualStudio.TestPlatform.Extensions.Trx.TestLogger, from path: C:\Program Files\dotnet\sdk\7.0.306\Extensions\Microsoft.VisualStudio.TestPlatform.Extensions.Trx.TestLogger.dll
TpTrace Verbose: 0 : 33492, 1, 2023/09/14, 16:47:24.293, 6477707033754, vstest.console.dll, MetadataReaderExtensionsHelper: Discovering extensions inside assembly 'Microsoft.VisualStudio.TestPlatform.Extensions.Trx.TestLogger, Version=15.0.0.0, Culture=neutral, PublicKeyToken=b03f5f7f11d50a3a' file path 'C:\Program Files\dotnet\sdk\7.0.306\Extensions\Microsoft.VisualStudio.TestPlatform.Extensions.Trx.TestLogger.dll'
TpTrace Verbose: 0 : 33492, 1, 2023/09/14, 16:47:24.294, 6477707043939, vstest.console.dll, TestPluginCache: Discovered the extensions using extension path ''.
TpTrace Verbose: 0 : 33492, 1, 2023/09/14, 16:47:24.294, 6477707044567, vstest.console.dll, TestPluginCache: Discoverers are ''.
TpTrace Verbose: 0 : 33492, 1, 2023/09/14, 16:47:24.294, 6477707044832, vstest.console.dll, TestPluginCache: Executors are ''.
TpTrace Verbose: 0 : 33492, 1, 2023/09/14, 16:47:24.294, 6477707045047, vstest.console.dll, TestPluginCache: Executors2 are ''.
TpTrace Verbose: 0 : 33492, 1, 2023/09/14, 16:47:24.294, 6477707045252, vstest.console.dll, TestPluginCache: Setting providers are ''.
TpTrace Verbose: 0 : 33492, 1, 2023/09/14, 16:47:24.294, 6477707045458, vstest.console.dll, TestPluginCache: Loggers are ''.
TpTrace Verbose: 0 : 33492, 1, 2023/09/14, 16:47:24.294, 6477707046561, vstest.console.dll, TestPluginCache: TestHosts are 'HostProvider://DefaultTestHost,HostProvider://DotnetTestHost'.
TpTrace Verbose: 0 : 33492, 1, 2023/09/14, 16:47:24.295, 6477707047031, vstest.console.dll, TestPluginCache: DataCollectors are ''.
TpTrace Information: 0 : 33492, 1, 2023/09/14, 16:47:24.304, 6477707141908, vstest.console.dll, RunTestsArgumentProcessor:Execute: Test run is starting.
TpTrace Verbose: 0 : 33492, 1, 2023/09/14, 16:47:24.304, 6477707143104, vstest.console.dll, RunTestsArgumentProcessor:Execute: Queuing Test run.
TpTrace Information: 0 : 33492, 1, 2023/09/14, 16:47:24.304, 6477707145967, vstest.console.dll, TestRequestManager.RunTests: run tests started.
TpTrace Information: 0 : 33492, 1, 2023/09/14, 16:47:24.306, 6477707158328, vstest.console.dll, AssemblyMetadataProvider.GetFrameworkName: Determined framework:'.NETCoreApp,Version=v6.0' for source: 'C:\Users\user\Desktop\week-4-task-KINGKASPEV\DeroyalBankCoreTesting\bin\Debug\net6.0\fine-code-coverage\build-output\DeroyalBankTesting.dll'
TpTrace Information: 0 : 33492, 1, 2023/09/14, 16:47:24.306, 6477707160338, vstest.console.dll, Determined framework for all sources: .NETCoreApp,Version=v6.0
TpTrace Verbose: 0 : 33492, 1, 2023/09/14, 16:47:24.306, 6477707164251, vstest.console.dll, TestRequestManager.UpdateRunSettingsIfRequired: Default architecture: X64 IsDefaultTargetArchitecture: True, Current process architecture: X64 OperatingSystem: Windows.
TpTrace Information: 0 : 33492, 1, 2023/09/14, 16:47:24.308, 6477707182610, vstest.console.dll, AssemblyMetadataProvider.GetArchitecture: Determined architecture:AnyCPU info for assembly: C:\Users\user\Desktop\week-4-task-KINGKASPEV\DeroyalBankCoreTesting\bin\Debug\net6.0\fine-code-coverage\build-output\DeroyalBankTesting.dll
TpTrace Information: 0 : 33492, 1, 2023/09/14, 16:47:24.308, 6477707183371, vstest.console.dll, Determined platform for source 'C:\Users\user\Desktop\week-4-task-KINGKASPEV\DeroyalBankCoreTesting\bin\Debug\net6.0\fine-code-coverage\build-output\DeroyalBankTesting.dll' was AnyCPU and it will use the default plaform X64.
TpTrace Information: 0 : 33492, 1, 2023/09/14, 16:47:24.308, 6477707183952, vstest.console.dll, None of the sources provided any runnable platform, using the default platform: X64
TpTrace Information: 0 : 33492, 1, 2023/09/14, 16:47:24.308, 6477707184889, vstest.console.dll, Platform was updated to 'X64'.
TpTrace Information: 0 : 33492, 1, 2023/09/14, 16:47:24.312, 6477707221143, vstest.console.dll, InferRunSettingsHelper.IsTestSettingsEnabled: Unable to navigate to RunSettings/MSTest. Current node: RunSettings
TpTrace Information: 0 : 33492, 1, 2023/09/14, 16:47:24.313, 6477707229477, vstest.console.dll, AssemblyResolver.OnResolve: Microsoft.VisualStudio.TestPlatform.Fakes: Resolving assembly.
TpTrace Information: 0 : 33492, 1, 2023/09/14, 16:47:24.313, 6477707230336, vstest.console.dll, AssemblyResolver.OnResolve: Microsoft.VisualStudio.TestPlatform.Fakes: Searching in: 'C:\Program Files\dotnet\sdk\7.0.306\Extensions'.
TpTrace Information: 0 : 33492, 1, 2023/09/14, 16:47:24.313, 6477707231186, vstest.console.dll, AssemblyResolver.OnResolve: Microsoft.VisualStudio.TestPlatform.Fakes: Assembly path does not exist: 'C:\Program Files\dotnet\sdk\7.0.306\Extensions\Microsoft.VisualStudio.TestPlatform.Fakes.dll', returning.
TpTrace Information: 0 : 33492, 1, 2023/09/14, 16:47:24.313, 6477707231727, vstest.console.dll, AssemblyResolver.OnResolve: Microsoft.VisualStudio.TestPlatform.Fakes: Assembly path does not exist: 'C:\Program Files\dotnet\sdk\7.0.306\Extensions\Microsoft.VisualStudio.TestPlatform.Fakes.exe', returning.
TpTrace Information: 0 : 33492, 1, 2023/09/14, 16:47:24.313, 6477707232079, vstest.console.dll, AssemblyResolver.OnResolve: Microsoft.VisualStudio.TestPlatform.Fakes: Searching in: 'C:\Program Files\dotnet\sdk\7.0.306'.
TpTrace Information: 0 : 33492, 1, 2023/09/14, 16:47:24.313, 6477707232574, vstest.console.dll, AssemblyResolver.OnResolve: Microsoft.VisualStudio.TestPlatform.Fakes: Assembly path does not exist: 'C:\Program Files\dotnet\sdk\7.0.306\Microsoft.VisualStudio.TestPlatform.Fakes.dll', returning.
TpTrace Information: 0 : 33492, 1, 2023/09/14, 16:47:24.313, 6477707233065, vstest.console.dll, AssemblyResolver.OnResolve: Microsoft.VisualStudio.TestPlatform.Fakes: Assembly path does not exist: 'C:\Program Files\dotnet\sdk\7.0.306\Microsoft.VisualStudio.TestPlatform.Fakes.exe', returning.
TpTrace Information: 0 : 33492, 1, 2023/09/14, 16:47:24.313, 6477707233354, vstest.console.dll, AssemblyResolver.OnResolve: Microsoft.VisualStudio.TestPlatform.Fakes: Failed to load assembly.
TpTrace Information: 0 : 33492, 1, 2023/09/14, 16:47:24.313, 6477707235807, vstest.console.dll, Failed to load assembly Microsoft.VisualStudio.TestPlatform.Fakes, Version=17.0.0.0, Culture=neutral. Reason:System.IO.FileNotFoundException: Could not load file or assembly 'Microsoft.VisualStudio.TestPlatform.Fakes, Version=17.0.0.0, Culture=neutral, PublicKeyToken=null'. The system cannot find the file specified.
File name: 'Microsoft.VisualStudio.TestPlatform.Fakes, Version=17.0.0.0, Culture=neutral, PublicKeyToken=null'
   at System.Reflection.RuntimeAssembly.InternalLoad(AssemblyName assemblyName, StackCrawlMark& stackMark, AssemblyLoadContext assemblyLoadContext, RuntimeAssembly requestingAssembly, Boolean throwOnFileNotFound)
   at System.Reflection.Assembly.Load(AssemblyName assemblyRef)
   at Microsoft.VisualStudio.TestPlatform.Common.Utilities.FakesUtilities.LoadTestPlatformAssembly()
TpTrace Verbose: 0 : 33492, 1, 2023/09/14, 16:47:24.317, 6477707268757, vstest.console.dll, TestPluginCache.DiscoverTestExtensions: finding test extensions in assemblies ends with: TestLogger.dll TPluginInfo: Microsoft.VisualStudio.TestPlatform.Common.ExtensionFramework.Utilities.TestLoggerPluginInformation TExtension: Microsoft.VisualStudio.TestPlatform.ObjectModel.Client.ITestLogger
TpTrace Verbose: 0 : 33492, 1, 2023/09/14, 16:47:24.317, 6477707269749, vstest.console.dll, TestPluginCache.GetExtensionPaths: Filtered extension paths: 
TpTrace Verbose: 0 : 33492, 1, 2023/09/14, 16:47:24.317, 6477707270185, vstest.console.dll, TestPluginCache.GetExtensionPaths: Added default extension paths: C:\Program Files\dotnet\sdk\7.0.306\Extensions\Microsoft.Diagnostics.NETCore.Client.dll
C:\Program Files\dotnet\sdk\7.0.306\Extensions\Microsoft.TestPlatform.Extensions.BlameDataCollector.dll
C:\Program Files\dotnet\sdk\7.0.306\Extensions\Microsoft.TestPlatform.Extensions.EventLogCollector.dll
C:\Program Files\dotnet\sdk\7.0.306\Extensions\Microsoft.TestPlatform.TestHostRuntimeProvider.dll
C:\Program Files\dotnet\sdk\7.0.306\Extensions\Microsoft.VisualStudio.TestPlatform.Extensions.Html.TestLogger.dll
C:\Program Files\dotnet\sdk\7.0.306\Extensions\Microsoft.VisualStudio.TestPlatform.Extensions.Trx.TestLogger.dll
TpTrace Verbose: 0 : 33492, 1, 2023/09/14, 16:47:24.317, 6477707270538, vstest.console.dll, TestPluginCache.GetExtensionPaths: Added unfilterableExtensionPaths: 
TpTrace Information: 0 : 33492, 1, 2023/09/14, 16:47:24.317, 6477707271695, vstest.console.dll, AssemblyResolver.AddSearchDirectories: Adding more searchDirectories C:\Program Files\dotnet\sdk\7.0.306\Extensions,C:\Program Files\dotnet\sdk\7.0.306
TpTrace Verbose: 0 : 33492, 1, 2023/09/14, 16:47:24.317, 6477707272105, vstest.console.dll, TestPluginCache.DiscoverTestExtensions: Discovering the extensions using extension path.
TpTrace Verbose: 0 : 33492, 1, 2023/09/14, 16:47:24.317, 6477707272405, vstest.console.dll, TestPluginCache.GetExtensionPaths: Filtered extension paths: 
TpTrace Verbose: 0 : 33492, 1, 2023/09/14, 16:47:24.317, 6477707272705, vstest.console.dll, TestPluginCache.GetExtensionPaths: Added default extension paths: C:\Program Files\dotnet\sdk\7.0.306\Extensions\Microsoft.Diagnostics.NETCore.Client.dll
C:\Program Files\dotnet\sdk\7.0.306\Extensions\Microsoft.TestPlatform.Extensions.BlameDataCollector.dll
C:\Program Files\dotnet\sdk\7.0.306\Extensions\Microsoft.TestPlatform.Extensions.EventLogCollector.dll
C:\Program Files\dotnet\sdk\7.0.306\Extensions\Microsoft.TestPlatform.TestHostRuntimeProvider.dll
C:\Program Files\dotnet\sdk\7.0.306\Extensions\Microsoft.VisualStudio.TestPlatform.Extensions.Html.TestLogger.dll
C:\Program Files\dotnet\sdk\7.0.306\Extensions\Microsoft.VisualStudio.TestPlatform.Extensions.Trx.TestLogger.dll
TpTrace Verbose: 0 : 33492, 1, 2023/09/14, 16:47:24.317, 6477707272953, vstest.console.dll, TestPluginCache.GetExtensionPaths: Added unfilterableExtensionPaths: 
TpTrace Verbose: 0 : 33492, 1, 2023/09/14, 16:47:24.317, 6477707273276, vstest.console.dll, TestPluginCache.DiscoverTestExtensions: Discovering the extensions using allExtensionPaths: C:\Program Files\dotnet\sdk\7.0.306\Extensions\Microsoft.Diagnostics.NETCore.Client.dll
C:\Program Files\dotnet\sdk\7.0.306\Extensions\Microsoft.TestPlatform.Extensions.BlameDataCollector.dll
C:\Program Files\dotnet\sdk\7.0.306\Extensions\Microsoft.TestPlatform.Extensions.EventLogCollector.dll
C:\Program Files\dotnet\sdk\7.0.306\Extensions\Microsoft.TestPlatform.TestHostRuntimeProvider.dll
C:\Program Files\dotnet\sdk\7.0.306\Extensions\Microsoft.VisualStudio.TestPlatform.Extensions.Html.TestLogger.dll
C:\Program Files\dotnet\sdk\7.0.306\Extensions\Microsoft.VisualStudio.TestPlatform.Extensions.Trx.TestLogger.dll
TpTrace Information: 0 : 33492, 1, 2023/09/14, 16:47:24.317, 6477707273678, vstest.console.dll, AssemblyResolver.AddSearchDirectories: Adding more searchDirectories C:\Program Files\dotnet\sdk\7.0.306\Extensions,C:\Program Files\dotnet\sdk\7.0.306
TpTrace Information: 0 : 33492, 1, 2023/09/14, 16:47:24.317, 6477707274048, vstest.console.dll, AssemblyResolver.AddSearchDirectories: Adding more searchDirectories C:\Program Files\dotnet\sdk\7.0.306\Extensions,C:\Program Files\dotnet\sdk\7.0.306
TpTrace Information: 0 : 33492, 1, 2023/09/14, 16:47:24.317, 6477707274323, vstest.console.dll, AssemblyResolver.AddSearchDirectories: Adding more searchDirectories C:\Program Files\dotnet\sdk\7.0.306\Extensions,C:\Program Files\dotnet\sdk\7.0.306
TpTrace Information: 0 : 33492, 1, 2023/09/14, 16:47:24.317, 6477707274586, vstest.console.dll, AssemblyResolver.AddSearchDirectories: Adding more searchDirectories C:\Program Files\dotnet\sdk\7.0.306\Extensions,C:\Program Files\dotnet\sdk\7.0.306
TpTrace Information: 0 : 33492, 1, 2023/09/14, 16:47:24.317, 6477707274892, vstest.console.dll, AssemblyResolver.AddSearchDirectories: Adding more searchDirectories C:\Program Files\dotnet\sdk\7.0.306\Extensions,C:\Program Files\dotnet\sdk\7.0.306
TpTrace Information: 0 : 33492, 1, 2023/09/14, 16:47:24.317, 6477707275165, vstest.console.dll, AssemblyResolver.AddSearchDirectories: Adding more searchDirectories C:\Program Files\dotnet\sdk\7.0.306\Extensions,C:\Program Files\dotnet\sdk\7.0.306
TpTrace Verbose: 0 : 33492, 1, 2023/09/14, 16:47:24.317, 6477707276208, vstest.console.dll, MetadataReaderExtensionsHelper: Discovering extensions inside assembly 'Microsoft.Diagnostics.NETCore.Client, Version=0.2.6.42401, Culture=neutral, PublicKeyToken=31bf3856ad364e35' file path 'C:\Program Files\dotnet\sdk\7.0.306\Extensions\Microsoft.Diagnostics.NETCore.Client.dll'
TpTrace Information: 0 : 33492, 1, 2023/09/14, 16:47:24.318, 6477707282167, vstest.console.dll, AssemblyResolver.OnResolve: Microsoft.Bcl.AsyncInterfaces: Resolving assembly.
TpTrace Information: 0 : 33492, 1, 2023/09/14, 16:47:24.318, 6477707282642, vstest.console.dll, AssemblyResolver.OnResolve: Microsoft.Bcl.AsyncInterfaces: Resolved from cache.
TpTrace Verbose: 0 : 33492, 1, 2023/09/14, 16:47:24.318, 6477707282917, vstest.console.dll, CurrentDomainAssemblyResolve: Resolving assembly 'Microsoft.Bcl.AsyncInterfaces'.
TpTrace Information: 0 : 33492, 1, 2023/09/14, 16:47:24.318, 6477707283305, vstest.console.dll, AssemblyResolver.OnResolve: Microsoft.Bcl.AsyncInterfaces: Resolving assembly.
TpTrace Information: 0 : 33492, 1, 2023/09/14, 16:47:24.318, 6477707283567, vstest.console.dll, AssemblyResolver.OnResolve: Microsoft.Bcl.AsyncInterfaces: Resolved from cache.
TpTrace Verbose: 0 : 33492, 1, 2023/09/14, 16:47:24.318, 6477707283855, vstest.console.dll, CurrentDomainAssemblyResolve: Resolving assembly 'Microsoft.Bcl.AsyncInterfaces'.
TpTrace Verbose: 0 : 33492, 1, 2023/09/14, 16:47:24.318, 6477707284099, vstest.console.dll, CurrentDomainAssemblyResolve: Failed to resolve assembly 'Microsoft.Bcl.AsyncInterfaces'.
TpTrace Verbose: 0 : 33492, 1, 2023/09/14, 16:47:24.318, 6477707285516, vstest.console.dll, CurrentDomainAssemblyResolve: Failed to resolve assembly 'Microsoft.Bcl.AsyncInterfaces'.
TpTrace Warning: 0 : 33492, 1, 2023/09/14, 16:47:24.319, 6477707288717, vstest.console.dll, TestPluginDiscoverer: Failed to get types from assembly 'Microsoft.Diagnostics.NETCore.Client, Version=0.2.6.42401, Culture=neutral, PublicKeyToken=31bf3856ad364e35'. Error: System.Reflection.ReflectionTypeLoadException: Unable to load one or more of the requested types.
Could not load file or assembly 'Microsoft.Bcl.AsyncInterfaces, Version=1.0.0.0, Culture=neutral, PublicKeyToken=cc7b13ffcd2ddd51'. The system cannot find the file specified.
   at System.Reflection.RuntimeModule.GetTypes(RuntimeModule module)
   at System.Reflection.Assembly.GetTypes()
   at Microsoft.VisualStudio.TestPlatform.Common.ExtensionFramework.TestPluginDiscoverer.GetTestExtensionsFromAssembly[TPluginInfo,TExtension](Assembly assembly, Dictionary`2 pluginInfos, String filePath)
System.IO.FileNotFoundException: Could not load file or assembly 'Microsoft.Bcl.AsyncInterfaces, Version=1.0.0.0, Culture=neutral, PublicKeyToken=cc7b13ffcd2ddd51'. The system cannot find the file specified.
File name: 'Microsoft.Bcl.AsyncInterfaces, Version=1.0.0.0, Culture=neutral, PublicKeyToken=cc7b13ffcd2ddd51'
 ---> System.IO.FileNotFoundException: Could not load file or assembly 'Microsoft.Bcl.AsyncInterfaces, Culture=neutral, PublicKeyToken=null'. The system cannot find the file specified.
File name: 'Microsoft.Bcl.AsyncInterfaces, Culture=neutral, PublicKeyToken=null'
   at System.Reflection.RuntimeAssembly.InternalLoad(AssemblyName assemblyName, StackCrawlMark& stackMark, AssemblyLoadContext assemblyLoadContext, RuntimeAssembly requestingAssembly, Boolean throwOnFileNotFound)
   at System.Reflection.Assembly.Load(AssemblyName assemblyRef)
   at Microsoft.VisualStudio.TestPlatform.Common.ExtensionFramework.TestPluginCache.CurrentDomainAssemblyResolve(Object sender, AssemblyResolveEventArgs args)
   at System.Runtime.Loader.AssemblyLoadContext.GetFirstResolvedAssemblyFromResolvingEvent(AssemblyName assemblyName)
   at System.Runtime.Loader.AssemblyLoadContext.ResolveUsingEvent(AssemblyName assemblyName)
   at System.Runtime.Loader.AssemblyLoadContext.ResolveUsingResolvingEvent(IntPtr gchManagedAssemblyLoadContext, AssemblyName assemblyName)
TpTrace Warning: 0 : 33492, 1, 2023/09/14, 16:47:24.319, 6477707290210, vstest.console.dll, LoaderExceptions: System.IO.FileNotFoundException: Could not load file or assembly 'Microsoft.Bcl.AsyncInterfaces, Version=1.0.0.0, Culture=neutral, PublicKeyToken=cc7b13ffcd2ddd51'. The system cannot find the file specified.
File name: 'Microsoft.Bcl.AsyncInterfaces, Version=1.0.0.0, Culture=neutral, PublicKeyToken=cc7b13ffcd2ddd51'
 ---> System.IO.FileNotFoundException: Could not load file or assembly 'Microsoft.Bcl.AsyncInterfaces, Culture=neutral, PublicKeyToken=null'. The system cannot find the file specified.
File name: 'Microsoft.Bcl.AsyncInterfaces, Culture=neutral, PublicKeyToken=null'
   at System.Reflection.RuntimeAssembly.InternalLoad(AssemblyName assemblyName, StackCrawlMark& stackMark, AssemblyLoadContext assemblyLoadContext, RuntimeAssembly requestingAssembly, Boolean throwOnFileNotFound)
   at System.Reflection.Assembly.Load(AssemblyName assemblyRef)
   at Microsoft.VisualStudio.TestPlatform.Common.ExtensionFramework.TestPluginCache.CurrentDomainAssemblyResolve(Object sender, AssemblyResolveEventArgs args)
   at System.Runtime.Loader.AssemblyLoadContext.GetFirstResolvedAssemblyFromResolvingEvent(AssemblyName assemblyName)
   at System.Runtime.Loader.AssemblyLoadContext.ResolveUsingEvent(AssemblyName assemblyName)
   at System.Runtime.Loader.AssemblyLoadContext.ResolveUsingResolvingEvent(IntPtr gchManagedAssemblyLoadContext, AssemblyName assemblyName)
TpTrace Verbose: 0 : 33492, 1, 2023/09/14, 16:47:24.319, 6477707290951, vstest.console.dll, MetadataReaderExtensionsHelper: Discovering extensions inside assembly 'Microsoft.TestPlatform.Extensions.BlameDataCollector, Version=15.0.0.0, Culture=neutral, PublicKeyToken=b03f5f7f11d50a3a' file path 'C:\Program Files\dotnet\sdk\7.0.306\Extensions\Microsoft.TestPlatform.Extensions.BlameDataCollector.dll'
TpTrace Information: 0 : 33492, 1, 2023/09/14, 16:47:24.319, 6477707294460, vstest.console.dll, GetTestExtensionFromType: Register extension with identifier data 'logger://Microsoft/TestPlatform/Extensions/Blame/v1' and type 'Microsoft.TestPlatform.Extensions.BlameDataCollector.BlameLogger, Microsoft.TestPlatform.Extensions.BlameDataCollector, Version=15.0.0.0, Culture=neutral, PublicKeyToken=b03f5f7f11d50a3a' inside file 'C:\Program Files\dotnet\sdk\7.0.306\Extensions\Microsoft.TestPlatform.Extensions.BlameDataCollector.dll'
TpTrace Verbose: 0 : 33492, 1, 2023/09/14, 16:47:24.319, 6477707295112, vstest.console.dll, MetadataReaderExtensionsHelper: Discovering extensions inside assembly 'Microsoft.TestPlatform.Extensions.EventLogCollector, Version=15.0.0.0, Culture=neutral, PublicKeyToken=b03f5f7f11d50a3a' file path 'C:\Program Files\dotnet\sdk\7.0.306\Extensions\Microsoft.TestPlatform.Extensions.EventLogCollector.dll'
TpTrace Verbose: 0 : 33492, 1, 2023/09/14, 16:47:24.320, 6477707297467, vstest.console.dll, MetadataReaderExtensionsHelper: Discovering extensions inside assembly 'Microsoft.TestPlatform.TestHostRuntimeProvider, Version=15.0.0.0, Culture=neutral, PublicKeyToken=b03f5f7f11d50a3a' file path 'C:\Program Files\dotnet\sdk\7.0.306\Extensions\Microsoft.TestPlatform.TestHostRuntimeProvider.dll'
TpTrace Verbose: 0 : 33492, 1, 2023/09/14, 16:47:24.320, 6477707300084, vstest.console.dll, MetadataReaderExtensionsHelper: Discovering extensions inside assembly 'Microsoft.VisualStudio.TestPlatform.Extensions.Html.TestLogger, Version=15.0.0.0, Culture=neutral, PublicKeyToken=b03f5f7f11d50a3a' file path 'C:\Program Files\dotnet\sdk\7.0.306\Extensions\Microsoft.VisualStudio.TestPlatform.Extensions.Html.TestLogger.dll'
TpTrace Information: 0 : 33492, 1, 2023/09/14, 16:47:24.320, 6477707304903, vstest.console.dll, GetTestExtensionFromType: Register extension with identifier data 'logger://Microsoft/TestPlatform/HtmlLogger/v1' and type 'Microsoft.VisualStudio.TestPlatform.Extensions.HtmlLogger.HtmlLogger, Microsoft.VisualStudio.TestPlatform.Extensions.Html.TestLogger, Version=15.0.0.0, Culture=neutral, PublicKeyToken=b03f5f7f11d50a3a' inside file 'C:\Program Files\dotnet\sdk\7.0.306\Extensions\Microsoft.VisualStudio.TestPlatform.Extensions.Html.TestLogger.dll'
TpTrace Verbose: 0 : 33492, 1, 2023/09/14, 16:47:24.320, 6477707305992, vstest.console.dll, MetadataReaderExtensionsHelper: Discovering extensions inside assembly 'Microsoft.VisualStudio.TestPlatform.Extensions.Trx.TestLogger, Version=15.0.0.0, Culture=neutral, PublicKeyToken=b03f5f7f11d50a3a' file path 'C:\Program Files\dotnet\sdk\7.0.306\Extensions\Microsoft.VisualStudio.TestPlatform.Extensions.Trx.TestLogger.dll'
TpTrace Information: 0 : 33492, 1, 2023/09/14, 16:47:24.321, 6477707310167, vstest.console.dll, GetTestExtensionFromType: Register extension with identifier data 'logger://Microsoft/TestPlatform/TrxLogger/v1' and type 'Microsoft.VisualStudio.TestPlatform.Extensions.TrxLogger.TrxLogger, Microsoft.VisualStudio.TestPlatform.Extensions.Trx.TestLogger, Version=15.0.0.0, Culture=neutral, PublicKeyToken=b03f5f7f11d50a3a' inside file 'C:\Program Files\dotnet\sdk\7.0.306\Extensions\Microsoft.VisualStudio.TestPlatform.Extensions.Trx.TestLogger.dll'
TpTrace Verbose: 0 : 33492, 1, 2023/09/14, 16:47:24.321, 6477707311138, vstest.console.dll, TestPluginCache: Discovered the extensions using extension path ''.
TpTrace Verbose: 0 : 33492, 1, 2023/09/14, 16:47:24.321, 6477707311505, vstest.console.dll, TestPluginCache: Discoverers are ''.
TpTrace Verbose: 0 : 33492, 1, 2023/09/14, 16:47:24.321, 6477707311907, vstest.console.dll, TestPluginCache: Executors are ''.
TpTrace Verbose: 0 : 33492, 1, 2023/09/14, 16:47:24.321, 6477707312145, vstest.console.dll, TestPluginCache: Executors2 are ''.
TpTrace Verbose: 0 : 33492, 1, 2023/09/14, 16:47:24.321, 6477707312369, vstest.console.dll, TestPluginCache: Setting providers are ''.
TpTrace Verbose: 0 : 33492, 1, 2023/09/14, 16:47:24.321, 6477707313054, vstest.console.dll, TestPluginCache: Loggers are 'logger://Microsoft/TestPlatform/Extensions/Blame/v1,logger://Microsoft/TestPlatform/HtmlLogger/v1,logger://Microsoft/TestPlatform/TrxLogger/v1'.
TpTrace Verbose: 0 : 33492, 1, 2023/09/14, 16:47:24.321, 6477707313491, vstest.console.dll, TestPluginCache: TestHosts are 'HostProvider://DefaultTestHost,HostProvider://DotnetTestHost'.
TpTrace Verbose: 0 : 33492, 1, 2023/09/14, 16:47:24.321, 6477707313764, vstest.console.dll, TestPluginCache: DataCollectors are ''.
TpTrace Information: 0 : 33492, 1, 2023/09/14, 16:47:24.322, 6477707322629, vstest.console.dll, TestPluginManager.CreateTestExtension: Attempting to load test extension: Microsoft.TestPlatform.Extensions.BlameDataCollector.BlameLogger
TpTrace Verbose: 0 : 33492, 1, 2023/09/14, 16:47:24.329, 6477707393062, vstest.console.dll, TestEngine: Initializing Parallel Execution as MaxCpuCount is set to: 1
TpTrace Information: 0 : 33492, 1, 2023/09/14, 16:47:24.331, 6477707411018, vstest.console.dll, TestPluginManager.CreateTestExtension: Attempting to load test extension: Microsoft.VisualStudio.TestPlatform.CrossPlatEngine.Hosting.DefaultTestHostManager
TpTrace Information: 0 : 33492, 1, 2023/09/14, 16:47:24.332, 6477707418119, vstest.console.dll, TestPluginManager.CreateTestExtension: Attempting to load test extension: Microsoft.VisualStudio.TestPlatform.CrossPlatEngine.Hosting.DotnetTestHostManager
TpTrace Information: 0 : 33492, 1, 2023/09/14, 16:47:24.332, 6477707424358, vstest.console.dll, InferRunSettingsHelper.IsTestSettingsEnabled: Unable to navigate to RunSettings/MSTest. Current node: RunSettings
TpTrace Verbose: 0 : 33492, 1, 2023/09/14, 16:47:24.336, 6477707464541, vstest.console.dll, TestEngine.GetExecutionManager: Chosen execution manager 'Microsoft.VisualStudio.TestPlatform.CrossPlatEngine.Client.Parallel.ParallelProxyExecutionManager, Microsoft.TestPlatform.CrossPlatEngine, Version=15.0.0.0, Culture=neutral, PublicKeyToken=b03f5f7f11d50a3a' ParallelLevel '1'.
TpTrace Verbose: 0 : 33492, 1, 2023/09/14, 16:47:24.336, 6477707466272, vstest.console.dll, TestRunRequest.ExecuteAsync: Creating test run request.
TpTrace Verbose: 0 : 33492, 1, 2023/09/14, 16:47:24.337, 6477707468697, vstest.console.dll, TestRunRequest.ExecuteAsync: Starting.
TpTrace Information: 0 : 33492, 1, 2023/09/14, 16:47:24.337, 6477707471628, vstest.console.dll, TestRunRequest.ExecuteAsync: Starting run with settings:TestRunCriteria:
   KeepAlive=False,FrequencyOfRunStatsChangeEvent=10,RunStatsChangeEventTimeout=00:00:01.5000000,TestCaseFilter=,TestExecutorLauncher=
   Settingsxml=<RunSettings>
  <RunConfiguration>
    <ResultsDirectory>C:\Users\user\Desktop\week-4-task-KINGKASPEV\DeroyalBankCoreTesting\bin\Debug\net6.0\fine-code-coverage\coverage-tool-output</ResultsDirectory>
    <TargetPlatform>X64</TargetPlatform>
    <TargetFrameworkVersion>.NETCoreApp,Version=v6.0</TargetFrameworkVersion>
    <DesignMode>False</DesignMode>
    <CollectSourceInformation>False</CollectSourceInformation>
  </RunConfiguration>
  <LoggerRunSettings>
    <Loggers>
      <Logger friendlyName="blame" enabled="True" />
      <Logger friendlyName="Console" uri="logger://microsoft/TestPlatform/ConsoleLogger/v1" assemblyQualifiedName="Microsoft.VisualStudio.TestPlatform.CommandLine.Internal.ConsoleLogger, vstest.console, Version=15.0.0.0, Culture=neutral, PublicKeyToken=b03f5f7f11d50a3a" codeBase="C:\Program Files\dotnet\sdk\7.0.306\vstest.console.dll" enabled="True" />
    </Loggers>
  </LoggerRunSettings>
  <DataCollectionRunSettings>
    <DataCollectors>
      <DataCollector friendlyName="blame" enabled="True">
        <Configuration>
          <ResultsDirectory>C:\Users\user\Desktop\week-4-task-KINGKASPEV\DeroyalBankCoreTesting\bin\Debug\net6.0\fine-code-coverage\coverage-tool-output</ResultsDirectory>
        </Configuration>
      </DataCollector>
    </DataCollectors>
  </DataCollectionRunSettings>
</RunSettings>

TpTrace Verbose: 0 : 33492, 1, 2023/09/14, 16:47:24.337, 6477707472195, vstest.console.dll, TestRunRequest.ExecuteAsync: Wait for the first run request is over.
TpTrace Verbose: 0 : 33492, 1, 2023/09/14, 16:47:24.337, 6477707475128, vstest.console.dll, MulticastDelegateUtilities.SafeInvoke: TestRun.TestRunStart: Invoking callbacks was skipped because there are no subscribers.
TpTrace Verbose: 0 : 33492, 4, 2023/09/14, 16:47:24.338, 6477707477198, vstest.console.dll, MulticastDelegateUtilities.SafeInvoke: InternalTestLoggerEvents.SendTestRunStart: Invoking callback 1/1 for Microsoft.VisualStudio.TestPlatform.CommandLine.Internal.ConsoleLogger., took 0 ms.
TpTrace Verbose: 0 : 33492, 1, 2023/09/14, 16:47:24.339, 6477707487817, vstest.console.dll, ParallelProxyExecutionManager: Start execution. Total sources: 1
TpTrace Verbose: 0 : 33492, 1, 2023/09/14, 16:47:24.340, 6477707504915, vstest.console.dll, TestRequestSender is acting as server.
TpTrace Verbose: 0 : 33492, 1, 2023/09/14, 16:47:24.342, 6477707526001, vstest.console.dll, ParallelOperationManager.RunWorkInParallel: Started work on a host.
TpTrace Verbose: 0 : 33492, 1, 2023/09/14, 16:47:24.343, 6477707535251, vstest.console.dll, ProxyParallelExecutionManager: No sources available for execution.
TpTrace Information: 0 : 33492, 1, 2023/09/14, 16:47:24.343, 6477707536078, vstest.console.dll, TestRunRequest.ExecuteAsync: Started.
TpTrace Verbose: 0 : 33492, 1, 2023/09/14, 16:47:24.343, 6477707536749, vstest.console.dll, TestRunRequest.WaitForCompletion: Waiting with timeout -1.
TpTrace Verbose: 0 : 33492, 5, 2023/09/14, 16:47:24.344, 6477707537308, vstest.console.dll, DataCollectionRequestSender.InitializeCommunication : Initialize communication. 
TpTrace Information: 0 : 33492, 5, 2023/09/14, 16:47:24.348, 6477707578417, vstest.console.dll, Listening on Endpoint : 127.0.0.1:63770
TpTrace Verbose: 0 : 33492, 5, 2023/09/14, 16:47:24.354, 6477707637756, vstest.console.dll, DotnetDataCollectionLauncher: Adding  --runtimeconfig "C:\Program Files\dotnet\sdk\7.0.306\datacollector.runtimeconfig.json" in args
TpTrace Verbose: 0 : 33492, 5, 2023/09/14, 16:47:24.354, 6477707639059, vstest.console.dll, DotnetDataCollectionLauncher: Adding  --depsfile "C:\Program Files\dotnet\sdk\7.0.306\datacollector.deps.json" in args
TpTrace Verbose: 0 : 33492, 5, 2023/09/14, 16:47:24.354, 6477707641035, vstest.console.dll, DotnetDataCollectionLauncher: Full path of dotnet.exe is C:\Program Files\dotnet\dotnet.exe
TpTrace Information: 0 : 33492, 5, 2023/09/14, 16:47:24.360, 6477707700911, vstest.console.dll, ProxyDataCollectionManager.Initialize: Launched datacollector processId: 18184 port: 63770
TpTrace Information: 0 : 33492, 5, 2023/09/14, 16:47:24.360, 6477707702066, vstest.console.dll, ProxyDataCollectionManager.Initialize: waiting for connection with timeout: 90 seconds
TpTrace Verbose: 0 : 33492, 5, 2023/09/14, 16:47:24.360, 6477707702693, vstest.console.dll, DataCollectionRequestSender.WaitForRequestHandlerConnection : Waiting for connection with timeout: 90000
TpTrace Information: 0 : 33492, 7, 2023/09/14, 16:47:24.501, 6477709108790, vstest.console.dll, Using the buffer size of 16384 bytes
TpTrace Verbose: 0 : 33492, 5, 2023/09/14, 16:47:24.501, 6477709109423, vstest.console.dll, SocketCommunicationManager.WaitForClientConnection took: 140 ms, with 90000 ms timeout, and finished with True.
TpTrace Information: 0 : 33492, 7, 2023/09/14, 16:47:24.501, 6477709110592, vstest.console.dll, Accepted Client request and set the flag
TpTrace Verbose: 0 : 33492, 5, 2023/09/14, 16:47:24.501, 6477709111729, vstest.console.dll, ProxyDataCollectionManager.InvokeDataCollectionServiceAction: Starting.
TpTrace Information: 0 : 33492, 5, 2023/09/14, 16:47:24.501, 6477709112417, vstest.console.dll, ProxyDataCollectionManager.BeforeTestRunStart: Get environment variable and port for datacollector processId: 18184 port: 63770
TpTrace Verbose: 0 : 33492, 5, 2023/09/14, 16:47:24.501, 6477709113317, vstest.console.dll, DataCollectionRequestSender.SendBeforeTestRunStartAndGetResult: Send BeforeTestRunStart message with settingsXml <RunSettings><RunConfiguration><ResultsDirectory>C:\Users\user\Desktop\week-4-task-KINGKASPEV\DeroyalBankCoreTesting\bin\Debug\net6.0\fine-code-coverage\coverage-tool-output</ResultsDirectory><TargetPlatform>X64</TargetPlatform><TargetFrameworkVersion>.NETCoreApp,Version=v6.0</TargetFrameworkVersion><DesignMode>False</DesignMode><CollectSourceInformation>False</CollectSourceInformation><TestAdaptersPaths>C:\Program Files\dotnet\sdk\7.0.306\Extensions</TestAdaptersPaths></RunConfiguration><LoggerRunSettings><Loggers><Logger friendlyName="blame" enabled="True" /><Logger friendlyName="Console" uri="logger://microsoft/TestPlatform/ConsoleLogger/v1" assemblyQualifiedName="Microsoft.VisualStudio.TestPlatform.CommandLine.Internal.ConsoleLogger, vstest.console, Version=15.0.0.0, Culture=neutral, PublicKeyToken=b03f5f7f11d50a3a" codeBase="C:\Program Files\dotnet\sdk\7.0.306\vstest.console.dll" enabled="True" /></Loggers></LoggerRunSettings><DataCollectionRunSettings><DataCollectors><DataCollector friendlyName="blame" enabled="True"><Configuration><ResultsDirectory>C:\Users\user\Desktop\week-4-task-KINGKASPEV\DeroyalBankCoreTesting\bin\Debug\net6.0\fine-code-coverage\coverage-tool-output</ResultsDirectory></Configuration></DataCollector></DataCollectors></DataCollectionRunSettings></RunSettings> and sources System.Collections.Generic.List`1[System.String]: 
TpTrace Verbose: 0 : 33492, 5, 2023/09/14, 16:47:24.576, 6477709862240, vstest.console.dll, DataCollectionRequestSender.SendBeforeTestRunStartAndGetResult: Received message: (DataCollection.SendMessage) -> {"MessageType":"DataCollection.SendMessage","Payload":{"FriendlyName":null,"Uri":null,"TestCaseId":"00000000-0000-0000-0000-000000000000","Message":"Logging DataCollector Diagnostics in file: C:\\Users\\user\\Desktop\\week-4-task-KINGKASPEV\\DeroyalBankCoreTesting\\bin\\Debug\\net6.0\\fine-code-coverage\\coverage-tool-output\\diagnostics.datacollector.23-09-14_16-47-24_35383_5.log","Level":0}}
TpTrace Verbose: 0 : 33492, 5, 2023/09/14, 16:47:24.685, 6477710951222, vstest.console.dll, DataCollectionRequestSender.SendBeforeTestRunStartAndGetResult: Received message: (DataCollection.BeforeTestRunStartResult) -> {"MessageType":"DataCollection.BeforeTestRunStartResult","Payload":{"EnvironmentVariables":{},"DataCollectionEventsPort":63772}}
TpTrace Information: 0 : 33492, 5, 2023/09/14, 16:47:24.691, 6477711009034, vstest.console.dll, ProxyDataCollectionManager.BeforeTestRunStart: SendBeforeTestRunStartAndGetResult successful, env variable from datacollector:   and testhost port: 63772
TpTrace Information: 0 : 33492, 5, 2023/09/14, 16:47:24.691, 6477711010289, vstest.console.dll, ProxyDataCollectionManager.InvokeDataCollectionServiceAction: Completed.
TpTrace Verbose: 0 : 33492, 5, 2023/09/14, 16:47:24.691, 6477711011091, vstest.console.dll, ProxyExecutionManager: Test host is always Lazy initialize.
TpTrace Verbose: 0 : 33492, 5, 2023/09/14, 16:47:24.691, 6477711013427, vstest.console.dll, TestRequestSender.InitializeCommunication: initialize communication. 
TpTrace Information: 0 : 33492, 5, 2023/09/14, 16:47:24.692, 6477711017576, vstest.console.dll, SocketServer.Start: Listening on endpoint : 127.0.0.1:63773
TpTrace Verbose: 0 : 33492, 5, 2023/09/14, 16:47:24.692, 6477711025448, vstest.console.dll, DotnetTestHostmanager.GetTestHostProcessStartInfo: Platform environment 'X64' target architecture 'X64' framework '.NETCoreApp,Version=v6.0' OS 'Windows'
TpTrace Verbose: 0 : 33492, 5, 2023/09/14, 16:47:24.693, 6477711027458, vstest.console.dll, DotnetTestHostmanager: Adding  --runtimeconfig "C:\Users\user\Desktop\week-4-task-KINGKASPEV\DeroyalBankCoreTesting\bin\Debug\net6.0\fine-code-coverage\build-output\DeroyalBankTesting.runtimeconfig.json" in args
TpTrace Verbose: 0 : 33492, 5, 2023/09/14, 16:47:24.693, 6477711028238, vstest.console.dll, DotnetTestHostmanager: Adding  --depsfile "C:\Users\user\Desktop\week-4-task-KINGKASPEV\DeroyalBankCoreTesting\bin\Debug\net6.0\fine-code-coverage\build-output\DeroyalBankTesting.deps.json" in args
TpTrace Verbose: 0 : 33492, 5, 2023/09/14, 16:47:24.693, 6477711030366, vstest.console.dll, DotnetTestHostmanager.IsWinOnArm: Current PROCESSOR_ARCHITECTURE from environment variable 'AMD64'
TpTrace Verbose: 0 : 33492, 5, 2023/09/14, 16:47:24.693, 6477711030896, vstest.console.dll, DotnetTestHostmanager.IsWinOnArm: Is Windows on ARM 'False'
TpTrace Verbose: 0 : 33492, 5, 2023/09/14, 16:47:24.693, 6477711031565, vstest.console.dll, DotnetTestHostManager: testhost.exe found at path: C:\Users\user\Desktop\week-4-task-KINGKASPEV\DeroyalBankCoreTesting\bin\Debug\net6.0\fine-code-coverage\build-output\testhost.exe
TpTrace Verbose: 0 : 33492, 5, 2023/09/14, 16:47:24.693, 6477711031974, vstest.console.dll, DotnetTestHostmanager: Full path of host exe is C:\Users\user\Desktop\week-4-task-KINGKASPEV\DeroyalBankCoreTesting\bin\Debug\net6.0\fine-code-coverage\build-output\testhost.exe
TpTrace Verbose: 0 : 33492, 5, 2023/09/14, 16:47:24.693, 6477711033125, vstest.console.dll, DotnetTestHostmanager.LaunchTestHostAsync: Found 'VSTEST_WINAPPHOST_DOTNET_ROOT' in env variables, value 'C:\Program Files\dotnet', forwarding to 'DOTNET_ROOT'
TpTrace Verbose: 0 : 33492, 5, 2023/09/14, 16:47:24.693, 6477711034549, vstest.console.dll, DotnetTestHostManager: Starting process 'C:\Users\user\Desktop\week-4-task-KINGKASPEV\DeroyalBankCoreTesting\bin\Debug\net6.0\fine-code-coverage\build-output\testhost.exe' with command line ' --runtimeconfig "C:\Users\user\Desktop\week-4-task-KINGKASPEV\DeroyalBankCoreTesting\bin\Debug\net6.0\fine-code-coverage\build-output\DeroyalBankTesting.runtimeconfig.json" --depsfile "C:\Users\user\Desktop\week-4-task-KINGKASPEV\DeroyalBankCoreTesting\bin\Debug\net6.0\fine-code-coverage\build-output\DeroyalBankTesting.deps.json" --port 63773 --endpoint 127.0.0.1:063773 --role client --parentprocessid 33492 --diag "C:\Users\user\Desktop\week-4-task-KINGKASPEV\DeroyalBankCoreTesting\bin\Debug\net6.0\fine-code-coverage\coverage-tool-output\diagnostics.host.23-09-14_16-47-24_69249_5.log" --tracelevel 4 --datacollectionport 63772 --telemetryoptedin false'
TpTrace Verbose: 0 : 33492, 5, 2023/09/14, 16:47:24.700, 6477711101502, vstest.console.dll, MulticastDelegateUtilities.SafeInvoke: HostProviderEvents.OnHostLaunched: Invoking callback 1/2 for Microsoft.VisualStudio.TestPlatform.CrossPlatEngine.Client.ProxyExecutionManagerWithDataCollection., took 1 ms.
TpTrace Verbose: 0 : 33492, 5, 2023/09/14, 16:47:24.700, 6477711104889, vstest.console.dll, Test Runtime launched
TpTrace Verbose: 0 : 33492, 5, 2023/09/14, 16:47:24.700, 6477711105656, vstest.console.dll, MulticastDelegateUtilities.SafeInvoke: HostProviderEvents.OnHostLaunched: Invoking callback 2/2 for Microsoft.VisualStudio.TestPlatform.CrossPlatEngine.Client.ProxyOperationManager., took 0 ms.
TpTrace Verbose: 0 : 33492, 5, 2023/09/14, 16:47:24.701, 6477711107581, vstest.console.dll, TestRequestSender.WaitForRequestHandlerConnection: waiting for connection with timeout: 90000.
TpTrace Verbose: 0 : 33492, 7, 2023/09/14, 16:47:24.857, 6477712674468, vstest.console.dll, MulticastDelegateUtilities.SafeInvoke: SocketServer: ClientConnected: Invoking callback 1/1 for Microsoft.VisualStudio.TestPlatform.CommunicationUtilities.TestRequestSender., took 0 ms.
TpTrace Verbose: 0 : 33492, 5, 2023/09/14, 16:47:24.857, 6477712674469, vstest.console.dll, TestRequestSender.WaitForRequestHandlerConnection: waiting took 156 ms, with timeout 90000 ms, and result 0, which is success.
TpTrace Verbose: 0 : 33492, 7, 2023/09/14, 16:47:24.857, 6477712675423, vstest.console.dll, SocketServer.OnClientConnected: Client connected for endPoint: 127.0.0.1:63773, starting MessageLoopAsync:
TpTrace Verbose: 0 : 33492, 7, 2023/09/14, 16:47:24.858, 6477712679128, vstest.console.dll, TcpClientExtensions.MessageLoopAsync: Polling on remoteEndPoint: 127.0.0.1:63774 localEndPoint: 127.0.0.1:63773
TpTrace Verbose: 0 : 33492, 5, 2023/09/14, 16:47:24.858, 6477712682773, vstest.console.dll, TestRequestSender.CheckVersionWithTestHost: Sending check version message: {"MessageType":"ProtocolVersion","Payload":7}
TpTrace Verbose: 0 : 33492, 7, 2023/09/14, 16:47:24.995, 6477714049254, vstest.console.dll, TcpClientExtensions.MessageLoopAsync: NotifyDataAvailable remoteEndPoint: 127.0.0.1:63774 localEndPoint: 127.0.0.1:63773
TpTrace Verbose: 0 : 33492, 7, 2023/09/14, 16:47:24.995, 6477714051801, vstest.console.dll, TestRequestSender.CheckVersionWithTestHost: onMessageReceived received message: (ProtocolVersion) -> {"MessageType":"ProtocolVersion","Payload":7}
TpTrace Verbose: 0 : 33492, 7, 2023/09/14, 16:47:24.996, 6477714057913, vstest.console.dll, MulticastDelegateUtilities.SafeInvoke: LengthPrefixCommunicationChannel: MessageReceived: Invoking callback 1/1 for Microsoft.VisualStudio.TestPlatform.CommunicationUtilities.TestRequestSender+<>c__DisplayClass29_0., took 0 ms.
TpTrace Verbose: 0 : 33492, 7, 2023/09/14, 16:47:24.996, 6477714058905, vstest.console.dll, TcpClientExtensions.MessageLoopAsync: Polling on remoteEndPoint: 127.0.0.1:63774 localEndPoint: 127.0.0.1:63773
TpTrace Verbose: 0 : 33492, 5, 2023/09/14, 16:47:24.996, 6477714058977, vstest.console.dll, TestPluginCache.GetExtensionPaths: Filtered extension paths: 
TpTrace Verbose: 0 : 33492, 5, 2023/09/14, 16:47:24.996, 6477714060044, vstest.console.dll, TestPluginCache.GetExtensionPaths: Added default extension paths: C:\Program Files\dotnet\sdk\7.0.306\Extensions\Microsoft.Diagnostics.NETCore.Client.dll
C:\Program Files\dotnet\sdk\7.0.306\Extensions\Microsoft.TestPlatform.Extensions.BlameDataCollector.dll
C:\Program Files\dotnet\sdk\7.0.306\Extensions\Microsoft.TestPlatform.Extensions.EventLogCollector.dll
C:\Program Files\dotnet\sdk\7.0.306\Extensions\Microsoft.TestPlatform.TestHostRuntimeProvider.dll
C:\Program Files\dotnet\sdk\7.0.306\Extensions\Microsoft.VisualStudio.TestPlatform.Extensions.Html.TestLogger.dll
C:\Program Files\dotnet\sdk\7.0.306\Extensions\Microsoft.VisualStudio.TestPlatform.Extensions.Trx.TestLogger.dll
TpTrace Verbose: 0 : 33492, 5, 2023/09/14, 16:47:24.996, 6477714060407, vstest.console.dll, TestPluginCache.GetExtensionPaths: Added unfilterableExtensionPaths: 
TpTrace Verbose: 0 : 33492, 5, 2023/09/14, 16:47:24.999, 6477714091302, vstest.console.dll, TestRequestSender.InitializeExecution: Sending initialize execution with message: {"Version":7,"MessageType":"TestExecution.Initialize","Payload":["C:\\Users\\user\\Desktop\\week-4-task-KINGKASPEV\\DeroyalBankCoreTesting\\bin\\Debug\\net6.0\\fine-code-coverage\\build-output\\xunit.runner.visualstudio.dotnetcore.testadapter.dll"]}
TpTrace Verbose: 0 : 33492, 5, 2023/09/14, 16:47:24.999, 6477714093501, vstest.console.dll, ParallelProxyExecutionManager: Execution started. Started clients: 1
TpTrace Verbose: 0 : 33492, 5, 2023/09/14, 16:47:24.999, 6477714096535, vstest.console.dll, TestRunRequest:SendTestRunMessage: Starting.
TpTrace Verbose: 0 : 33492, 5, 2023/09/14, 16:47:25.000, 6477714098182, vstest.console.dll, MulticastDelegateUtilities.SafeInvoke: TestRun.LogMessages: Invoking callback 1/1 for Microsoft.VisualStudio.TestPlatform.CommandLine.TestRunResultAggregator., took 0 ms.
TpTrace Information: 0 : 33492, 5, 2023/09/14, 16:47:25.000, 6477714098889, vstest.console.dll, TestRunRequest:SendTestRunMessage: Completed.
TpTrace Verbose: 0 : 33492, 7, 2023/09/14, 16:47:25.000, 6477714100452, vstest.console.dll, TcpClientExtensions.MessageLoopAsync: NotifyDataAvailable remoteEndPoint: 127.0.0.1:63774 localEndPoint: 127.0.0.1:63773
TpTrace Verbose: 0 : 33492, 4, 2023/09/14, 16:47:25.000, 6477714100451, vstest.console.dll, MulticastDelegateUtilities.SafeInvoke: InternalTestLoggerEvents.SendTestRunMessage: Invoking callback 1/1 for Microsoft.VisualStudio.TestPlatform.CommandLine.Internal.ConsoleLogger., took 0 ms.
TpTrace Verbose: 0 : 33492, 7, 2023/09/14, 16:47:25.000, 6477714101619, vstest.console.dll, LengthPrefixCommunicationChannel.NotifyDataAvailable: New data are waiting to be received, but there is no subscriber to be notified. Not reading them from the stream.
TpTrace Verbose: 0 : 33492, 7, 2023/09/14, 16:47:25.000, 6477714102461, vstest.console.dll, TcpClientExtensions.MessageLoopAsync: Polling on remoteEndPoint: 127.0.0.1:63774 localEndPoint: 127.0.0.1:63773
TpTrace Verbose: 0 : 33492, 7, 2023/09/14, 16:47:25.000, 6477714102900, vstest.console.dll, TcpClientExtensions.MessageLoopAsync: NotifyDataAvailable remoteEndPoint: 127.0.0.1:63774 localEndPoint: 127.0.0.1:63773
TpTrace Warning: 0 : 33492, 5, 2023/09/14, 16:47:25.000, 6477714102992, vstest.console.dll, InferRunSettingsHelper.MakeRunsettingsCompatible: Removing the following settings: TargetPlatform from RunSettings file. To use those settings please move to latest version of Microsoft.NET.Test.Sdk
TpTrace Verbose: 0 : 33492, 7, 2023/09/14, 16:47:25.000, 6477714103195, vstest.console.dll, LengthPrefixCommunicationChannel.NotifyDataAvailable: New data are waiting to be received, but there is no subscriber to be notified. Not reading them from the stream.
TpTrace Verbose: 0 : 33492, 7, 2023/09/14, 16:47:25.000, 6477714104900, vstest.console.dll, TcpClientExtensions.MessageLoopAsync: Polling on remoteEndPoint: 127.0.0.1:63774 localEndPoint: 127.0.0.1:63773
TpTrace Verbose: 0 : 33492, 7, 2023/09/14, 16:47:25.000, 6477714105333, vstest.console.dll, TcpClientExtensions.MessageLoopAsync: NotifyDataAvailable remoteEndPoint: 127.0.0.1:63774 localEndPoint: 127.0.0.1:63773
TpTrace Verbose: 0 : 33492, 7, 2023/09/14, 16:47:25.000, 6477714105690, vstest.console.dll, LengthPrefixCommunicationChannel.NotifyDataAvailable: New data are waiting to be received, but there is no subscriber to be notified. Not reading them from the stream.
TpTrace Verbose: 0 : 33492, 7, 2023/09/14, 16:47:25.000, 6477714105958, vstest.console.dll, TcpClientExtensions.MessageLoopAsync: Polling on remoteEndPoint: 127.0.0.1:63774 localEndPoint: 127.0.0.1:63773
TpTrace Verbose: 0 : 33492, 7, 2023/09/14, 16:47:25.000, 6477714106242, vstest.console.dll, TcpClientExtensions.MessageLoopAsync: NotifyDataAvailable remoteEndPoint: 127.0.0.1:63774 localEndPoint: 127.0.0.1:63773
TpTrace Verbose: 0 : 33492, 7, 2023/09/14, 16:47:25.000, 6477714106492, vstest.console.dll, LengthPrefixCommunicationChannel.NotifyDataAvailable: New data are waiting to be received, but there is no subscriber to be notified. Not reading them from the stream.
TpTrace Verbose: 0 : 33492, 7, 2023/09/14, 16:47:25.001, 6477714106915, vstest.console.dll, TcpClientExtensions.MessageLoopAsync: Polling on remoteEndPoint: 127.0.0.1:63774 localEndPoint: 127.0.0.1:63773
TpTrace Verbose: 0 : 33492, 7, 2023/09/14, 16:47:25.001, 6477714107210, vstest.console.dll, TcpClientExtensions.MessageLoopAsync: NotifyDataAvailable remoteEndPoint: 127.0.0.1:63774 localEndPoint: 127.0.0.1:63773
TpTrace Verbose: 0 : 33492, 7, 2023/09/14, 16:47:25.001, 6477714107474, vstest.console.dll, LengthPrefixCommunicationChannel.NotifyDataAvailable: New data are waiting to be received, but there is no subscriber to be notified. Not reading them from the stream.
TpTrace Verbose: 0 : 33492, 7, 2023/09/14, 16:47:25.001, 6477714107794, vstest.console.dll, TcpClientExtensions.MessageLoopAsync: Polling on remoteEndPoint: 127.0.0.1:63774 localEndPoint: 127.0.0.1:63773
TpTrace Verbose: 0 : 33492, 7, 2023/09/14, 16:47:25.001, 6477714108118, vstest.console.dll, TcpClientExtensions.MessageLoopAsync: NotifyDataAvailable remoteEndPoint: 127.0.0.1:63774 localEndPoint: 127.0.0.1:63773
TpTrace Verbose: 0 : 33492, 7, 2023/09/14, 16:47:25.001, 6477714110844, vstest.console.dll, TestRequestSender.OnExecutionMessageReceived: Received message: {"Version":7,"MessageType":"TestSession.Message","Payload":{"MessageLevel":0,"Message":"Logging TestHost Diagnostics in file: C:\\Users\\user\\Desktop\\week-4-task-KINGKASPEV\\DeroyalBankCoreTesting\\bin\\Debug\\net6.0\\fine-code-coverage\\coverage-tool-output\\diagnostics.host.23-09-14_16-47-24_69249_5.log"}}
TpTrace Verbose: 0 : 33492, 7, 2023/09/14, 16:47:25.005, 6477714150069, vstest.console.dll, TestRunRequest:SendTestRunMessage: Starting.
TpTrace Verbose: 0 : 33492, 7, 2023/09/14, 16:47:25.005, 6477714152636, vstest.console.dll, MulticastDelegateUtilities.SafeInvoke: TestRun.LogMessages: Invoking callback 1/1 for Microsoft.VisualStudio.TestPlatform.CommandLine.TestRunResultAggregator., took 0 ms.
TpTrace Verbose: 0 : 33492, 4, 2023/09/14, 16:47:25.005, 6477714152798, vstest.console.dll, MulticastDelegateUtilities.SafeInvoke: InternalTestLoggerEvents.SendTestRunMessage: Invoking callback 1/1 for Microsoft.VisualStudio.TestPlatform.CommandLine.Internal.ConsoleLogger., took 0 ms.
TpTrace Information: 0 : 33492, 7, 2023/09/14, 16:47:25.005, 6477714153276, vstest.console.dll, TestRunRequest:SendTestRunMessage: Completed.
TpTrace Verbose: 0 : 33492, 7, 2023/09/14, 16:47:25.005, 6477714154919, vstest.console.dll, MulticastDelegateUtilities.SafeInvoke: LengthPrefixCommunicationChannel: MessageReceived: Invoking callback 1/1 for Microsoft.VisualStudio.TestPlatform.CommunicationUtilities.TestRequestSender+<>c__DisplayClass34_0., took 4 ms.
TpTrace Verbose: 0 : 33492, 7, 2023/09/14, 16:47:25.005, 6477714155724, vstest.console.dll, TcpClientExtensions.MessageLoopAsync: Polling on remoteEndPoint: 127.0.0.1:63774 localEndPoint: 127.0.0.1:63773
TpTrace Verbose: 0 : 33492, 5, 2023/09/14, 16:47:25.010, 6477714203793, vstest.console.dll, TestRequestSender.StartTestRun: Sending test run with message: {"Version":7,"MessageType":"TestExecution.StartWithSources","Payload":{"AdapterSourceMap":{"_none_":["C:\\Users\\user\\Desktop\\week-4-task-KINGKASPEV\\DeroyalBankCoreTesting\\bin\\Debug\\net6.0\\fine-code-coverage\\build-output\\DeroyalBankTesting.dll"]},"RunSettings":"<RunSettings>\r\n  <RunConfiguration>\r\n    <ResultsDirectory>C:\\Users\\user\\Desktop\\week-4-task-KINGKASPEV\\DeroyalBankCoreTesting\\bin\\Debug\\net6.0\\fine-code-coverage\\coverage-tool-output</ResultsDirectory>\r\n    <TargetFrameworkVersion>.NETCoreApp,Version=v6.0</TargetFrameworkVersion>\r\n    <DesignMode>False</DesignMode>\r\n    <CollectSourceInformation>False</CollectSourceInformation>\r\n  </RunConfiguration>\r\n  <LoggerRunSettings>\r\n    <Loggers>\r\n      <Logger friendlyName=\"blame\" enabled=\"True\" />\r\n      <Logger friendlyName=\"Console\" uri=\"logger://microsoft/TestPlatform/ConsoleLogger/v1\" assemblyQualifiedName=\"Microsoft.VisualStudio.TestPlatform.CommandLine.Internal.ConsoleLogger, vstest.console, Version=15.0.0.0, Culture=neutral, PublicKeyToken=b03f5f7f11d50a3a\" codeBase=\"C:\\Program Files\\dotnet\\sdk\\7.0.306\\vstest.console.dll\" enabled=\"True\" />\r\n    </Loggers>\r\n  </LoggerRunSettings>\r\n  <DataCollectionRunSettings>\r\n    <DataCollectors>\r\n      <DataCollector friendlyName=\"blame\" enabled=\"True\">\r\n        <Configuration>\r\n          <ResultsDirectory>C:\\Users\\user\\Desktop\\week-4-task-KINGKASPEV\\DeroyalBankCoreTesting\\bin\\Debug\\net6.0\\fine-code-coverage\\coverage-tool-output</ResultsDirectory>\r\n        </Configuration>\r\n      </DataCollector>\r\n    </DataCollectors>\r\n  </DataCollectionRunSettings>\r\n</RunSettings>","TestExecutionContext":{"FrequencyOfRunStatsChangeEvent":10,"RunStatsChangeEventTimeout":"00:00:01.5000000","InIsolation":false,"KeepAlive":false,"AreTestCaseLevelEventsRequired":false,"IsDebug":false,"TestCaseFilter":null,"FilterOptions":null},"Package":null}}
TpTrace Verbose: 0 : 33492, 7, 2023/09/14, 16:47:25.186, 6477715962153, vstest.console.dll, TcpClientExtensions.MessageLoopAsync: NotifyDataAvailable remoteEndPoint: 127.0.0.1:63774 localEndPoint: 127.0.0.1:63773
TpTrace Verbose: 0 : 33492, 7, 2023/09/14, 16:47:25.186, 6477715964111, vstest.console.dll, TestRequestSender.OnExecutionMessageReceived: Received message: {"Version":7,"MessageType":"TestSession.Message","Payload":{"MessageLevel":0,"Message":"[xUnit.net 00:00:00.00] xUnit.net VSTest Adapter v2.4.5+1caef2f33e (64-bit .NET 6.0.20)"}}
TpTrace Verbose: 0 : 33492, 7, 2023/09/14, 16:47:25.187, 6477715967688, vstest.console.dll, TestRunRequest:SendTestRunMessage: Starting.
TpTrace Verbose: 0 : 33492, 7, 2023/09/14, 16:47:25.187, 6477715969604, vstest.console.dll, MulticastDelegateUtilities.SafeInvoke: TestRun.LogMessages: Invoking callback 1/1 for Microsoft.VisualStudio.TestPlatform.CommandLine.TestRunResultAggregator., took 0 ms.
TpTrace Verbose: 0 : 33492, 4, 2023/09/14, 16:47:25.187, 6477715969747, vstest.console.dll, MulticastDelegateUtilities.SafeInvoke: InternalTestLoggerEvents.SendTestRunMessage: Invoking callback 1/1 for Microsoft.VisualStudio.TestPlatform.CommandLine.Internal.ConsoleLogger., took 0 ms.
TpTrace Information: 0 : 33492, 7, 2023/09/14, 16:47:25.187, 6477715970316, vstest.console.dll, TestRunRequest:SendTestRunMessage: Completed.
TpTrace Verbose: 0 : 33492, 7, 2023/09/14, 16:47:25.187, 6477715971890, vstest.console.dll, MulticastDelegateUtilities.SafeInvoke: LengthPrefixCommunicationChannel: MessageReceived: Invoking callback 1/1 for Microsoft.VisualStudio.TestPlatform.CommunicationUtilities.TestRequestSender+<>c__DisplayClass34_0., took 0 ms.
TpTrace Verbose: 0 : 33492, 7, 2023/09/14, 16:47:25.187, 6477715973193, vstest.console.dll, TcpClientExtensions.MessageLoopAsync: Polling on remoteEndPoint: 127.0.0.1:63774 localEndPoint: 127.0.0.1:63773
TpTrace Verbose: 0 : 33492, 7, 2023/09/14, 16:47:25.595, 6477720052369, vstest.console.dll, TcpClientExtensions.MessageLoopAsync: NotifyDataAvailable remoteEndPoint: 127.0.0.1:63774 localEndPoint: 127.0.0.1:63773
TpTrace Verbose: 0 : 33492, 7, 2023/09/14, 16:47:25.595, 6477720053919, vstest.console.dll, TestRequestSender.OnExecutionMessageReceived: Received message: {"Version":7,"MessageType":"TestSession.Message","Payload":{"MessageLevel":0,"Message":"[xUnit.net 00:00:00.41]   Discovering: DeroyalBankTesting"}}
TpTrace Verbose: 0 : 33492, 7, 2023/09/14, 16:47:25.595, 6477720055094, vstest.console.dll, TestRunRequest:SendTestRunMessage: Starting.
TpTrace Verbose: 0 : 33492, 7, 2023/09/14, 16:47:25.595, 6477720055567, vstest.console.dll, MulticastDelegateUtilities.SafeInvoke: TestRun.LogMessages: Invoking callback 1/1 for Microsoft.VisualStudio.TestPlatform.CommandLine.TestRunResultAggregator., took 0 ms.
TpTrace Information: 0 : 33492, 7, 2023/09/14, 16:47:25.595, 6477720055802, vstest.console.dll, TestRunRequest:SendTestRunMessage: Completed.
TpTrace Verbose: 0 : 33492, 7, 2023/09/14, 16:47:25.595, 6477720056099, vstest.console.dll, MulticastDelegateUtilities.SafeInvoke: LengthPrefixCommunicationChannel: MessageReceived: Invoking callback 1/1 for Microsoft.VisualStudio.TestPlatform.CommunicationUtilities.TestRequestSender+<>c__DisplayClass34_0., took 0 ms.
TpTrace Verbose: 0 : 33492, 4, 2023/09/14, 16:47:25.595, 6477720056258, vstest.console.dll, MulticastDelegateUtilities.SafeInvoke: InternalTestLoggerEvents.SendTestRunMessage: Invoking callback 1/1 for Microsoft.VisualStudio.TestPlatform.CommandLine.Internal.ConsoleLogger., took 0 ms.
TpTrace Verbose: 0 : 33492, 7, 2023/09/14, 16:47:25.595, 6477720056329, vstest.console.dll, TcpClientExtensions.MessageLoopAsync: Polling on remoteEndPoint: 127.0.0.1:63774 localEndPoint: 127.0.0.1:63773
TpTrace Verbose: 0 : 33492, 7, 2023/09/14, 16:47:25.654, 6477720645392, vstest.console.dll, TcpClientExtensions.MessageLoopAsync: NotifyDataAvailable remoteEndPoint: 127.0.0.1:63774 localEndPoint: 127.0.0.1:63773
TpTrace Verbose: 0 : 33492, 7, 2023/09/14, 16:47:25.655, 6477720646910, vstest.console.dll, TestRequestSender.OnExecutionMessageReceived: Received message: {"Version":7,"MessageType":"TestSession.Message","Payload":{"MessageLevel":0,"Message":"[xUnit.net 00:00:00.47]   Discovered:  DeroyalBankTesting"}}
TpTrace Verbose: 0 : 33492, 7, 2023/09/14, 16:47:25.655, 6477720648529, vstest.console.dll, TestRunRequest:SendTestRunMessage: Starting.
TpTrace Verbose: 0 : 33492, 7, 2023/09/14, 16:47:25.655, 6477720649289, vstest.console.dll, MulticastDelegateUtilities.SafeInvoke: TestRun.LogMessages: Invoking callback 1/1 for Microsoft.VisualStudio.TestPlatform.CommandLine.TestRunResultAggregator., took 0 ms.
TpTrace Verbose: 0 : 33492, 4, 2023/09/14, 16:47:25.655, 6477720649425, vstest.console.dll, MulticastDelegateUtilities.SafeInvoke: InternalTestLoggerEvents.SendTestRunMessage: Invoking callback 1/1 for Microsoft.VisualStudio.TestPlatform.CommandLine.Internal.ConsoleLogger., took 0 ms.
TpTrace Information: 0 : 33492, 7, 2023/09/14, 16:47:25.655, 6477720649680, vstest.console.dll, TestRunRequest:SendTestRunMessage: Completed.
TpTrace Verbose: 0 : 33492, 7, 2023/09/14, 16:47:25.655, 6477720651497, vstest.console.dll, MulticastDelegateUtilities.SafeInvoke: LengthPrefixCommunicationChannel: MessageReceived: Invoking callback 1/1 for Microsoft.VisualStudio.TestPlatform.CommunicationUtilities.TestRequestSender+<>c__DisplayClass34_0., took 0 ms.
TpTrace Verbose: 0 : 33492, 7, 2023/09/14, 16:47:25.655, 6477720651798, vstest.console.dll, TcpClientExtensions.MessageLoopAsync: Polling on remoteEndPoint: 127.0.0.1:63774 localEndPoint: 127.0.0.1:63773
TpTrace Verbose: 0 : 33492, 7, 2023/09/14, 16:47:25.657, 6477720671904, vstest.console.dll, TcpClientExtensions.MessageLoopAsync: NotifyDataAvailable remoteEndPoint: 127.0.0.1:63774 localEndPoint: 127.0.0.1:63773
TpTrace Verbose: 0 : 33492, 7, 2023/09/14, 16:47:25.657, 6477720672867, vstest.console.dll, TestRequestSender.OnExecutionMessageReceived: Received message: {"Version":7,"MessageType":"TestSession.Message","Payload":{"MessageLevel":0,"Message":"[xUnit.net 00:00:00.47]   Starting:    DeroyalBankTesting"}}
TpTrace Verbose: 0 : 33492, 7, 2023/09/14, 16:47:25.657, 6477720673729, vstest.console.dll, TestRunRequest:SendTestRunMessage: Starting.
TpTrace Verbose: 0 : 33492, 7, 2023/09/14, 16:47:25.657, 6477720674340, vstest.console.dll, MulticastDelegateUtilities.SafeInvoke: TestRun.LogMessages: Invoking callback 1/1 for Microsoft.VisualStudio.TestPlatform.CommandLine.TestRunResultAggregator., took 0 ms.
TpTrace Information: 0 : 33492, 7, 2023/09/14, 16:47:25.657, 6477720674563, vstest.console.dll, TestRunRequest:SendTestRunMessage: Completed.
TpTrace Verbose: 0 : 33492, 4, 2023/09/14, 16:47:25.657, 6477720674700, vstest.console.dll, MulticastDelegateUtilities.SafeInvoke: InternalTestLoggerEvents.SendTestRunMessage: Invoking callback 1/1 for Microsoft.VisualStudio.TestPlatform.CommandLine.Internal.ConsoleLogger., took 0 ms.
TpTrace Verbose: 0 : 33492, 7, 2023/09/14, 16:47:25.657, 6477720674782, vstest.console.dll, MulticastDelegateUtilities.SafeInvoke: LengthPrefixCommunicationChannel: MessageReceived: Invoking callback 1/1 for Microsoft.VisualStudio.TestPlatform.CommunicationUtilities.TestRequestSender+<>c__DisplayClass34_0., took 0 ms.
TpTrace Verbose: 0 : 33492, 7, 2023/09/14, 16:47:25.657, 6477720676079, vstest.console.dll, TcpClientExtensions.MessageLoopAsync: Polling on remoteEndPoint: 127.0.0.1:63774 localEndPoint: 127.0.0.1:63773
TpTrace Verbose: 0 : 33492, 7, 2023/09/14, 16:47:25.787, 6477721976575, vstest.console.dll, TcpClientExtensions.MessageLoopAsync: NotifyDataAvailable remoteEndPoint: 127.0.0.1:63774 localEndPoint: 127.0.0.1:63773
TpTrace Verbose: 0 : 33492, 7, 2023/09/14, 16:47:25.788, 6477721978800, vstest.console.dll, TestRequestSender.OnExecutionMessageReceived: Received message: {"Version":7,"MessageType":"TestExecution.StatsChange","Payload":{"NewTestResults":[{"TestCase":{"Id":"78ac8f09-2a03-6db4-1286-218019ef8704","FullyQualifiedName":"DeroyalBankTesting.TransactionTest.WithdrawalTest.Withdraw_FromInvalidAccount_Fails","DisplayName":"DeroyalBankTesting.TransactionTest.WithdrawalTest.Withdraw_FromInvalidAccount_Fails","ExecutorUri":"executor://xunit/VsTestRunner2/netcoreapp","Source":"C:\\Users\\user\\Desktop\\week-4-task-KINGKASPEV\\DeroyalBankCoreTesting\\bin\\Debug\\net6.0\\fine-code-coverage\\build-output\\DeroyalBankTesting.dll","CodeFilePath":null,"LineNumber":0,"Properties":[]},"Attachments":[],"Outcome":1,"ErrorMessage":null,"ErrorStackTrace":null,"DisplayName":"DeroyalBankTesting.TransactionTest.WithdrawalTest.Withdraw_FromInvalidAccount_Fails","Messages":[],"ComputerName":"DESKTOP-VMTE4F8","Duration":"00:00:00.0070995","StartTime":"2023-09-14T15:47:25.7423297+00:00","EndTime":"2023-09-14T15:47:25.742351+00:00","Properties":[]},{"TestCase":{"Id":"c3e1cf40-de41-9230-e1c7-6d462d24f3a1","FullyQualifiedName":"DeroyalBankTesting.TransactionTest.TransactionTests.Transfer_Successful","DisplayName":"DeroyalBankTesting.TransactionTest.TransactionTests.Transfer_Successful","ExecutorUri":"executor://xunit/VsTestRunner2/netcoreapp","Source":"C:\\Users\\user\\Desktop\\week-4-task-KINGKASPEV\\DeroyalBankCoreTesting\\bin\\Debug\\net6.0\\fine-code-coverage\\build-output\\DeroyalBankTesting.dll","CodeFilePath":null,"LineNumber":0,"Properties":[]},"Attachments":[],"Outcome":1,"ErrorMessage":null,"ErrorStackTrace":null,"DisplayName":"DeroyalBankTesting.TransactionTest.TransactionTests.Transfer_Successful","Messages":[],"ComputerName":"DESKTOP-VMTE4F8","Duration":"00:00:00.0075749","StartTime":"2023-09-14T15:47:25.7595971+00:00","EndTime":"2023-09-14T15:47:25.7595971+00:00","Properties":[]},{"TestCase":{"Id":"727d3814-74c8-6b86-4f32-30a6a32c3447","FullyQualifiedName":"DeroyalBankTesting.TransactionTest.CheckBalanceTest.GetCustomerBalance_WithInvalidAccount_ThrowsException","DisplayName":"DeroyalBankTesting.TransactionTest.CheckBalanceTest.GetCustomerBalance_WithInvalidAccount_ThrowsException","ExecutorUri":"executor://xunit/VsTestRunner2/netcoreapp","Source":"C:\\Users\\user\\Desktop\\week-4-task-KINGKASPEV\\DeroyalBankCoreTesting\\bin\\Debug\\net6.0\\fine-code-coverage\\build-output\\DeroyalBankTesting.dll","CodeFilePath":null,"LineNumber":0,"Properties":[]},"Attachments":[],"Outcome":1,"ErrorMessage":null,"ErrorStackTrace":null,"DisplayName":"DeroyalBankTesting.TransactionTest.CheckBalanceTest.GetCustomerBalance_WithInvalidAccount_ThrowsException","Messages":[],"ComputerName":"DESKTOP-VMTE4F8","Duration":"00:00:00.0042991","StartTime":"2023-09-14T15:47:25.7640696+00:00","EndTime":"2023-09-14T15:47:25.7640696+00:00","Properties":[]},{"TestCase":{"Id":"796f9ab6-f77f-43be-869b-02a527c4c7ac","FullyQualifiedName":"DeroyalBankTesting.LoggedTests.LoggedTest.SetAndGetLoggedAccount","DisplayName":"DeroyalBankTesting.LoggedTests.LoggedTest.SetAndGetLoggedAccount","ExecutorUri":"executor://xunit/VsTestRunner2/netcoreapp","Source":"C:\\Users\\user\\Desktop\\week-4-task-KINGKASPEV\\DeroyalBankCoreTesting\\bin\\Debug\\net6.0\\fine-code-coverage\\build-output\\DeroyalBankTesting.dll","CodeFilePath":null,"LineNumber":0,"Properties":[]},"Attachments":[],"Outcome":1,"ErrorMessage":null,"ErrorStackTrace":null,"DisplayName":"DeroyalBankTesting.LoggedTests.LoggedTest.SetAndGetLoggedAccount","Messages":[],"ComputerName":"DESKTOP-VMTE4F8","Duration":"00:00:00.0040818","StartTime":"2023-09-14T15:47:25.7653656+00:00","EndTime":"2023-09-14T15:47:25.7653657+00:00","Properties":[]}],"TestRunStatistics":{"ExecutedTests":4,"Stats":{"Passed":4}},"ActiveTests":[{"Id":"ce3c8852-409d-017b-abde-56401e891b9e","FullyQualifiedName":"DeroyalBankTesting.CreateAccountTest.NameValidationTests.IsValidName_ValidatesName","DisplayName":"DeroyalBankTesting.CreateAccountTest.NameValidationTests.IsValidName_ValidatesName(name: \"joe\", expectedIsValid: False)","ExecutorUri":"executor://xunit/VsTestRunner2/netcoreapp","Source":"C:\\Users\\user\\Desktop\\week-4-task-KINGKASPEV\\DeroyalBankCoreTesting\\bin\\Debug\\net6.0\\fine-code-coverage\\build-output\\DeroyalBankTesting.dll","CodeFilePath":null,"LineNumber":0,"Properties":[]},{"Id":"c59152f6-472b-5fed-8d4c-dc9e86658fa9","FullyQualifiedName":"DeroyalBankTesting.CreateAccountTest.phonenumbervalidationtest.isvalidphonenumber_validatesphonenumber","DisplayName":"DeroyalBankTesting.CreateAccountTest.phonenumbervalidationtest.isvalidphonenumber_validatesphonenumber(phonenumber: \"123456789012\", expectedisvalid: False)","ExecutorUri":"executor://xunit/VsTestRunner2/netcoreapp","Source":"C:\\Users\\user\\Desktop\\week-4-task-KINGKASPEV\\DeroyalBankCoreTesting\\bin\\Debug\\net6.0\\fine-code-coverage\\build-output\\DeroyalBankTesting.dll","CodeFilePath":null,"LineNumber":0,"Properties":[]},{"Id":"c743f691-fd64-97e4-83b0-d55a4cd4fcdd","FullyQualifiedName":"DeroyalBankTesting.CreateAccountTest.PasswordValidationTests.IsValidPassword_ValidatesPassword","DisplayName":"DeroyalBankTesting.CreateAccountTest.PasswordValidationTests.IsValidPassword_ValidatesPassword(password: \"P@ssw0rd!\", expectedIsValid: True)","ExecutorUri":"executor://xunit/VsTestRunner2/netcoreapp","Source":"C:\\Users\\user\\Desktop\\week-4-task-KINGKASPEV\\DeroyalBankCoreTesting\\bin\\Debug\\net6.0\\fine-code-coverage\\build-output\\DeroyalBankTesting.dll","CodeFilePath":null,"LineNumber":0,"Properties":[]},{"Id":"5ba43c59-d23d-9b85-3c96-1c41c65e0b1c","FullyQualifiedName":"DeroyalBankTesting.DataTest.ListOfCustomersTests.AddCustomer_AddsCustomerAndEmailToCollections","DisplayName":"DeroyalBankTesting.DataTest.ListOfCustomersTests.AddCustomer_AddsCustomerAndEmailToCollections","ExecutorUri":"executor://xunit/VsTestRunner2/netcoreapp","Source":"C:\\Users\\user\\Desktop\\week-4-task-KINGKASPEV\\DeroyalBankCoreTesting\\bin\\Debug\\net6.0\\fine-code-coverage\\build-output\\DeroyalBankTesting.dll","CodeFilePath":null,"LineNumber":0,"Properties":[]},{"Id":"6914f6a9-7ea8-566f-a004-f47a9efe3f52","FullyQualifiedName":"DeroyalBankTesting.TransactionTest.CheckBalanceTest.GetCustomerBalance_WithValidAccount_ReturnsBalance","DisplayName":"DeroyalBankTesting.TransactionTest.CheckBalanceTest.GetCustomerBalance_WithValidAccount_ReturnsBalance","ExecutorUri":"executor://xunit/VsTestRunner2/netcoreapp","Source":"C:\\Users\\user\\Desktop\\week-4-task-KINGKASPEV\\DeroyalBankCoreTesting\\bin\\Debug\\net6.0\\fine-code-coverage\\build-output\\DeroyalBankTesting.dll","CodeFilePath":null,"LineNumber":0,"Properties":[]},{"Id":"ab96576d-2349-665b-70c2-53bdd30a6ba6","FullyQualifiedName":"DeroyalBankTesting.TransactionTest.WithdrawalTest.Withdraw_WithInsufficientBalance_Fails","DisplayName":"DeroyalBankTesting.TransactionTest.WithdrawalTest.Withdraw_WithInsufficientBalance_Fails","ExecutorUri":"executor://xunit/VsTestRunner2/netcoreapp","Source":"C:\\Users\\user\\Desktop\\week-4-task-KINGKASPEV\\DeroyalBankCoreTesting\\bin\\Debug\\net6.0\\fine-code-coverage\\build-output\\DeroyalBankTesting.dll","CodeFilePath":null,"LineNumber":0,"Properties":[]}]}}
TpTrace Verbose: 0 : 33492, 7, 2023/09/14, 16:47:25.808, 6477722181811, vstest.console.dll, TestRunRequest:SendTestRunStatsChange: Starting.
TpTrace Verbose: 0 : 33492, 7, 2023/09/14, 16:47:25.808, 6477722183956, vstest.console.dll, InProgress is DeroyalBankTesting.CreateAccountTest.NameValidationTests.IsValidName_ValidatesName(name: "joe", expectedIsValid: False)
TpTrace Verbose: 0 : 33492, 7, 2023/09/14, 16:47:25.808, 6477722184307, vstest.console.dll, InProgress is DeroyalBankTesting.CreateAccountTest.phonenumbervalidationtest.isvalidphonenumber_validatesphonenumber(phonenumber: "123456789012", expectedisvalid: False)
TpTrace Verbose: 0 : 33492, 7, 2023/09/14, 16:47:25.808, 6477722184522, vstest.console.dll, InProgress is DeroyalBankTesting.CreateAccountTest.PasswordValidationTests.IsValidPassword_ValidatesPassword(password: "P@ssw0rd!", expectedIsValid: True)
TpTrace Verbose: 0 : 33492, 7, 2023/09/14, 16:47:25.808, 6477722184711, vstest.console.dll, InProgress is DeroyalBankTesting.DataTest.ListOfCustomersTests.AddCustomer_AddsCustomerAndEmailToCollections
TpTrace Verbose: 0 : 33492, 7, 2023/09/14, 16:47:25.808, 6477722184894, vstest.console.dll, InProgress is DeroyalBankTesting.TransactionTest.CheckBalanceTest.GetCustomerBalance_WithValidAccount_ReturnsBalance
TpTrace Verbose: 0 : 33492, 7, 2023/09/14, 16:47:25.808, 6477722185073, vstest.console.dll, InProgress is DeroyalBankTesting.TransactionTest.WithdrawalTest.Withdraw_WithInsufficientBalance_Fails
TpTrace Verbose: 0 : 33492, 7, 2023/09/14, 16:47:25.809, 6477722187906, vstest.console.dll, MulticastDelegateUtilities.SafeInvoke: TestRun.RunStatsChanged: Invoking callbacks was skipped because there are no subscribers.
TpTrace Information: 0 : 33492, 7, 2023/09/14, 16:47:25.809, 6477722188291, vstest.console.dll, TestRunRequest:SendTestRunStatsChange: Completed.
TpTrace Verbose: 0 : 33492, 7, 2023/09/14, 16:47:25.809, 6477722188529, vstest.console.dll, MulticastDelegateUtilities.SafeInvoke: LengthPrefixCommunicationChannel: MessageReceived: Invoking callback 1/1 for Microsoft.VisualStudio.TestPlatform.CommunicationUtilities.TestRequestSender+<>c__DisplayClass34_0., took 21 ms.
TpTrace Verbose: 0 : 33492, 7, 2023/09/14, 16:47:25.809, 6477722188783, vstest.console.dll, TcpClientExtensions.MessageLoopAsync: Polling on remoteEndPoint: 127.0.0.1:63774 localEndPoint: 127.0.0.1:63773
TpTrace Verbose: 0 : 33492, 7, 2023/09/14, 16:47:25.809, 6477722189111, vstest.console.dll, TcpClientExtensions.MessageLoopAsync: NotifyDataAvailable remoteEndPoint: 127.0.0.1:63774 localEndPoint: 127.0.0.1:63773
TpTrace Verbose: 0 : 33492, 7, 2023/09/14, 16:47:25.809, 6477722190389, vstest.console.dll, TestRequestSender.OnExecutionMessageReceived: Received message: {"Version":7,"MessageType":"TestExecution.StatsChange","Payload":{"NewTestResults":[{"TestCase":{"Id":"6914f6a9-7ea8-566f-a004-f47a9efe3f52","FullyQualifiedName":"DeroyalBankTesting.TransactionTest.CheckBalanceTest.GetCustomerBalance_WithValidAccount_ReturnsBalance","DisplayName":"DeroyalBankTesting.TransactionTest.CheckBalanceTest.GetCustomerBalance_WithValidAccount_ReturnsBalance","ExecutorUri":"executor://xunit/VsTestRunner2/netcoreapp","Source":"C:\\Users\\user\\Desktop\\week-4-task-KINGKASPEV\\DeroyalBankCoreTesting\\bin\\Debug\\net6.0\\fine-code-coverage\\build-output\\DeroyalBankTesting.dll","CodeFilePath":null,"LineNumber":0,"Properties":[]},"Attachments":[],"Outcome":1,"ErrorMessage":null,"ErrorStackTrace":null,"DisplayName":"DeroyalBankTesting.TransactionTest.CheckBalanceTest.GetCustomerBalance_WithValidAccount_ReturnsBalance","Messages":[],"ComputerName":"DESKTOP-VMTE4F8","Duration":"00:00:00.0002511","StartTime":"2023-09-14T15:47:25.7891656+00:00","EndTime":"2023-09-14T15:47:25.7891657+00:00","Properties":[]},{"TestCase":{"Id":"ab96576d-2349-665b-70c2-53bdd30a6ba6","FullyQualifiedName":"DeroyalBankTesting.TransactionTest.WithdrawalTest.Withdraw_WithInsufficientBalance_Fails","DisplayName":"DeroyalBankTesting.TransactionTest.WithdrawalTest.Withdraw_WithInsufficientBalance_Fails","ExecutorUri":"executor://xunit/VsTestRunner2/netcoreapp","Source":"C:\\Users\\user\\Desktop\\week-4-task-KINGKASPEV\\DeroyalBankCoreTesting\\bin\\Debug\\net6.0\\fine-code-coverage\\build-output\\DeroyalBankTesting.dll","CodeFilePath":null,"LineNumber":0,"Properties":[]},"Attachments":[],"Outcome":1,"ErrorMessage":null,"ErrorStackTrace":null,"DisplayName":"DeroyalBankTesting.TransactionTest.WithdrawalTest.Withdraw_WithInsufficientBalance_Fails","Messages":[],"ComputerName":"DESKTOP-VMTE4F8","Duration":"00:00:00.0004348","StartTime":"2023-09-14T15:47:25.790595+00:00","EndTime":"2023-09-14T15:47:25.790595+00:00","Properties":[]},{"TestCase":{"Id":"c59152f6-472b-5fed-8d4c-dc9e86658fa9","FullyQualifiedName":"DeroyalBankTesting.CreateAccountTest.phonenumbervalidationtest.isvalidphonenumber_validatesphonenumber","DisplayName":"DeroyalBankTesting.CreateAccountTest.phonenumbervalidationtest.isvalidphonenumber_validatesphonenumber(phonenumber: \"123456789012\", expectedisvalid: False)","ExecutorUri":"executor://xunit/VsTestRunner2/netcoreapp","Source":"C:\\Users\\user\\Desktop\\week-4-task-KINGKASPEV\\DeroyalBankCoreTesting\\bin\\Debug\\net6.0\\fine-code-coverage\\build-output\\DeroyalBankTesting.dll","CodeFilePath":null,"LineNumber":0,"Properties":[]},"Attachments":[],"Outcome":1,"ErrorMessage":null,"ErrorStackTrace":null,"DisplayName":"DeroyalBankTesting.CreateAccountTest.phonenumbervalidationtest.isvalidphonenumber_validatesphonenumber(phonenumber: \"123456789012\", expectedisvalid: False)","Messages":[],"ComputerName":"DESKTOP-VMTE4F8","Duration":"00:00:00.0113307","StartTime":"2023-09-14T15:47:25.7917725+00:00","EndTime":"2023-09-14T15:47:25.7917725+00:00","Properties":[]},{"TestCase":{"Id":"ce3c8852-409d-017b-abde-56401e891b9e","FullyQualifiedName":"DeroyalBankTesting.CreateAccountTest.NameValidationTests.IsValidName_ValidatesName","DisplayName":"DeroyalBankTesting.CreateAccountTest.NameValidationTests.IsValidName_ValidatesName(name: \"joe\", expectedIsValid: False)","ExecutorUri":"executor://xunit/VsTestRunner2/netcoreapp","Source":"C:\\Users\\user\\Desktop\\week-4-task-KINGKASPEV\\DeroyalBankCoreTesting\\bin\\Debug\\net6.0\\fine-code-coverage\\build-output\\DeroyalBankTesting.dll","CodeFilePath":null,"LineNumber":0,"Properties":[]},"Attachments":[],"Outcome":1,"ErrorMessage":null,"ErrorStackTrace":null,"DisplayName":"DeroyalBankTesting.CreateAccountTest.NameValidationTests.IsValidName_ValidatesName(name: \"joe\", expectedIsValid: False)","Messages":[],"ComputerName":"DESKTOP-VMTE4F8","Duration":"00:00:00.0111446","StartTime":"2023-09-14T15:47:25.7928368+00:00","EndTime":"2023-09-14T15:47:25.7928368+00:00","Properties":[]},{"TestCase":{"Id":"c743f691-fd64-97e4-83b0-d55a4cd4fcdd","FullyQualifiedName":"DeroyalBankTesting.CreateAccountTest.PasswordValidationTests.IsValidPassword_ValidatesPassword","DisplayName":"DeroyalBankTesting.CreateAccountTest.PasswordValidationTests.IsValidPassword_ValidatesPassword(password: \"P@ssw0rd!\", expectedIsValid: True)","ExecutorUri":"executor://xunit/VsTestRunner2/netcoreapp","Source":"C:\\Users\\user\\Desktop\\week-4-task-KINGKASPEV\\DeroyalBankCoreTesting\\bin\\Debug\\net6.0\\fine-code-coverage\\build-output\\DeroyalBankTesting.dll","CodeFilePath":null,"LineNumber":0,"Properties":[]},"Attachments":[],"Outcome":1,"ErrorMessage":null,"ErrorStackTrace":null,"DisplayName":"DeroyalBankTesting.CreateAccountTest.PasswordValidationTests.IsValidPassword_ValidatesPassword(password: \"P@ssw0rd!\", expectedIsValid: True)","Messages":[],"ComputerName":"DESKTOP-VMTE4F8","Duration":"00:00:00.0113396","StartTime":"2023-09-14T15:47:25.7941007+00:00","EndTime":"2023-09-14T15:47:25.7941008+00:00","Properties":[]},{"TestCase":{"Id":"fe1acb63-27cc-c300-36e2-533008ca45ed","FullyQualifiedName":"DeroyalBankTesting.CreateAccountTest.phonenumbervalidationtest.isvalidphonenumber_validatesphonenumber","DisplayName":"DeroyalBankTesting.CreateAccountTest.phonenumbervalidationtest.isvalidphonenumber_validatesphonenumber(phonenumber: \"1234\", expectedisvalid: False)","ExecutorUri":"executor://xunit/VsTestRunner2/netcoreapp","Source":"C:\\Users\\user\\Desktop\\week-4-task-KINGKASPEV\\DeroyalBankCoreTesting\\bin\\Debug\\net6.0\\fine-code-coverage\\build-output\\DeroyalBankTesting.dll","CodeFilePath":null,"LineNumber":0,"Properties":[]},"Attachments":[],"Outcome":1,"ErrorMessage":null,"ErrorStackTrace":null,"DisplayName":"DeroyalBankTesting.CreateAccountTest.phonenumbervalidationtest.isvalidphonenumber_validatesphonenumber(phonenumber: \"1234\", expectedisvalid: False)","Messages":[],"ComputerName":"DESKTOP-VMTE4F8","Duration":"00:00:00.0000205","StartTime":"2023-09-14T15:47:25.7985901+00:00","EndTime":"2023-09-14T15:47:25.7985902+00:00","Properties":[]},{"TestCase":{"Id":"a689a9da-1d92-cdae-97f5-b42ea77d2e1e","FullyQualifiedName":"DeroyalBankTesting.CreateAccountTest.NameValidationTests.IsValidName_ValidatesName","DisplayName":"DeroyalBankTesting.CreateAccountTest.NameValidationTests.IsValidName_ValidatesName(name: \"A\", expectedIsValid: True)","ExecutorUri":"executor://xunit/VsTestRunner2/netcoreapp","Source":"C:\\Users\\user\\Desktop\\week-4-task-KINGKASPEV\\DeroyalBankCoreTesting\\bin\\Debug\\net6.0\\fine-code-coverage\\build-output\\DeroyalBankTesting.dll","CodeFilePath":null,"LineNumber":0,"Properties":[]},"Attachments":[],"Outcome":1,"ErrorMessage":null,"ErrorStackTrace":null,"DisplayName":"DeroyalBankTesting.CreateAccountTest.NameValidationTests.IsValidName_ValidatesName(name: \"A\", expectedIsValid: True)","Messages":[],"ComputerName":"DESKTOP-VMTE4F8","Duration":"00:00:00.0000269","StartTime":"2023-09-14T15:47:25.8007016+00:00","EndTime":"2023-09-14T15:47:25.8007017+00:00","Properties":[]},{"TestCase":{"Id":"638049ac-682d-c056-34c8-586c86e5e98a","FullyQualifiedName":"DeroyalBankTesting.CreateAccountTest.PasswordValidationTests.IsValidPassword_ValidatesPassword","DisplayName":"DeroyalBankTesting.CreateAccountTest.PasswordValidationTests.IsValidPassword_ValidatesPassword(password: \"P@ssw0\", expectedIsValid: True)","ExecutorUri":"executor://xunit/VsTestRunner2/netcoreapp","Source":"C:\\Users\\user\\Desktop\\week-4-task-KINGKASPEV\\DeroyalBankCoreTesting\\bin\\Debug\\net6.0\\fine-code-coverage\\build-output\\DeroyalBankTesting.dll","CodeFilePath":null,"LineNumber":0,"Properties":[]},"Attachments":[],"Outcome":1,"ErrorMessage":null,"ErrorStackTrace":null,"DisplayName":"DeroyalBankTesting.CreateAccountTest.PasswordValidationTests.IsValidPassword_ValidatesPassword(password: \"P@ssw0\", expectedIsValid: True)","Messages":[],"ComputerName":"DESKTOP-VMTE4F8","Duration":"00:00:00.0000287","StartTime":"2023-09-14T15:47:25.8017395+00:00","EndTime":"2023-09-14T15:47:25.8017396+00:00","Properties":[]}],"TestRunStatistics":{"ExecutedTests":12,"Stats":{"Passed":12}},"ActiveTests":[{"Id":"0fba780e-293f-1f0f-60bd-6c4931c61802","FullyQualifiedName":"DeroyalBankTesting.CreateAccountTest.phonenumbervalidationtest.isvalidphonenumber_validatesphonenumber","DisplayName":"DeroyalBankTesting.CreateAccountTest.phonenumbervalidationtest.isvalidphonenumber_validatesphonenumber(phonenumber: \"abcdefghijk\", expectedisvalid: False)","ExecutorUri":"executor://xunit/VsTestRunner2/netcoreapp","Source":"C:\\Users\\user\\Desktop\\week-4-task-KINGKASPEV\\DeroyalBankCoreTesting\\bin\\Debug\\net6.0\\fine-code-coverage\\build-output\\DeroyalBankTesting.dll","CodeFilePath":null,"LineNumber":0,"Properties":[]},{"Id":"71f959b8-6772-1471-80dc-5af0ee4964ee","FullyQualifiedName":"DeroyalBankTesting.CreateAccountTest.NameValidationTests.IsValidName_ValidatesName","DisplayName":"DeroyalBankTesting.CreateAccountTest.NameValidationTests.IsValidName_ValidatesName(name: \"123Name\", expectedIsValid: False)","ExecutorUri":"executor://xunit/VsTestRunner2/netcoreapp","Source":"C:\\Users\\user\\Desktop\\week-4-task-KINGKASPEV\\DeroyalBankCoreTesting\\bin\\Debug\\net6.0\\fine-code-coverage\\build-output\\DeroyalBankTesting.dll","CodeFilePath":null,"LineNumber":0,"Properties":[]}]}}
TpTrace Verbose: 0 : 33492, 7, 2023/09/14, 16:47:25.810, 6477722200728, vstest.console.dll, TestRunRequest:SendTestRunStatsChange: Starting.
TpTrace Verbose: 0 : 33492, 7, 2023/09/14, 16:47:25.810, 6477722201537, vstest.console.dll, InProgress is DeroyalBankTesting.CreateAccountTest.phonenumbervalidationtest.isvalidphonenumber_validatesphonenumber(phonenumber: "abcdefghijk", expectedisvalid: False)
TpTrace Verbose: 0 : 33492, 7, 2023/09/14, 16:47:25.810, 6477722201911, vstest.console.dll, InProgress is DeroyalBankTesting.CreateAccountTest.NameValidationTests.IsValidName_ValidatesName(name: "123Name", expectedIsValid: False)
TpTrace Verbose: 0 : 33492, 7, 2023/09/14, 16:47:25.810, 6477722202829, vstest.console.dll, MulticastDelegateUtilities.SafeInvoke: TestRun.RunStatsChanged: Invoking callbacks was skipped because there are no subscribers.
TpTrace Information: 0 : 33492, 7, 2023/09/14, 16:47:25.810, 6477722203183, vstest.console.dll, TestRunRequest:SendTestRunStatsChange: Completed.
TpTrace Verbose: 0 : 33492, 7, 2023/09/14, 16:47:25.810, 6477722203591, vstest.console.dll, MulticastDelegateUtilities.SafeInvoke: LengthPrefixCommunicationChannel: MessageReceived: Invoking callback 1/1 for Microsoft.VisualStudio.TestPlatform.CommunicationUtilities.TestRequestSender+<>c__DisplayClass34_0., took 1 ms.
TpTrace Verbose: 0 : 33492, 7, 2023/09/14, 16:47:25.810, 6477722203848, vstest.console.dll, TcpClientExtensions.MessageLoopAsync: Polling on remoteEndPoint: 127.0.0.1:63774 localEndPoint: 127.0.0.1:63773
TpTrace Verbose: 0 : 33492, 4, 2023/09/14, 16:47:25.812, 6477722225434, vstest.console.dll, MulticastDelegateUtilities.SafeInvoke: InternalTestLoggerEvents.SendTestResult: Invoking callback 1/1 for Microsoft.VisualStudio.TestPlatform.CommandLine.Internal.ConsoleLogger., took 3 ms.
TpTrace Verbose: 0 : 33492, 4, 2023/09/14, 16:47:25.813, 6477722229722, vstest.console.dll, MulticastDelegateUtilities.SafeInvoke: InternalTestLoggerEvents.SendTestResult: Invoking callback 1/1 for Microsoft.VisualStudio.TestPlatform.CommandLine.Internal.ConsoleLogger., took 0 ms.
TpTrace Verbose: 0 : 33492, 4, 2023/09/14, 16:47:25.813, 6477722230388, vstest.console.dll, MulticastDelegateUtilities.SafeInvoke: InternalTestLoggerEvents.SendTestResult: Invoking callback 1/1 for Microsoft.VisualStudio.TestPlatform.CommandLine.Internal.ConsoleLogger., took 0 ms.
TpTrace Verbose: 0 : 33492, 4, 2023/09/14, 16:47:25.813, 6477722230709, vstest.console.dll, MulticastDelegateUtilities.SafeInvoke: InternalTestLoggerEvents.SendTestResult: Invoking callback 1/1 for Microsoft.VisualStudio.TestPlatform.CommandLine.Internal.ConsoleLogger., took 0 ms.
TpTrace Verbose: 0 : 33492, 4, 2023/09/14, 16:47:25.813, 6477722231078, vstest.console.dll, MulticastDelegateUtilities.SafeInvoke: InternalTestLoggerEvents.SendTestResult: Invoking callback 1/1 for Microsoft.VisualStudio.TestPlatform.CommandLine.Internal.ConsoleLogger., took 0 ms.
TpTrace Verbose: 0 : 33492, 4, 2023/09/14, 16:47:25.814, 6477722239789, vstest.console.dll, MulticastDelegateUtilities.SafeInvoke: InternalTestLoggerEvents.SendTestResult: Invoking callback 1/1 for Microsoft.VisualStudio.TestPlatform.CommandLine.Internal.ConsoleLogger., took 0 ms.
TpTrace Verbose: 0 : 33492, 4, 2023/09/14, 16:47:25.814, 6477722240897, vstest.console.dll, MulticastDelegateUtilities.SafeInvoke: InternalTestLoggerEvents.SendTestResult: Invoking callback 1/1 for Microsoft.VisualStudio.TestPlatform.CommandLine.Internal.ConsoleLogger., took 0 ms.
TpTrace Verbose: 0 : 33492, 4, 2023/09/14, 16:47:25.814, 6477722241313, vstest.console.dll, MulticastDelegateUtilities.SafeInvoke: InternalTestLoggerEvents.SendTestResult: Invoking callback 1/1 for Microsoft.VisualStudio.TestPlatform.CommandLine.Internal.ConsoleLogger., took 0 ms.
TpTrace Verbose: 0 : 33492, 4, 2023/09/14, 16:47:25.814, 6477722241625, vstest.console.dll, MulticastDelegateUtilities.SafeInvoke: InternalTestLoggerEvents.SendTestResult: Invoking callback 1/1 for Microsoft.VisualStudio.TestPlatform.CommandLine.Internal.ConsoleLogger., took 0 ms.
TpTrace Verbose: 0 : 33492, 4, 2023/09/14, 16:47:25.814, 6477722241947, vstest.console.dll, MulticastDelegateUtilities.SafeInvoke: InternalTestLoggerEvents.SendTestResult: Invoking callback 1/1 for Microsoft.VisualStudio.TestPlatform.CommandLine.Internal.ConsoleLogger., took 0 ms.
TpTrace Verbose: 0 : 33492, 4, 2023/09/14, 16:47:25.814, 6477722242247, vstest.console.dll, MulticastDelegateUtilities.SafeInvoke: InternalTestLoggerEvents.SendTestResult: Invoking callback 1/1 for Microsoft.VisualStudio.TestPlatform.CommandLine.Internal.ConsoleLogger., took 0 ms.
TpTrace Verbose: 0 : 33492, 4, 2023/09/14, 16:47:25.814, 6477722242522, vstest.console.dll, MulticastDelegateUtilities.SafeInvoke: InternalTestLoggerEvents.SendTestResult: Invoking callback 1/1 for Microsoft.VisualStudio.TestPlatform.CommandLine.Internal.ConsoleLogger., took 0 ms.
TpTrace Verbose: 0 : 33492, 7, 2023/09/14, 16:47:25.820, 6477722297585, vstest.console.dll, TcpClientExtensions.MessageLoopAsync: NotifyDataAvailable remoteEndPoint: 127.0.0.1:63774 localEndPoint: 127.0.0.1:63773
TpTrace Verbose: 0 : 33492, 7, 2023/09/14, 16:47:25.820, 6477722299570, vstest.console.dll, TestRequestSender.OnExecutionMessageReceived: Received message: {"Version":7,"MessageType":"TestExecution.StatsChange","Payload":{"NewTestResults":[{"TestCase":{"Id":"71f959b8-6772-1471-80dc-5af0ee4964ee","FullyQualifiedName":"DeroyalBankTesting.CreateAccountTest.NameValidationTests.IsValidName_ValidatesName","DisplayName":"DeroyalBankTesting.CreateAccountTest.NameValidationTests.IsValidName_ValidatesName(name: \"123Name\", expectedIsValid: False)","ExecutorUri":"executor://xunit/VsTestRunner2/netcoreapp","Source":"C:\\Users\\user\\Desktop\\week-4-task-KINGKASPEV\\DeroyalBankCoreTesting\\bin\\Debug\\net6.0\\fine-code-coverage\\build-output\\DeroyalBankTesting.dll","CodeFilePath":null,"LineNumber":0,"Properties":[]},"Attachments":[],"Outcome":1,"ErrorMessage":null,"ErrorStackTrace":null,"DisplayName":"DeroyalBankTesting.CreateAccountTest.NameValidationTests.IsValidName_ValidatesName(name: \"123Name\", expectedIsValid: False)","Messages":[],"ComputerName":"DESKTOP-VMTE4F8","Duration":"00:00:00.0000116","StartTime":"2023-09-14T15:47:25.8067173+00:00","EndTime":"2023-09-14T15:47:25.8067174+00:00","Properties":[]},{"TestCase":{"Id":"e84b85ad-298c-45c9-ec3e-b717d25618a9","FullyQualifiedName":"DeroyalBankTesting.CreateAccountTest.PasswordValidationTests.IsValidPassword_ValidatesPassword","DisplayName":"DeroyalBankTesting.CreateAccountTest.PasswordValidationTests.IsValidPassword_ValidatesPassword(password: \"Special!char$\", expectedIsValid: True)","ExecutorUri":"executor://xunit/VsTestRunner2/netcoreapp","Source":"C:\\Users\\user\\Desktop\\week-4-task-KINGKASPEV\\DeroyalBankCoreTesting\\bin\\Debug\\net6.0\\fine-code-coverage\\build-output\\DeroyalBankTesting.dll","CodeFilePath":null,"LineNumber":0,"Properties":[]},"Attachments":[],"Outcome":1,"ErrorMessage":null,"ErrorStackTrace":null,"DisplayName":"DeroyalBankTesting.CreateAccountTest.PasswordValidationTests.IsValidPassword_ValidatesPassword(password: \"Special!char$\", expectedIsValid: True)","Messages":[],"ComputerName":"DESKTOP-VMTE4F8","Duration":"00:00:00.0000121","StartTime":"2023-09-14T15:47:25.8077309+00:00","EndTime":"2023-09-14T15:47:25.8077309+00:00","Properties":[]},{"TestCase":{"Id":"0fba780e-293f-1f0f-60bd-6c4931c61802","FullyQualifiedName":"DeroyalBankTesting.CreateAccountTest.phonenumbervalidationtest.isvalidphonenumber_validatesphonenumber","DisplayName":"DeroyalBankTesting.CreateAccountTest.phonenumbervalidationtest.isvalidphonenumber_validatesphonenumber(phonenumber: \"abcdefghijk\", expectedisvalid: False)","ExecutorUri":"executor://xunit/VsTestRunner2/netcoreapp","Source":"C:\\Users\\user\\Desktop\\week-4-task-KINGKASPEV\\DeroyalBankCoreTesting\\bin\\Debug\\net6.0\\fine-code-coverage\\build-output\\DeroyalBankTesting.dll","CodeFilePath":null,"LineNumber":0,"Properties":[]},"Attachments":[],"Outcome":1,"ErrorMessage":null,"ErrorStackTrace":null,"DisplayName":"DeroyalBankTesting.CreateAccountTest.phonenumbervalidationtest.isvalidphonenumber_validatesphonenumber(phonenumber: \"abcdefghijk\", expectedisvalid: False)","Messages":[],"ComputerName":"DESKTOP-VMTE4F8","Duration":"00:00:00.0000124","StartTime":"2023-09-14T15:47:25.8087939+00:00","EndTime":"2023-09-14T15:47:25.808794+00:00","Properties":[]},{"TestCase":{"Id":"63b75f44-4bf6-21e2-f8ce-59e5c8627056","FullyQualifiedName":"DeroyalBankTesting.CreateAccountTest.phonenumbervalidationtest.isvalidphonenumber_validatesphonenumber","DisplayName":"DeroyalBankTesting.CreateAccountTest.phonenumbervalidationtest.isvalidphonenumber_validatesphonenumber(phonenumber: \"1234567890a\", expectedisvalid: False)","ExecutorUri":"executor://xunit/VsTestRunner2/netcoreapp","Source":"C:\\Users\\user\\Desktop\\week-4-task-KINGKASPEV\\DeroyalBankCoreTesting\\bin\\Debug\\net6.0\\fine-code-coverage\\build-output\\DeroyalBankTesting.dll","CodeFilePath":null,"LineNumber":0,"Properties":[]},"Attachments":[],"Outcome":1,"ErrorMessage":null,"ErrorStackTrace":null,"DisplayName":"DeroyalBankTesting.CreateAccountTest.phonenumbervalidationtest.isvalidphonenumber_validatesphonenumber(phonenumber: \"1234567890a\", expectedisvalid: False)","Messages":[],"ComputerName":"DESKTOP-VMTE4F8","Duration":"00:00:00.0000059","StartTime":"2023-09-14T15:47:25.8133662+00:00","EndTime":"2023-09-14T15:47:25.8133663+00:00","Properties":[]},{"TestCase":{"Id":"2e937c74-3317-e8c5-bd8b-4c9c704f177f","FullyQualifiedName":"DeroyalBankTesting.CreateAccountTest.PasswordValidationTests.IsValidPassword_ValidatesPassword","DisplayName":"DeroyalBankTesting.CreateAccountTest.PasswordValidationTests.IsValidPassword_ValidatesPassword(password: \"P@sswo\", expectedIsValid: True)","ExecutorUri":"executor://xunit/VsTestRunner2/netcoreapp","Source":"C:\\Users\\user\\Desktop\\week-4-task-KINGKASPEV\\DeroyalBankCoreTesting\\bin\\Debug\\net6.0\\fine-code-coverage\\build-output\\DeroyalBankTesting.dll","CodeFilePath":null,"LineNumber":0,"Properties":[]},"Attachments":[],"Outcome":1,"ErrorMessage":null,"ErrorStackTrace":null,"DisplayName":"DeroyalBankTesting.CreateAccountTest.PasswordValidationTests.IsValidPassword_ValidatesPassword(password: \"P@sswo\", expectedIsValid: True)","Messages":[],"ComputerName":"DESKTOP-VMTE4F8","Duration":"00:00:00.0000103","StartTime":"2023-09-14T15:47:25.8151984+00:00","EndTime":"2023-09-14T15:47:25.8151985+00:00","Properties":[]},{"TestCase":{"Id":"89808788-4fbc-e8ae-b85b-1bcfe61c64bb","FullyQualifiedName":"DeroyalBankTesting.CreateAccountTest.NameValidationTests.IsValidName_ValidatesName","DisplayName":"DeroyalBankTesting.CreateAccountTest.NameValidationTests.IsValidName_ValidatesName(name: \"John\", expectedIsValid: True)","ExecutorUri":"executor://xunit/VsTestRunner2/netcoreapp","Source":"C:\\Users\\user\\Desktop\\week-4-task-KINGKASPEV\\DeroyalBankCoreTesting\\bin\\Debug\\net6.0\\fine-code-coverage\\build-output\\DeroyalBankTesting.dll","CodeFilePath":null,"LineNumber":0,"Properties":[]},"Attachments":[],"Outcome":1,"ErrorMessage":null,"ErrorStackTrace":null,"DisplayName":"DeroyalBankTesting.CreateAccountTest.NameValidationTests.IsValidName_ValidatesName(name: \"John\", expectedIsValid: True)","Messages":[],"ComputerName":"DESKTOP-VMTE4F8","Duration":"00:00:00.0000102","StartTime":"2023-09-14T15:47:25.8160949+00:00","EndTime":"2023-09-14T15:47:25.816095+00:00","Properties":[]},{"TestCase":{"Id":"a60a1039-6a28-61ac-0251-8ddad6b5bf43","FullyQualifiedName":"DeroyalBankTesting.CreateAccountTest.phonenumbervalidationtest.isvalidphonenumber_validatesphonenumber","DisplayName":"DeroyalBankTesting.CreateAccountTest.phonenumbervalidationtest.isvalidphonenumber_validatesphonenumber(phonenumber: \"123-456-7890\", expectedisvalid: False)","ExecutorUri":"executor://xunit/VsTestRunner2/netcoreapp","Source":"C:\\Users\\user\\Desktop\\week-4-task-KINGKASPEV\\DeroyalBankCoreTesting\\bin\\Debug\\net6.0\\fine-code-coverage\\build-output\\DeroyalBankTesting.dll","CodeFilePath":null,"LineNumber":0,"Properties":[]},"Attachments":[],"Outcome":1,"ErrorMessage":null,"ErrorStackTrace":null,"DisplayName":"DeroyalBankTesting.CreateAccountTest.phonenumbervalidationtest.isvalidphonenumber_validatesphonenumber(phonenumber: \"123-456-7890\", expectedisvalid: False)","Messages":[],"ComputerName":"DESKTOP-VMTE4F8","Duration":"00:00:00.0000049","StartTime":"2023-09-14T15:47:25.8186593+00:00","EndTime":"2023-09-14T15:47:25.8186594+00:00","Properties":[]}],"TestRunStatistics":{"ExecutedTests":19,"Stats":{"Passed":19}},"ActiveTests":[{"Id":"55b944c0-9441-f20e-92f5-0a96b4678e53","FullyQualifiedName":"DeroyalBankTesting.CreateAccountTest.PasswordValidationTests.IsValidPassword_ValidatesPassword","DisplayName":"DeroyalBankTesting.CreateAccountTest.PasswordValidationTests.IsValidPassword_ValidatesPassword(password: \"12345678@\", expectedIsValid: True)","ExecutorUri":"executor://xunit/VsTestRunner2/netcoreapp","Source":"C:\\Users\\user\\Desktop\\week-4-task-KINGKASPEV\\DeroyalBankCoreTesting\\bin\\Debug\\net6.0\\fine-code-coverage\\build-output\\DeroyalBankTesting.dll","CodeFilePath":null,"LineNumber":0,"Properties":[]},{"Id":"c4451c9d-b827-37b4-a572-56ce7a6f69ad","FullyQualifiedName":"DeroyalBankTesting.CreateAccountTest.NameValidationTests.IsValidName_ValidatesName","DisplayName":"DeroyalBankTesting.CreateAccountTest.NameValidationTests.IsValidName_ValidatesName(name: \"Jane Doe\", expectedIsValid: False)","ExecutorUri":"executor://xunit/VsTestRunner2/netcoreapp","Source":"C:\\Users\\user\\Desktop\\week-4-task-KINGKASPEV\\DeroyalBankCoreTesting\\bin\\Debug\\net6.0\\fine-code-coverage\\build-output\\DeroyalBankTesting.dll","CodeFilePath":null,"LineNumber":0,"Properties":[]},{"Id":"ff51a62e-5ceb-2df5-c9aa-1c06f0812aad","FullyQualifiedName":"DeroyalBankTesting.CreateAccountTest.phonenumbervalidationtest.isvalidphonenumber_validatesphonenumber","DisplayName":"DeroyalBankTesting.CreateAccountTest.phonenumbervalidationtest.isvalidphonenumber_validatesphonenumber(phonenumber: \"12345678901\", expectedisvalid: True)","ExecutorUri":"executor://xunit/VsTestRunner2/netcoreapp","Source":"C:\\Users\\user\\Desktop\\week-4-task-KINGKASPEV\\DeroyalBankCoreTesting\\bin\\Debug\\net6.0\\fine-code-coverage\\build-output\\DeroyalBankTesting.dll","CodeFilePath":null,"LineNumber":0,"Properties":[]}]}}
TpTrace Verbose: 0 : 33492, 7, 2023/09/14, 16:47:25.820, 6477722305839, vstest.console.dll, TestRunRequest:SendTestRunStatsChange: Starting.
TpTrace Verbose: 0 : 33492, 7, 2023/09/14, 16:47:25.821, 6477722307067, vstest.console.dll, InProgress is DeroyalBankTesting.CreateAccountTest.PasswordValidationTests.IsValidPassword_ValidatesPassword(password: "12345678@", expectedIsValid: True)
TpTrace Verbose: 0 : 33492, 7, 2023/09/14, 16:47:25.821, 6477722308153, vstest.console.dll, InProgress is DeroyalBankTesting.CreateAccountTest.NameValidationTests.IsValidName_ValidatesName(name: "Jane Doe", expectedIsValid: False)
TpTrace Verbose: 0 : 33492, 7, 2023/09/14, 16:47:25.821, 6477722308388, vstest.console.dll, InProgress is DeroyalBankTesting.CreateAccountTest.phonenumbervalidationtest.isvalidphonenumber_validatesphonenumber(phonenumber: "12345678901", expectedisvalid: True)
TpTrace Verbose: 0 : 33492, 7, 2023/09/14, 16:47:25.821, 6477722308804, vstest.console.dll, MulticastDelegateUtilities.SafeInvoke: TestRun.RunStatsChanged: Invoking callbacks was skipped because there are no subscribers.
TpTrace Information: 0 : 33492, 7, 2023/09/14, 16:47:25.821, 6477722309048, vstest.console.dll, TestRunRequest:SendTestRunStatsChange: Completed.
TpTrace Verbose: 0 : 33492, 7, 2023/09/14, 16:47:25.821, 6477722309386, vstest.console.dll, MulticastDelegateUtilities.SafeInvoke: LengthPrefixCommunicationChannel: MessageReceived: Invoking callback 1/1 for Microsoft.VisualStudio.TestPlatform.CommunicationUtilities.TestRequestSender+<>c__DisplayClass34_0., took 1 ms.
TpTrace Verbose: 0 : 33492, 7, 2023/09/14, 16:47:25.821, 6477722309641, vstest.console.dll, TcpClientExtensions.MessageLoopAsync: Polling on remoteEndPoint: 127.0.0.1:63774 localEndPoint: 127.0.0.1:63773
TpTrace Verbose: 0 : 33492, 4, 2023/09/14, 16:47:25.821, 6477722309808, vstest.console.dll, MulticastDelegateUtilities.SafeInvoke: InternalTestLoggerEvents.SendTestResult: Invoking callback 1/1 for Microsoft.VisualStudio.TestPlatform.CommandLine.Internal.ConsoleLogger., took 0 ms.
TpTrace Verbose: 0 : 33492, 4, 2023/09/14, 16:47:25.821, 6477722310763, vstest.console.dll, MulticastDelegateUtilities.SafeInvoke: InternalTestLoggerEvents.SendTestResult: Invoking callback 1/1 for Microsoft.VisualStudio.TestPlatform.CommandLine.Internal.ConsoleLogger., took 0 ms.
TpTrace Verbose: 0 : 33492, 4, 2023/09/14, 16:47:25.821, 6477722311172, vstest.console.dll, MulticastDelegateUtilities.SafeInvoke: InternalTestLoggerEvents.SendTestResult: Invoking callback 1/1 for Microsoft.VisualStudio.TestPlatform.CommandLine.Internal.ConsoleLogger., took 0 ms.
TpTrace Verbose: 0 : 33492, 4, 2023/09/14, 16:47:25.821, 6477722311500, vstest.console.dll, MulticastDelegateUtilities.SafeInvoke: InternalTestLoggerEvents.SendTestResult: Invoking callback 1/1 for Microsoft.VisualStudio.TestPlatform.CommandLine.Internal.ConsoleLogger., took 0 ms.
TpTrace Verbose: 0 : 33492, 4, 2023/09/14, 16:47:25.821, 6477722311867, vstest.console.dll, MulticastDelegateUtilities.SafeInvoke: InternalTestLoggerEvents.SendTestResult: Invoking callback 1/1 for Microsoft.VisualStudio.TestPlatform.CommandLine.Internal.ConsoleLogger., took 0 ms.
TpTrace Verbose: 0 : 33492, 4, 2023/09/14, 16:47:25.821, 6477722312157, vstest.console.dll, MulticastDelegateUtilities.SafeInvoke: InternalTestLoggerEvents.SendTestResult: Invoking callback 1/1 for Microsoft.VisualStudio.TestPlatform.CommandLine.Internal.ConsoleLogger., took 0 ms.
TpTrace Verbose: 0 : 33492, 4, 2023/09/14, 16:47:25.821, 6477722312452, vstest.console.dll, MulticastDelegateUtilities.SafeInvoke: InternalTestLoggerEvents.SendTestResult: Invoking callback 1/1 for Microsoft.VisualStudio.TestPlatform.CommandLine.Internal.ConsoleLogger., took 0 ms.
TpTrace Verbose: 0 : 33492, 7, 2023/09/14, 16:47:25.840, 6477722503387, vstest.console.dll, TcpClientExtensions.MessageLoopAsync: NotifyDataAvailable remoteEndPoint: 127.0.0.1:63774 localEndPoint: 127.0.0.1:63773
TpTrace Verbose: 0 : 33492, 7, 2023/09/14, 16:47:25.840, 6477722505220, vstest.console.dll, TestRequestSender.OnExecutionMessageReceived: Received message: {"Version":7,"MessageType":"TestExecution.StatsChange","Payload":{"NewTestResults":[{"TestCase":{"Id":"ff51a62e-5ceb-2df5-c9aa-1c06f0812aad","FullyQualifiedName":"DeroyalBankTesting.CreateAccountTest.phonenumbervalidationtest.isvalidphonenumber_validatesphonenumber","DisplayName":"DeroyalBankTesting.CreateAccountTest.phonenumbervalidationtest.isvalidphonenumber_validatesphonenumber(phonenumber: \"12345678901\", expectedisvalid: True)","ExecutorUri":"executor://xunit/VsTestRunner2/netcoreapp","Source":"C:\\Users\\user\\Desktop\\week-4-task-KINGKASPEV\\DeroyalBankCoreTesting\\bin\\Debug\\net6.0\\fine-code-coverage\\build-output\\DeroyalBankTesting.dll","CodeFilePath":null,"LineNumber":0,"Properties":[]},"Attachments":[],"Outcome":1,"ErrorMessage":null,"ErrorStackTrace":null,"DisplayName":"DeroyalBankTesting.CreateAccountTest.phonenumbervalidationtest.isvalidphonenumber_validatesphonenumber(phonenumber: \"12345678901\", expectedisvalid: True)","Messages":[],"ComputerName":"DESKTOP-VMTE4F8","Duration":"00:00:00.0000044","StartTime":"2023-09-14T15:47:25.8214476+00:00","EndTime":"2023-09-14T15:47:25.8214476+00:00","Properties":[]},{"TestCase":{"Id":"55b944c0-9441-f20e-92f5-0a96b4678e53","FullyQualifiedName":"DeroyalBankTesting.CreateAccountTest.PasswordValidationTests.IsValidPassword_ValidatesPassword","DisplayName":"DeroyalBankTesting.CreateAccountTest.PasswordValidationTests.IsValidPassword_ValidatesPassword(password: \"12345678@\", expectedIsValid: True)","ExecutorUri":"executor://xunit/VsTestRunner2/netcoreapp","Source":"C:\\Users\\user\\Desktop\\week-4-task-KINGKASPEV\\DeroyalBankCoreTesting\\bin\\Debug\\net6.0\\fine-code-coverage\\build-output\\DeroyalBankTesting.dll","CodeFilePath":null,"LineNumber":0,"Properties":[]},"Attachments":[],"Outcome":1,"ErrorMessage":null,"ErrorStackTrace":null,"DisplayName":"DeroyalBankTesting.CreateAccountTest.PasswordValidationTests.IsValidPassword_ValidatesPassword(password: \"12345678@\", expectedIsValid: True)","Messages":[],"ComputerName":"DESKTOP-VMTE4F8","Duration":"00:00:00.0000097","StartTime":"2023-09-14T15:47:25.8225841+00:00","EndTime":"2023-09-14T15:47:25.8225842+00:00","Properties":[]},{"TestCase":{"Id":"c4451c9d-b827-37b4-a572-56ce7a6f69ad","FullyQualifiedName":"DeroyalBankTesting.CreateAccountTest.NameValidationTests.IsValidName_ValidatesName","DisplayName":"DeroyalBankTesting.CreateAccountTest.NameValidationTests.IsValidName_ValidatesName(name: \"Jane Doe\", expectedIsValid: False)","ExecutorUri":"executor://xunit/VsTestRunner2/netcoreapp","Source":"C:\\Users\\user\\Desktop\\week-4-task-KINGKASPEV\\DeroyalBankCoreTesting\\bin\\Debug\\net6.0\\fine-code-coverage\\build-output\\DeroyalBankTesting.dll","CodeFilePath":null,"LineNumber":0,"Properties":[]},"Attachments":[],"Outcome":1,"ErrorMessage":null,"ErrorStackTrace":null,"DisplayName":"DeroyalBankTesting.CreateAccountTest.NameValidationTests.IsValidName_ValidatesName(name: \"Jane Doe\", expectedIsValid: False)","Messages":[],"ComputerName":"DESKTOP-VMTE4F8","Duration":"00:00:00.0000109","StartTime":"2023-09-14T15:47:25.8235519+00:00","EndTime":"2023-09-14T15:47:25.823552+00:00","Properties":[]},{"TestCase":{"Id":"ca9af93b-f5ea-64a4-08e9-0fbccd4f6fca","FullyQualifiedName":"DeroyalBankTesting.CreateAccountTest.PasswordValidationTests.IsValidPassword_ValidatesPassword","DisplayName":"DeroyalBankTesting.CreateAccountTest.PasswordValidationTests.IsValidPassword_ValidatesPassword(password: \"P@ssword\", expectedIsValid: True)","ExecutorUri":"executor://xunit/VsTestRunner2/netcoreapp","Source":"C:\\Users\\user\\Desktop\\week-4-task-KINGKASPEV\\DeroyalBankCoreTesting\\bin\\Debug\\net6.0\\fine-code-coverage\\build-output\\DeroyalBankTesting.dll","CodeFilePath":null,"LineNumber":0,"Properties":[]},"Attachments":[],"Outcome":1,"ErrorMessage":null,"ErrorStackTrace":null,"DisplayName":"DeroyalBankTesting.CreateAccountTest.PasswordValidationTests.IsValidPassword_ValidatesPassword(password: \"P@ssword\", expectedIsValid: True)","Messages":[],"ComputerName":"DESKTOP-VMTE4F8","Duration":"00:00:00.0000099","StartTime":"2023-09-14T15:47:25.8329756+00:00","EndTime":"2023-09-14T15:47:25.8329756+00:00","Properties":[]},{"TestCase":{"Id":"a7a87007-099a-9d6e-ccc6-4eb2e8046a4b","FullyQualifiedName":"DeroyalBankTesting.CreateAccountTest.NameValidationTests.IsValidName_ValidatesName","DisplayName":"DeroyalBankTesting.CreateAccountTest.NameValidationTests.IsValidName_ValidatesName(name: \"Mary-Ann\", expectedIsValid: False)","ExecutorUri":"executor://xunit/VsTestRunner2/netcoreapp","Source":"C:\\Users\\user\\Desktop\\week-4-task-KINGKASPEV\\DeroyalBankCoreTesting\\bin\\Debug\\net6.0\\fine-code-coverage\\build-output\\DeroyalBankTesting.dll","CodeFilePath":null,"LineNumber":0,"Properties":[]},"Attachments":[],"Outcome":1,"ErrorMessage":null,"ErrorStackTrace":null,"DisplayName":"DeroyalBankTesting.CreateAccountTest.NameValidationTests.IsValidName_ValidatesName(name: \"Mary-Ann\", expectedIsValid: False)","Messages":[],"ComputerName":"DESKTOP-VMTE4F8","Duration":"00:00:00.0000094","StartTime":"2023-09-14T15:47:25.8338249+00:00","EndTime":"2023-09-14T15:47:25.8338249+00:00","Properties":[]},{"TestCase":{"Id":"505f8987-2053-d1c8-4003-96687a29bfc6","FullyQualifiedName":"DeroyalBankTesting.CreateAccountTest.PasswordValidationTests.IsValidPassword_ValidatesPassword","DisplayName":"DeroyalBankTesting.CreateAccountTest.PasswordValidationTests.IsValidPassword_ValidatesPassword(password: \"Password1\", expectedIsValid: False)","ExecutorUri":"executor://xunit/VsTestRunner2/netcoreapp","Source":"C:\\Users\\user\\Desktop\\week-4-task-KINGKASPEV\\DeroyalBankCoreTesting\\bin\\Debug\\net6.0\\fine-code-coverage\\build-output\\DeroyalBankTesting.dll","CodeFilePath":null,"LineNumber":0,"Properties":[]},"Attachments":[],"Outcome":1,"ErrorMessage":null,"ErrorStackTrace":null,"DisplayName":"DeroyalBankTesting.CreateAccountTest.PasswordValidationTests.IsValidPassword_ValidatesPassword(password: \"Password1\", expectedIsValid: False)","Messages":[],"ComputerName":"DESKTOP-VMTE4F8","Duration":"00:00:00.0000106","StartTime":"2023-09-14T15:47:25.8354999+00:00","EndTime":"2023-09-14T15:47:25.8355+00:00","Properties":[]},{"TestCase":{"Id":"8b62512d-0181-ee29-4718-7eeeb7b4734c","FullyQualifiedName":"DeroyalBankTesting.CreateAccountTest.EmailValidationTests.IsValidEmail_ValidatesEmail","DisplayName":"DeroyalBankTesting.CreateAccountTest.EmailValidationTests.IsValidEmail_ValidatesEmail(email: \"valid.email@example.com\", expectedIsValid: True)","ExecutorUri":"executor://xunit/VsTestRunner2/netcoreapp","Source":"C:\\Users\\user\\Desktop\\week-4-task-KINGKASPEV\\DeroyalBankCoreTesting\\bin\\Debug\\net6.0\\fine-code-coverage\\build-output\\DeroyalBankTesting.dll","CodeFilePath":null,"LineNumber":0,"Properties":[]},"Attachments":[],"Outcome":1,"ErrorMessage":null,"ErrorStackTrace":null,"DisplayName":"DeroyalBankTesting.CreateAccountTest.EmailValidationTests.IsValidEmail_ValidatesEmail(email: \"valid.email@example.com\", expectedIsValid: True)","Messages":[],"ComputerName":"DESKTOP-VMTE4F8","Duration":"00:00:00.0002585","StartTime":"2023-09-14T15:47:25.8392567+00:00","EndTime":"2023-09-14T15:47:25.8392567+00:00","Properties":[]}],"TestRunStatistics":{"ExecutedTests":26,"Stats":{"Passed":26}},"ActiveTests":[{"Id":"919896ca-7b80-388d-6e71-4ec7088bead7","FullyQualifiedName":"DeroyalBankTesting.LoginTest.LoginTests.TestLoginUser_ValidCredentials_Success","DisplayName":"DeroyalBankTesting.LoginTest.LoginTests.TestLoginUser_ValidCredentials_Success(accountNos: \"1234567890\", password: \"P@ssword\", expected: True)","ExecutorUri":"executor://xunit/VsTestRunner2/netcoreapp","Source":"C:\\Users\\user\\Desktop\\week-4-task-KINGKASPEV\\DeroyalBankCoreTesting\\bin\\Debug\\net6.0\\fine-code-coverage\\build-output\\DeroyalBankTesting.dll","CodeFilePath":null,"LineNumber":0,"Properties":[]},{"Id":"cab795d8-6c61-c64e-e915-232739bd37f4","FullyQualifiedName":"DeroyalBankTesting.TransactionTest.TransactionTest.Deposit_WithNegativeAmount_ReturnsFalse","DisplayName":"DeroyalBankTesting.TransactionTest.TransactionTest.Deposit_WithNegativeAmount_ReturnsFalse","ExecutorUri":"executor://xunit/VsTestRunner2/netcoreapp","Source":"C:\\Users\\user\\Desktop\\week-4-task-KINGKASPEV\\DeroyalBankCoreTesting\\bin\\Debug\\net6.0\\fine-code-coverage\\build-output\\DeroyalBankTesting.dll","CodeFilePath":null,"LineNumber":0,"Properties":[]},{"Id":"0e2eb89e-f808-be4b-8d9f-2b669b379d6e","FullyQualifiedName":"DeroyalBankTesting.CreateAccountTest.EmailValidationTests.IsValidEmail_ValidatesEmail","DisplayName":"DeroyalBankTesting.CreateAccountTest.EmailValidationTests.IsValidEmail_ValidatesEmail(email: \"invalid-email-example.com\", expectedIsValid: False)","ExecutorUri":"executor://xunit/VsTestRunner2/netcoreapp","Source":"C:\\Users\\user\\Desktop\\week-4-task-KINGKASPEV\\DeroyalBankCoreTesting\\bin\\Debug\\net6.0\\fine-code-coverage\\build-output\\DeroyalBankTesting.dll","CodeFilePath":null,"LineNumber":0,"Properties":[]}]}}
TpTrace Verbose: 0 : 33492, 7, 2023/09/14, 16:47:25.845, 6477722550077, vstest.console.dll, TestRunRequest:SendTestRunStatsChange: Starting.
TpTrace Verbose: 0 : 33492, 7, 2023/09/14, 16:47:25.845, 6477722550562, vstest.console.dll, InProgress is DeroyalBankTesting.LoginTest.LoginTests.TestLoginUser_ValidCredentials_Success(accountNos: "1234567890", password: "P@ssword", expected: True)
TpTrace Verbose: 0 : 33492, 7, 2023/09/14, 16:47:25.845, 6477722550775, vstest.console.dll, InProgress is DeroyalBankTesting.TransactionTest.TransactionTest.Deposit_WithNegativeAmount_ReturnsFalse
TpTrace Verbose: 0 : 33492, 7, 2023/09/14, 16:47:25.845, 6477722551058, vstest.console.dll, InProgress is DeroyalBankTesting.CreateAccountTest.EmailValidationTests.IsValidEmail_ValidatesEmail(email: "invalid-email-example.com", expectedIsValid: False)
TpTrace Verbose: 0 : 33492, 7, 2023/09/14, 16:47:25.845, 6477722551643, vstest.console.dll, MulticastDelegateUtilities.SafeInvoke: TestRun.RunStatsChanged: Invoking callbacks was skipped because there are no subscribers.
TpTrace Information: 0 : 33492, 7, 2023/09/14, 16:47:25.845, 6477722551864, vstest.console.dll, TestRunRequest:SendTestRunStatsChange: Completed.
TpTrace Verbose: 0 : 33492, 7, 2023/09/14, 16:47:25.845, 6477722552154, vstest.console.dll, MulticastDelegateUtilities.SafeInvoke: LengthPrefixCommunicationChannel: MessageReceived: Invoking callback 1/1 for Microsoft.VisualStudio.TestPlatform.CommunicationUtilities.TestRequestSender+<>c__DisplayClass34_0., took 4 ms.
TpTrace Verbose: 0 : 33492, 4, 2023/09/14, 16:47:25.845, 6477722552293, vstest.console.dll, MulticastDelegateUtilities.SafeInvoke: InternalTestLoggerEvents.SendTestResult: Invoking callback 1/1 for Microsoft.VisualStudio.TestPlatform.CommandLine.Internal.ConsoleLogger., took 0 ms.
TpTrace Verbose: 0 : 33492, 4, 2023/09/14, 16:47:25.845, 6477722552909, vstest.console.dll, MulticastDelegateUtilities.SafeInvoke: InternalTestLoggerEvents.SendTestResult: Invoking callback 1/1 for Microsoft.VisualStudio.TestPlatform.CommandLine.Internal.ConsoleLogger., took 0 ms.
TpTrace Verbose: 0 : 33492, 7, 2023/09/14, 16:47:25.845, 6477722552399, vstest.console.dll, TcpClientExtensions.MessageLoopAsync: Polling on remoteEndPoint: 127.0.0.1:63774 localEndPoint: 127.0.0.1:63773
TpTrace Verbose: 0 : 33492, 4, 2023/09/14, 16:47:25.845, 6477722553270, vstest.console.dll, MulticastDelegateUtilities.SafeInvoke: InternalTestLoggerEvents.SendTestResult: Invoking callback 1/1 for Microsoft.VisualStudio.TestPlatform.CommandLine.Internal.ConsoleLogger., took 0 ms.
TpTrace Verbose: 0 : 33492, 4, 2023/09/14, 16:47:25.846, 6477722556781, vstest.console.dll, MulticastDelegateUtilities.SafeInvoke: InternalTestLoggerEvents.SendTestResult: Invoking callback 1/1 for Microsoft.VisualStudio.TestPlatform.CommandLine.Internal.ConsoleLogger., took 0 ms.
TpTrace Verbose: 0 : 33492, 4, 2023/09/14, 16:47:25.846, 6477722557257, vstest.console.dll, MulticastDelegateUtilities.SafeInvoke: InternalTestLoggerEvents.SendTestResult: Invoking callback 1/1 for Microsoft.VisualStudio.TestPlatform.CommandLine.Internal.ConsoleLogger., took 0 ms.
TpTrace Verbose: 0 : 33492, 4, 2023/09/14, 16:47:25.846, 6477722557597, vstest.console.dll, MulticastDelegateUtilities.SafeInvoke: InternalTestLoggerEvents.SendTestResult: Invoking callback 1/1 for Microsoft.VisualStudio.TestPlatform.CommandLine.Internal.ConsoleLogger., took 0 ms.
TpTrace Verbose: 0 : 33492, 4, 2023/09/14, 16:47:25.846, 6477722557882, vstest.console.dll, MulticastDelegateUtilities.SafeInvoke: InternalTestLoggerEvents.SendTestResult: Invoking callback 1/1 for Microsoft.VisualStudio.TestPlatform.CommandLine.Internal.ConsoleLogger., took 0 ms.
TpTrace Verbose: 0 : 33492, 7, 2023/09/14, 16:47:25.857, 6477722671271, vstest.console.dll, TcpClientExtensions.MessageLoopAsync: NotifyDataAvailable remoteEndPoint: 127.0.0.1:63774 localEndPoint: 127.0.0.1:63773
TpTrace Verbose: 0 : 33492, 7, 2023/09/14, 16:47:25.857, 6477722673146, vstest.console.dll, TestRequestSender.OnExecutionMessageReceived: Received message: {"Version":7,"MessageType":"TestExecution.StatsChange","Payload":{"NewTestResults":[{"TestCase":{"Id":"0e2eb89e-f808-be4b-8d9f-2b669b379d6e","FullyQualifiedName":"DeroyalBankTesting.CreateAccountTest.EmailValidationTests.IsValidEmail_ValidatesEmail","DisplayName":"DeroyalBankTesting.CreateAccountTest.EmailValidationTests.IsValidEmail_ValidatesEmail(email: \"invalid-email-example.com\", expectedIsValid: False)","ExecutorUri":"executor://xunit/VsTestRunner2/netcoreapp","Source":"C:\\Users\\user\\Desktop\\week-4-task-KINGKASPEV\\DeroyalBankCoreTesting\\bin\\Debug\\net6.0\\fine-code-coverage\\build-output\\DeroyalBankTesting.dll","CodeFilePath":null,"LineNumber":0,"Properties":[]},"Attachments":[],"Outcome":1,"ErrorMessage":null,"ErrorStackTrace":null,"DisplayName":"DeroyalBankTesting.CreateAccountTest.EmailValidationTests.IsValidEmail_ValidatesEmail(email: \"invalid-email-example.com\", expectedIsValid: False)","Messages":[],"ComputerName":"DESKTOP-VMTE4F8","Duration":"00:00:00.0000089","StartTime":"2023-09-14T15:47:25.8416227+00:00","EndTime":"2023-09-14T15:47:25.8416228+00:00","Properties":[]},{"TestCase":{"Id":"e1d1848f-aa03-edf7-49d5-76def1896ee8","FullyQualifiedName":"DeroyalBankTesting.CreateAccountTest.EmailValidationTests.IsValidEmail_ValidatesEmail","DisplayName":"DeroyalBankTesting.CreateAccountTest.EmailValidationTests.IsValidEmail_ValidatesEmail(email: \"no_at_symbol.com\", expectedIsValid: False)","ExecutorUri":"executor://xunit/VsTestRunner2/netcoreapp","Source":"C:\\Users\\user\\Desktop\\week-4-task-KINGKASPEV\\DeroyalBankCoreTesting\\bin\\Debug\\net6.0\\fine-code-coverage\\build-output\\DeroyalBankTesting.dll","CodeFilePath":null,"LineNumber":0,"Properties":[]},"Attachments":[],"Outcome":1,"ErrorMessage":null,"ErrorStackTrace":null,"DisplayName":"DeroyalBankTesting.CreateAccountTest.EmailValidationTests.IsValidEmail_ValidatesEmail(email: \"no_at_symbol.com\", expectedIsValid: False)","Messages":[],"ComputerName":"DESKTOP-VMTE4F8","Duration":"00:00:00.0000053","StartTime":"2023-09-14T15:47:25.8437527+00:00","EndTime":"2023-09-14T15:47:25.8437527+00:00","Properties":[]},{"TestCase":{"Id":"a6eca80c-8cf0-a5c6-eb44-0f0908bd79b3","FullyQualifiedName":"DeroyalBankTesting.CreateAccountTest.EmailValidationTests.IsValidEmail_ValidatesEmail","DisplayName":"DeroyalBankTesting.CreateAccountTest.EmailValidationTests.IsValidEmail_ValidatesEmail(email: \"missingdot@com\", expectedIsValid: False)","ExecutorUri":"executor://xunit/VsTestRunner2/netcoreapp","Source":"C:\\Users\\user\\Desktop\\week-4-task-KINGKASPEV\\DeroyalBankCoreTesting\\bin\\Debug\\net6.0\\fine-code-coverage\\build-output\\DeroyalBankTesting.dll","CodeFilePath":null,"LineNumber":0,"Properties":[]},"Attachments":[],"Outcome":1,"ErrorMessage":null,"ErrorStackTrace":null,"DisplayName":"DeroyalBankTesting.CreateAccountTest.EmailValidationTests.IsValidEmail_ValidatesEmail(email: \"missingdot@com\", expectedIsValid: False)","Messages":[],"ComputerName":"DESKTOP-VMTE4F8","Duration":"00:00:00.0000049","StartTime":"2023-09-14T15:47:25.8458805+00:00","EndTime":"2023-09-14T15:47:25.8458806+00:00","Properties":[]},{"TestCase":{"Id":"c8e1faae-bb5a-5cbe-5bd9-e675d4104f6f","FullyQualifiedName":"DeroyalBankTesting.CreateAccountTest.EmailValidationTests.IsValidEmail_ValidatesEmail","DisplayName":"DeroyalBankTesting.CreateAccountTest.EmailValidationTests.IsValidEmail_ValidatesEmail(email: \"another.invalid@.com\", expectedIsValid: False)","ExecutorUri":"executor://xunit/VsTestRunner2/netcoreapp","Source":"C:\\Users\\user\\Desktop\\week-4-task-KINGKASPEV\\DeroyalBankCoreTesting\\bin\\Debug\\net6.0\\fine-code-coverage\\build-output\\DeroyalBankTesting.dll","CodeFilePath":null,"LineNumber":0,"Properties":[]},"Attachments":[],"Outcome":1,"ErrorMessage":null,"ErrorStackTrace":null,"DisplayName":"DeroyalBankTesting.CreateAccountTest.EmailValidationTests.IsValidEmail_ValidatesEmail(email: \"another.invalid@.com\", expectedIsValid: False)","Messages":[],"ComputerName":"DESKTOP-VMTE4F8","Duration":"00:00:00.0000049","StartTime":"2023-09-14T15:47:25.8477849+00:00","EndTime":"2023-09-14T15:47:25.8477849+00:00","Properties":[]},{"TestCase":{"Id":"cab795d8-6c61-c64e-e915-232739bd37f4","FullyQualifiedName":"DeroyalBankTesting.TransactionTest.TransactionTest.Deposit_WithNegativeAmount_ReturnsFalse","DisplayName":"DeroyalBankTesting.TransactionTest.TransactionTest.Deposit_WithNegativeAmount_ReturnsFalse","ExecutorUri":"executor://xunit/VsTestRunner2/netcoreapp","Source":"C:\\Users\\user\\Desktop\\week-4-task-KINGKASPEV\\DeroyalBankCoreTesting\\bin\\Debug\\net6.0\\fine-code-coverage\\build-output\\DeroyalBankTesting.dll","CodeFilePath":null,"LineNumber":0,"Properties":[]},"Attachments":[],"Outcome":1,"ErrorMessage":null,"ErrorStackTrace":null,"DisplayName":"DeroyalBankTesting.TransactionTest.TransactionTest.Deposit_WithNegativeAmount_ReturnsFalse","Messages":[],"ComputerName":"DESKTOP-VMTE4F8","Duration":"00:00:00.0006112","StartTime":"2023-09-14T15:47:25.8488051+00:00","EndTime":"2023-09-14T15:47:25.8488052+00:00","Properties":[]},{"TestCase":{"Id":"14a444d2-b259-f5f1-9274-beaa076f210e","FullyQualifiedName":"DeroyalBankTesting.TransactionTest.TransactionTest.Deposit_WithValidAccount_DepositsAmount","DisplayName":"DeroyalBankTesting.TransactionTest.TransactionTest.Deposit_WithValidAccount_DepositsAmount","ExecutorUri":"executor://xunit/VsTestRunner2/netcoreapp","Source":"C:\\Users\\user\\Desktop\\week-4-task-KINGKASPEV\\DeroyalBankCoreTesting\\bin\\Debug\\net6.0\\fine-code-coverage\\build-output\\DeroyalBankTesting.dll","CodeFilePath":null,"LineNumber":0,"Properties":[]},"Attachments":[],"Outcome":1,"ErrorMessage":null,"ErrorStackTrace":null,"DisplayName":"DeroyalBankTesting.TransactionTest.TransactionTest.Deposit_WithValidAccount_DepositsAmount","Messages":[],"ComputerName":"DESKTOP-VMTE4F8","Duration":"00:00:00.0006195","StartTime":"2023-09-14T15:47:25.850585+00:00","EndTime":"2023-09-14T15:47:25.8505851+00:00","Properties":[]},{"TestCase":{"Id":"4b9e6967-519a-e771-ddd3-7fd0c5c3c370","FullyQualifiedName":"DeroyalBankTesting.TransactionTest.TransactionTest.Deposit_WithInvalidAccount_ReturnsFalse","DisplayName":"DeroyalBankTesting.TransactionTest.TransactionTest.Deposit_WithInvalidAccount_ReturnsFalse","ExecutorUri":"executor://xunit/VsTestRunner2/netcoreapp","Source":"C:\\Users\\user\\Desktop\\week-4-task-KINGKASPEV\\DeroyalBankCoreTesting\\bin\\Debug\\net6.0\\fine-code-coverage\\build-output\\DeroyalBankTesting.dll","CodeFilePath":null,"LineNumber":0,"Properties":[]},"Attachments":[],"Outcome":1,"ErrorMessage":null,"ErrorStackTrace":null,"DisplayName":"DeroyalBankTesting.TransactionTest.TransactionTest.Deposit_WithInvalidAccount_ReturnsFalse","Messages":[],"ComputerName":"DESKTOP-VMTE4F8","Duration":"00:00:00.0001730","StartTime":"2023-09-14T15:47:25.8522891+00:00","EndTime":"2023-09-14T15:47:25.8522891+00:00","Properties":[]},{"TestCase":{"Id":"919896ca-7b80-388d-6e71-4ec7088bead7","FullyQualifiedName":"DeroyalBankTesting.LoginTest.LoginTests.TestLoginUser_ValidCredentials_Success","DisplayName":"DeroyalBankTesting.LoginTest.LoginTests.TestLoginUser_ValidCredentials_Success(accountNos: \"1234567890\", password: \"P@ssword\", expected: True)","ExecutorUri":"executor://xunit/VsTestRunner2/netcoreapp","Source":"C:\\Users\\user\\Desktop\\week-4-task-KINGKASPEV\\DeroyalBankCoreTesting\\bin\\Debug\\net6.0\\fine-code-coverage\\build-output\\DeroyalBankTesting.dll","CodeFilePath":null,"LineNumber":0,"Properties":[]},"Attachments":[],"Outcome":1,"ErrorMessage":null,"ErrorStackTrace":null,"DisplayName":"DeroyalBankTesting.LoginTest.LoginTests.TestLoginUser_ValidCredentials_Success(accountNos: \"1234567890\", password: \"P@ssword\", expected: True)","Messages":[],"ComputerName":"DESKTOP-VMTE4F8","Duration":"00:00:00.0024035","StartTime":"2023-09-14T15:47:25.8533189+00:00","EndTime":"2023-09-14T15:47:25.853319+00:00","Properties":[]},{"TestCase":{"Id":"8dfd3c92-67d5-1ee2-880b-18d22beb6de4","FullyQualifiedName":"DeroyalBankTesting.LoginTest.LoginTests.TestLoginUser_ValidCredentials_Success","DisplayName":"DeroyalBankTesting.LoginTest.LoginTests.TestLoginUser_ValidCredentials_Success(accountNos: \"0233467890\", password: \"P@ssword\", expected: False)","ExecutorUri":"executor://xunit/VsTestRunner2/netcoreapp","Source":"C:\\Users\\user\\Desktop\\week-4-task-KINGKASPEV\\DeroyalBankCoreTesting\\bin\\Debug\\net6.0\\fine-code-coverage\\build-output\\DeroyalBankTesting.dll","CodeFilePath":null,"LineNumber":0,"Properties":[]},"Attachments":[],"Outcome":1,"ErrorMessage":null,"ErrorStackTrace":null,"DisplayName":"DeroyalBankTesting.LoginTest.LoginTests.TestLoginUser_ValidCredentials_Success(accountNos: \"0233467890\", password: \"P@ssword\", expected: False)","Messages":[],"ComputerName":"DESKTOP-VMTE4F8","Duration":"00:00:00.0000498","StartTime":"2023-09-14T15:47:25.8554043+00:00","EndTime":"2023-09-14T15:47:25.8554043+00:00","Properties":[]}],"TestRunStatistics":{"ExecutedTests":35,"Stats":{"Passed":35}},"ActiveTests":[{"Id":"e4269cc6-288a-4a66-7896-7bb77fed9073","FullyQualifiedName":"DeroyalBankTesting.LoginTest.LoginTests.TestLoginUser_ValidCredentials_Success","DisplayName":"DeroyalBankTesting.LoginTest.LoginTests.TestLoginUser_ValidCredentials_Success(accountNos: \"0234567890\", password: \"p@yggfg\", expected: False)","ExecutorUri":"executor://xunit/VsTestRunner2/netcoreapp","Source":"C:\\Users\\user\\Desktop\\week-4-task-KINGKASPEV\\DeroyalBankCoreTesting\\bin\\Debug\\net6.0\\fine-code-coverage\\build-output\\DeroyalBankTesting.dll","CodeFilePath":null,"LineNumber":0,"Properties":[]}]}}
TpTrace Verbose: 0 : 33492, 7, 2023/09/14, 16:47:25.858, 6477722678512, vstest.console.dll, TestRunRequest:SendTestRunStatsChange: Starting.
TpTrace Verbose: 0 : 33492, 7, 2023/09/14, 16:47:25.858, 6477722678973, vstest.console.dll, InProgress is DeroyalBankTesting.LoginTest.LoginTests.TestLoginUser_ValidCredentials_Success(accountNos: "0234567890", password: "p@yggfg", expected: False)
TpTrace Verbose: 0 : 33492, 7, 2023/09/14, 16:47:25.858, 6477722679579, vstest.console.dll, MulticastDelegateUtilities.SafeInvoke: TestRun.RunStatsChanged: Invoking callbacks was skipped because there are no subscribers.
TpTrace Information: 0 : 33492, 7, 2023/09/14, 16:47:25.858, 6477722679984, vstest.console.dll, TestRunRequest:SendTestRunStatsChange: Completed.
TpTrace Verbose: 0 : 33492, 7, 2023/09/14, 16:47:25.858, 6477722680303, vstest.console.dll, MulticastDelegateUtilities.SafeInvoke: LengthPrefixCommunicationChannel: MessageReceived: Invoking callback 1/1 for Microsoft.VisualStudio.TestPlatform.CommunicationUtilities.TestRequestSender+<>c__DisplayClass34_0., took 0 ms.
TpTrace Verbose: 0 : 33492, 4, 2023/09/14, 16:47:25.858, 6477722680432, vstest.console.dll, MulticastDelegateUtilities.SafeInvoke: InternalTestLoggerEvents.SendTestResult: Invoking callback 1/1 for Microsoft.VisualStudio.TestPlatform.CommandLine.Internal.ConsoleLogger., took 0 ms.
TpTrace Verbose: 0 : 33492, 7, 2023/09/14, 16:47:25.858, 6477722680555, vstest.console.dll, TcpClientExtensions.MessageLoopAsync: Polling on remoteEndPoint: 127.0.0.1:63774 localEndPoint: 127.0.0.1:63773
TpTrace Verbose: 0 : 33492, 4, 2023/09/14, 16:47:25.858, 6477722681388, vstest.console.dll, MulticastDelegateUtilities.SafeInvoke: InternalTestLoggerEvents.SendTestResult: Invoking callback 1/1 for Microsoft.VisualStudio.TestPlatform.CommandLine.Internal.ConsoleLogger., took 0 ms.
TpTrace Verbose: 0 : 33492, 4, 2023/09/14, 16:47:25.858, 6477722682411, vstest.console.dll, MulticastDelegateUtilities.SafeInvoke: InternalTestLoggerEvents.SendTestResult: Invoking callback 1/1 for Microsoft.VisualStudio.TestPlatform.CommandLine.Internal.ConsoleLogger., took 0 ms.
TpTrace Verbose: 0 : 33492, 4, 2023/09/14, 16:47:25.858, 6477722682738, vstest.console.dll, MulticastDelegateUtilities.SafeInvoke: InternalTestLoggerEvents.SendTestResult: Invoking callback 1/1 for Microsoft.VisualStudio.TestPlatform.CommandLine.Internal.ConsoleLogger., took 0 ms.
TpTrace Verbose: 0 : 33492, 4, 2023/09/14, 16:47:25.858, 6477722683025, vstest.console.dll, MulticastDelegateUtilities.SafeInvoke: InternalTestLoggerEvents.SendTestResult: Invoking callback 1/1 for Microsoft.VisualStudio.TestPlatform.CommandLine.Internal.ConsoleLogger., took 0 ms.
TpTrace Verbose: 0 : 33492, 4, 2023/09/14, 16:47:25.858, 6477722683487, vstest.console.dll, MulticastDelegateUtilities.SafeInvoke: InternalTestLoggerEvents.SendTestResult: Invoking callback 1/1 for Microsoft.VisualStudio.TestPlatform.CommandLine.Internal.ConsoleLogger., took 0 ms.
TpTrace Verbose: 0 : 33492, 4, 2023/09/14, 16:47:25.858, 6477722683958, vstest.console.dll, MulticastDelegateUtilities.SafeInvoke: InternalTestLoggerEvents.SendTestResult: Invoking callback 1/1 for Microsoft.VisualStudio.TestPlatform.CommandLine.Internal.ConsoleLogger., took 0 ms.
TpTrace Verbose: 0 : 33492, 4, 2023/09/14, 16:47:25.858, 6477722684286, vstest.console.dll, MulticastDelegateUtilities.SafeInvoke: InternalTestLoggerEvents.SendTestResult: Invoking callback 1/1 for Microsoft.VisualStudio.TestPlatform.CommandLine.Internal.ConsoleLogger., took 0 ms.
TpTrace Verbose: 0 : 33492, 4, 2023/09/14, 16:47:25.858, 6477722685377, vstest.console.dll, MulticastDelegateUtilities.SafeInvoke: InternalTestLoggerEvents.SendTestResult: Invoking callback 1/1 for Microsoft.VisualStudio.TestPlatform.CommandLine.Internal.ConsoleLogger., took 0 ms.
TpTrace Verbose: 0 : 33492, 7, 2023/09/14, 16:47:25.870, 6477722800135, vstest.console.dll, TcpClientExtensions.MessageLoopAsync: NotifyDataAvailable remoteEndPoint: 127.0.0.1:63774 localEndPoint: 127.0.0.1:63773
TpTrace Verbose: 0 : 33492, 7, 2023/09/14, 16:47:25.870, 6477722802129, vstest.console.dll, TestRequestSender.OnExecutionMessageReceived: Received message: {"Version":7,"MessageType":"TestSession.Message","Payload":{"MessageLevel":0,"Message":"[xUnit.net 00:00:00.68]   Finished:    DeroyalBankTesting"}}
TpTrace Verbose: 0 : 33492, 7, 2023/09/14, 16:47:25.870, 6477722803747, vstest.console.dll, TestRunRequest:SendTestRunMessage: Starting.
TpTrace Verbose: 0 : 33492, 4, 2023/09/14, 16:47:25.870, 6477722804943, vstest.console.dll, MulticastDelegateUtilities.SafeInvoke: InternalTestLoggerEvents.SendTestRunMessage: Invoking callback 1/1 for Microsoft.VisualStudio.TestPlatform.CommandLine.Internal.ConsoleLogger., took 0 ms.
TpTrace Verbose: 0 : 33492, 7, 2023/09/14, 16:47:25.870, 6477722805147, vstest.console.dll, MulticastDelegateUtilities.SafeInvoke: TestRun.LogMessages: Invoking callback 1/1 for Microsoft.VisualStudio.TestPlatform.CommandLine.TestRunResultAggregator., took 0 ms.
TpTrace Information: 0 : 33492, 7, 2023/09/14, 16:47:25.870, 6477722806588, vstest.console.dll, TestRunRequest:SendTestRunMessage: Completed.
TpTrace Verbose: 0 : 33492, 7, 2023/09/14, 16:47:25.871, 6477722807025, vstest.console.dll, MulticastDelegateUtilities.SafeInvoke: LengthPrefixCommunicationChannel: MessageReceived: Invoking callback 1/1 for Microsoft.VisualStudio.TestPlatform.CommunicationUtilities.TestRequestSender+<>c__DisplayClass34_0., took 0 ms.
TpTrace Verbose: 0 : 33492, 7, 2023/09/14, 16:47:25.871, 6477722807407, vstest.console.dll, TcpClientExtensions.MessageLoopAsync: Polling on remoteEndPoint: 127.0.0.1:63774 localEndPoint: 127.0.0.1:63773
TpTrace Verbose: 0 : 33492, 7, 2023/09/14, 16:47:25.884, 6477722937407, vstest.console.dll, TcpClientExtensions.MessageLoopAsync: NotifyDataAvailable remoteEndPoint: 127.0.0.1:63774 localEndPoint: 127.0.0.1:63773
TpTrace Verbose: 0 : 33492, 7, 2023/09/14, 16:47:25.884, 6477722939207, vstest.console.dll, TestRequestSender.OnExecutionMessageReceived: Received message: {"Version":7,"MessageType":"TestExecution.Completed","Payload":{"TestRunCompleteArgs":{"TestRunStatistics":{"ExecutedTests":42,"Stats":{"Passed":42}},"IsCanceled":false,"IsAborted":false,"Error":null,"AttachmentSets":[],"InvokedDataCollectors":[],"ElapsedTimeInRunningTests":"00:00:00.7009490","Metrics":{},"DiscoveredExtensions":{"TestDiscoverers":["Xunit.Runner.VisualStudio.VsTestRunner, xunit.runner.visualstudio.dotnetcore.testadapter, Version=2.4.0.0, Culture=neutral, PublicKeyToken=8d05b1bb7a6fdb6c"],"TestExecutors":["executor://xunit/VsTestRunner2/netcoreapp"],"TestExecutors2":[],"TestSettingsProviders":[]}},"LastRunTests":{"NewTestResults":[{"TestCase":{"Id":"e4269cc6-288a-4a66-7896-7bb77fed9073","FullyQualifiedName":"DeroyalBankTesting.LoginTest.LoginTests.TestLoginUser_ValidCredentials_Success","DisplayName":"DeroyalBankTesting.LoginTest.LoginTests.TestLoginUser_ValidCredentials_Success(accountNos: \"0234567890\", password: \"p@yggfg\", expected: False)","ExecutorUri":"executor://xunit/VsTestRunner2/netcoreapp","Source":"C:\\Users\\user\\Desktop\\week-4-task-KINGKASPEV\\DeroyalBankCoreTesting\\bin\\Debug\\net6.0\\fine-code-coverage\\build-output\\DeroyalBankTesting.dll","CodeFilePath":null,"LineNumber":0,"Properties":[]},"Attachments":[],"Outcome":1,"ErrorMessage":null,"ErrorStackTrace":null,"DisplayName":"DeroyalBankTesting.LoginTest.LoginTests.TestLoginUser_ValidCredentials_Success(accountNos: \"0234567890\", password: \"p@yggfg\", expected: False)","Messages":[],"ComputerName":"DESKTOP-VMTE4F8","Duration":"00:00:00.0000230","StartTime":"2023-09-14T15:47:25.8584005+00:00","EndTime":"2023-09-14T15:47:25.8584006+00:00","Properties":[]},{"TestCase":{"Id":"90365f65-d6fc-570a-c970-ea5306b18966","FullyQualifiedName":"DeroyalBankTesting.LoginTest.LoginTests.TestLoginUser_ValidCredentials_Success","DisplayName":"DeroyalBankTesting.LoginTest.LoginTests.TestLoginUser_ValidCredentials_Success(accountNos: \"0234567890\", password: \"P@yggfg\", expected: False)","ExecutorUri":"executor://xunit/VsTestRunner2/netcoreapp","Source":"C:\\Users\\user\\Desktop\\week-4-task-KINGKASPEV\\DeroyalBankCoreTesting\\bin\\Debug\\net6.0\\fine-code-coverage\\build-output\\DeroyalBankTesting.dll","CodeFilePath":null,"LineNumber":0,"Properties":[]},"Attachments":[],"Outcome":1,"ErrorMessage":null,"ErrorStackTrace":null,"DisplayName":"DeroyalBankTesting.LoginTest.LoginTests.TestLoginUser_ValidCredentials_Success(accountNos: \"0234567890\", password: \"P@yggfg\", expected: False)","Messages":[],"ComputerName":"DESKTOP-VMTE4F8","Duration":"00:00:00.0000092","StartTime":"2023-09-14T15:47:25.8603223+00:00","EndTime":"2023-09-14T15:47:25.8603223+00:00","Properties":[]},{"TestCase":{"Id":"a09f9009-8a67-383a-28f6-68b1fee56618","FullyQualifiedName":"DeroyalBankTesting.LoginTest.LoginTests.TestLoginUser_ValidCredentials_Success","DisplayName":"DeroyalBankTesting.LoginTest.LoginTests.TestLoginUser_ValidCredentials_Success(accountNos: \"1234567890\", password: \"P@word\", expected: False)","ExecutorUri":"executor://xunit/VsTestRunner2/netcoreapp","Source":"C:\\Users\\user\\Desktop\\week-4-task-KINGKASPEV\\DeroyalBankCoreTesting\\bin\\Debug\\net6.0\\fine-code-coverage\\build-output\\DeroyalBankTesting.dll","CodeFilePath":null,"LineNumber":0,"Properties":[]},"Attachments":[],"Outcome":1,"ErrorMessage":null,"ErrorStackTrace":null,"DisplayName":"DeroyalBankTesting.LoginTest.LoginTests.TestLoginUser_ValidCredentials_Success(accountNos: \"1234567890\", password: \"P@word\", expected: False)","Messages":[],"ComputerName":"DESKTOP-VMTE4F8","Duration":"00:00:00.0000090","StartTime":"2023-09-14T15:47:25.8620674+00:00","EndTime":"2023-09-14T15:47:25.8620675+00:00","Properties":[]},{"TestCase":{"Id":"9a8b26a4-7f28-c34e-ed7b-9e4a583c1789","FullyQualifiedName":"DeroyalBankTesting.LoginTest.LoginTests.TestLoginUser_ValidCredentials_Success","DisplayName":"DeroyalBankTesting.LoginTest.LoginTests.TestLoginUser_ValidCredentials_Success(accountNos: \"0234567890\", password: \"pkyggfg\", expected: False)","ExecutorUri":"executor://xunit/VsTestRunner2/netcoreapp","Source":"C:\\Users\\user\\Desktop\\week-4-task-KINGKASPEV\\DeroyalBankCoreTesting\\bin\\Debug\\net6.0\\fine-code-coverage\\build-output\\DeroyalBankTesting.dll","CodeFilePath":null,"LineNumber":0,"Properties":[]},"Attachments":[],"Outcome":1,"ErrorMessage":null,"ErrorStackTrace":null,"DisplayName":"DeroyalBankTesting.LoginTest.LoginTests.TestLoginUser_ValidCredentials_Success(accountNos: \"0234567890\", password: \"pkyggfg\", expected: False)","Messages":[],"ComputerName":"DESKTOP-VMTE4F8","Duration":"00:00:00.0000052","StartTime":"2023-09-14T15:47:25.8637727+00:00","EndTime":"2023-09-14T15:47:25.8637728+00:00","Properties":[]},{"TestCase":{"Id":"5ba43c59-d23d-9b85-3c96-1c41c65e0b1c","FullyQualifiedName":"DeroyalBankTesting.DataTest.ListOfCustomersTests.AddCustomer_AddsCustomerAndEmailToCollections","DisplayName":"DeroyalBankTesting.DataTest.ListOfCustomersTests.AddCustomer_AddsCustomerAndEmailToCollections","ExecutorUri":"executor://xunit/VsTestRunner2/netcoreapp","Source":"C:\\Users\\user\\Desktop\\week-4-task-KINGKASPEV\\DeroyalBankCoreTesting\\bin\\Debug\\net6.0\\fine-code-coverage\\build-output\\DeroyalBankTesting.dll","CodeFilePath":null,"LineNumber":0,"Properties":[]},"Attachments":[],"Outcome":1,"ErrorMessage":null,"ErrorStackTrace":null,"DisplayName":"DeroyalBankTesting.DataTest.ListOfCustomersTests.AddCustomer_AddsCustomerAndEmailToCollections","Messages":[],"ComputerName":"DESKTOP-VMTE4F8","Duration":"00:00:00.0181618","StartTime":"2023-09-14T15:47:25.8647127+00:00","EndTime":"2023-09-14T15:47:25.8647128+00:00","Properties":[]},{"TestCase":{"Id":"7ae6acba-2860-9699-2748-90d92888542c","FullyQualifiedName":"DeroyalBankTesting.DataTest.ListOfCustomersTests.IsEmailUsed_EmailExists_ReturnsTrue","DisplayName":"DeroyalBankTesting.DataTest.ListOfCustomersTests.IsEmailUsed_EmailExists_ReturnsTrue","ExecutorUri":"executor://xunit/VsTestRunner2/netcoreapp","Source":"C:\\Users\\user\\Desktop\\week-4-task-KINGKASPEV\\DeroyalBankCoreTesting\\bin\\Debug\\net6.0\\fine-code-coverage\\build-output\\DeroyalBankTesting.dll","CodeFilePath":null,"LineNumber":0,"Properties":[]},"Attachments":[],"Outcome":1,"ErrorMessage":null,"ErrorStackTrace":null,"DisplayName":"DeroyalBankTesting.DataTest.ListOfCustomersTests.IsEmailUsed_EmailExists_ReturnsTrue","Messages":[],"ComputerName":"DESKTOP-VMTE4F8","Duration":"00:00:00.0002717","StartTime":"2023-09-14T15:47:25.8664165+00:00","EndTime":"2023-09-14T15:47:25.8664165+00:00","Properties":[]},{"TestCase":{"Id":"9342839b-3e2b-c0b6-3c30-4b331e0a105d","FullyQualifiedName":"DeroyalBankTesting.DataTest.ListOfCustomersTests.IsEmailUsed_EmailDoesNotExist_ReturnsFalse","DisplayName":"DeroyalBankTesting.DataTest.ListOfCustomersTests.IsEmailUsed_EmailDoesNotExist_ReturnsFalse","ExecutorUri":"executor://xunit/VsTestRunner2/netcoreapp","Source":"C:\\Users\\user\\Desktop\\week-4-task-KINGKASPEV\\DeroyalBankCoreTesting\\bin\\Debug\\net6.0\\fine-code-coverage\\build-output\\DeroyalBankTesting.dll","CodeFilePath":null,"LineNumber":0,"Properties":[]},"Attachments":[],"Outcome":1,"ErrorMessage":null,"ErrorStackTrace":null,"DisplayName":"DeroyalBankTesting.DataTest.ListOfCustomersTests.IsEmailUsed_EmailDoesNotExist_ReturnsFalse","Messages":[],"ComputerName":"DESKTOP-VMTE4F8","Duration":"00:00:00.0001143","StartTime":"2023-09-14T15:47:25.8680945+00:00","EndTime":"2023-09-14T15:47:25.8680945+00:00","Properties":[]}],"TestRunStatistics":{"ExecutedTests":42,"Stats":{"Passed":42}},"ActiveTests":[]},"RunAttachments":[],"ExecutorUris":["executor://xunit/VsTestRunner2/netcoreapp"]}}
TpTrace Verbose: 0 : 33492, 7, 2023/09/14, 16:47:25.884, 6477722940246, vstest.console.dll, TestRequestSender.EndSession: Sending end session.
TpTrace Verbose: 0 : 33492, 7, 2023/09/14, 16:47:25.884, 6477722941592, vstest.console.dll, ProxyOperationManager.Close: waiting for test host to exit for 100 ms
TpTrace Warning: 0 : 33492, 11, 2023/09/14, 16:47:25.909, 6477723190193, vstest.console.dll, TestHostManagerCallbacks.ErrorReceivedCallback Test host standard error line: 
TpTrace Verbose: 0 : 33492, 11, 2023/09/14, 16:47:25.919, 6477723295116, vstest.console.dll, TestHostProvider.ExitCallBack: Host exited starting callback.
TpTrace Information: 0 : 33492, 11, 2023/09/14, 16:47:25.920, 6477723297102, vstest.console.dll, TestHostManagerCallbacks.ExitCallBack: Testhost processId: 24708 exited with exitcode: 0 error: ''
TpTrace Verbose: 0 : 33492, 11, 2023/09/14, 16:47:25.920, 6477723297530, vstest.console.dll, DotnetTestHostManager.OnHostExited: invoking OnHostExited callback
TpTrace Verbose: 0 : 33492, 11, 2023/09/14, 16:47:25.920, 6477723298088, vstest.console.dll, CrossPlatEngine.TestHostManagerHostExited: calling on client process exit callback.
TpTrace Information: 0 : 33492, 11, 2023/09/14, 16:47:25.920, 6477723298599, vstest.console.dll, TestRequestSender.OnClientProcessExit: Test host process exited. Standard error: 
TpTrace Information: 0 : 33492, 11, 2023/09/14, 16:47:25.920, 6477723298920, vstest.console.dll, SocketServer.Stop: Stop server endPoint: 127.0.0.1:63773
TpTrace Information: 0 : 33492, 11, 2023/09/14, 16:47:25.920, 6477723299219, vstest.console.dll, SocketServer.Stop: Cancellation requested. Stopping message loop.
TpTrace Information: 0 : 33492, 7, 2023/09/14, 16:47:25.920, 6477723299825, vstest.console.dll, SocketServer.Stop: Stop server endPoint: 127.0.0.1:63773
TpTrace Verbose: 0 : 33492, 11, 2023/09/14, 16:47:25.920, 6477723300144, vstest.console.dll, MulticastDelegateUtilities.SafeInvoke: HostProviderEvents.OnHostExited: Invoking callback 1/1 for Microsoft.VisualStudio.TestPlatform.CrossPlatEngine.Client.ProxyOperationManager., took 0 ms.
TpTrace Information: 0 : 33492, 7, 2023/09/14, 16:47:25.920, 6477723300316, vstest.console.dll, SocketServer.Stop: Cancellation requested. Stopping message loop.
TpTrace Information: 0 : 33492, 7, 2023/09/14, 16:47:25.920, 6477723301167, vstest.console.dll, Closing the connection
TpTrace Verbose: 0 : 33492, 7, 2023/09/14, 16:47:25.920, 6477723303174, vstest.console.dll, ProxyDataCollectionManager.InvokeDataCollectionServiceAction: Starting.
TpTrace Information: 0 : 33492, 7, 2023/09/14, 16:47:25.920, 6477723303601, vstest.console.dll, ProxyDataCollectionManager.AfterTestRunEnd: Get attachment set and invoked data collectors processId: 18184 port: 63770
TpTrace Verbose: 0 : 33492, 7, 2023/09/14, 16:47:25.920, 6477723303968, vstest.console.dll, DataCollectionRequestSender.SendAfterTestRunStartAndGetResult: Send AfterTestRunEnd message with isCancelled: False
TpTrace Verbose: 0 : 33492, 7, 2023/09/14, 16:47:25.928, 6477723384238, vstest.console.dll, DataCollectionRequestSender.SendAfterTestRunStartAndGetResult: Received message: (DataCollection.AfterTestRunEndResult) -> {"MessageType":"DataCollection.AfterTestRunEndResult","Payload":{"AttachmentSets":[],"InvokedDataCollectors":[{"Uri":"datacollector://Microsoft/TestPlatform/Extensions/Blame/v1","FriendlyName":"Blame","AssemblyQualifiedName":"Microsoft.TestPlatform.Extensions.BlameDataCollector.BlameCollector, Microsoft.TestPlatform.Extensions.BlameDataCollector, Version=15.0.0.0, Culture=neutral, PublicKeyToken=b03f5f7f11d50a3a","FilePath":"C:\\Program Files\\dotnet\\sdk\\7.0.306\\Extensions\\Microsoft.TestPlatform.Extensions.BlameDataCollector.dll","HasAttachmentProcessor":false}],"Metrics":{}}}
TpTrace Warning: 0 : 33492, 10, 2023/09/14, 16:47:25.932, 6477723425106, vstest.console.dll, DataCollectionLauncher.ErrorReceivedCallback datacollector standard error line: 
TpTrace Information: 0 : 33492, 7, 2023/09/14, 16:47:25.934, 6477723443038, vstest.console.dll, ProxyDataCollectionManager.InvokeDataCollectionServiceAction: Completed.
TpTrace Information: 0 : 33492, 10, 2023/09/14, 16:47:25.939, 6477723494692, vstest.console.dll, DataCollectionLauncher.ExitCallBack: Data collector exited with exitcode: 0 error: ''
TpTrace Verbose: 0 : 33492, 7, 2023/09/14, 16:47:25.969, 6477723789531, vstest.console.dll, TestRunRequest:SendTestRunStatsChange: Starting.
TpTrace Verbose: 0 : 33492, 7, 2023/09/14, 16:47:25.969, 6477723790657, vstest.console.dll, MulticastDelegateUtilities.SafeInvoke: TestRun.RunStatsChanged: Invoking callbacks was skipped because there are no subscribers.
TpTrace Information: 0 : 33492, 7, 2023/09/14, 16:47:25.969, 6477723790942, vstest.console.dll, TestRunRequest:SendTestRunStatsChange: Completed.
TpTrace Verbose: 0 : 33492, 4, 2023/09/14, 16:47:25.969, 6477723791928, vstest.console.dll, MulticastDelegateUtilities.SafeInvoke: InternalTestLoggerEvents.SendTestResult: Invoking callback 1/1 for Microsoft.VisualStudio.TestPlatform.CommandLine.Internal.ConsoleLogger., took 0 ms.
TpTrace Verbose: 0 : 33492, 4, 2023/09/14, 16:47:25.969, 6477723792688, vstest.console.dll, MulticastDelegateUtilities.SafeInvoke: InternalTestLoggerEvents.SendTestResult: Invoking callback 1/1 for Microsoft.VisualStudio.TestPlatform.CommandLine.Internal.ConsoleLogger., took 0 ms.
TpTrace Verbose: 0 : 33492, 4, 2023/09/14, 16:47:25.969, 6477723793032, vstest.console.dll, MulticastDelegateUtilities.SafeInvoke: InternalTestLoggerEvents.SendTestResult: Invoking callback 1/1 for Microsoft.VisualStudio.TestPlatform.CommandLine.Internal.ConsoleLogger., took 0 ms.
TpTrace Verbose: 0 : 33492, 4, 2023/09/14, 16:47:25.969, 6477723793430, vstest.console.dll, MulticastDelegateUtilities.SafeInvoke: InternalTestLoggerEvents.SendTestResult: Invoking callback 1/1 for Microsoft.VisualStudio.TestPlatform.CommandLine.Internal.ConsoleLogger., took 0 ms.
TpTrace Verbose: 0 : 33492, 4, 2023/09/14, 16:47:25.969, 6477723793860, vstest.console.dll, MulticastDelegateUtilities.SafeInvoke: InternalTestLoggerEvents.SendTestResult: Invoking callback 1/1 for Microsoft.VisualStudio.TestPlatform.CommandLine.Internal.ConsoleLogger., took 0 ms.
TpTrace Verbose: 0 : 33492, 4, 2023/09/14, 16:47:25.969, 6477723794263, vstest.console.dll, MulticastDelegateUtilities.SafeInvoke: InternalTestLoggerEvents.SendTestResult: Invoking callback 1/1 for Microsoft.VisualStudio.TestPlatform.CommandLine.Internal.ConsoleLogger., took 0 ms.
TpTrace Verbose: 0 : 33492, 4, 2023/09/14, 16:47:25.969, 6477723794740, vstest.console.dll, MulticastDelegateUtilities.SafeInvoke: InternalTestLoggerEvents.SendTestResult: Invoking callback 1/1 for Microsoft.VisualStudio.TestPlatform.CommandLine.Internal.ConsoleLogger., took 0 ms.
TpTrace Verbose: 0 : 33492, 7, 2023/09/14, 16:47:25.969, 6477723796106, vstest.console.dll, ParallelProxyExecutionManager: HandlePartialRunComplete: Total completed clients = 1, Run complete = True, Run canceled: False.
TpTrace Verbose: 0 : 33492, 4, 2023/09/14, 16:47:25.978, 6477723884103, vstest.console.dll, MulticastDelegateUtilities.SafeInvoke: InternalTestLoggerEvents.SendTestRunComplete: Invoking callback 1/2 for Microsoft.TestPlatform.Extensions.BlameDataCollector.BlameLogger., took 0 ms.
TpTrace Verbose: 0 : 33492, 4, 2023/09/14, 16:47:25.985, 6477723949070, vstest.console.dll, MulticastDelegateUtilities.SafeInvoke: InternalTestLoggerEvents.SendTestRunComplete: Invoking callback 2/2 for Microsoft.VisualStudio.TestPlatform.CommandLine.Internal.ConsoleLogger., took 6 ms.
TpTrace Verbose: 0 : 33492, 7, 2023/09/14, 16:47:25.985, 6477723951924, vstest.console.dll, TestRunRequest:TestRunComplete: Starting. IsAborted:False IsCanceled:False.
TpTrace Verbose: 0 : 33492, 7, 2023/09/14, 16:47:25.986, 6477723965443, vstest.console.dll, TestLoggerManager.HandleTestRunComplete: Ignoring as the object is disposed.
TpTrace Verbose: 0 : 33492, 7, 2023/09/14, 16:47:25.987, 6477723968407, vstest.console.dll, MulticastDelegateUtilities.SafeInvoke: TestRun.TestRunComplete: Invoking callback 1/2 for Microsoft.VisualStudio.TestPlatform.CommandLine.TestRunResultAggregator., took 0 ms.
TpTrace Verbose: 0 : 33492, 7, 2023/09/14, 16:47:25.987, 6477723970199, vstest.console.dll, MulticastDelegateUtilities.SafeInvoke: TestRun.TestRunComplete: Invoking callback 2/2 for Microsoft.VisualStudio.TestPlatform.CommandLine.Processors.RunTestsArgumentExecutor+TestRunRequestEventsRegistrar., took 0 ms.
TpTrace Information: 0 : 33492, 7, 2023/09/14, 16:47:25.987, 6477723971175, vstest.console.dll, TestRunRequest:TestRunComplete: Completed.
TpTrace Verbose: 0 : 33492, 7, 2023/09/14, 16:47:25.987, 6477723971519, vstest.console.dll, TestRequestSender.SetOperationComplete: Setting operation complete.
TpTrace Information: 0 : 33492, 7, 2023/09/14, 16:47:25.987, 6477723971751, vstest.console.dll, SocketServer.Stop: Stop server endPoint: 127.0.0.1:63773
TpTrace Information: 0 : 33492, 7, 2023/09/14, 16:47:25.987, 6477723971979, vstest.console.dll, SocketServer.Stop: Cancellation requested. Stopping message loop.
TpTrace Verbose: 0 : 33492, 7, 2023/09/14, 16:47:25.987, 6477723972252, vstest.console.dll, MulticastDelegateUtilities.SafeInvoke: LengthPrefixCommunicationChannel: MessageReceived: Invoking callback 1/1 for Microsoft.VisualStudio.TestPlatform.CommunicationUtilities.TestRequestSender+<>c__DisplayClass34_0., took 103 ms.
TpTrace Verbose: 0 : 33492, 1, 2023/09/14, 16:47:25.987, 6477723972259, vstest.console.dll, TestRunRequest.Dispose: Starting.
TpTrace Information: 0 : 33492, 7, 2023/09/14, 16:47:25.987, 6477723972568, vstest.console.dll, SocketServer.PrivateStop: Stopping server endPoint: 127.0.0.1:63773 error: 
TpTrace Information: 0 : 33492, 1, 2023/09/14, 16:47:25.987, 6477723973021, vstest.console.dll, TestRunRequest.Dispose: Completed.
TpTrace Information: 0 : 33492, 1, 2023/09/14, 16:47:25.987, 6477723974373, vstest.console.dll, TestRequestManager.RunTests: run tests completed.
TpTrace Information: 0 : 33492, 1, 2023/09/14, 16:47:25.987, 6477723975508, vstest.console.dll, RunTestsArgumentProcessor:Execute: Test run is completed.
TpTrace Verbose: 0 : 33492, 7, 2023/09/14, 16:47:25.988, 6477723976925, vstest.console.dll, LengthPrefixCommunicationChannel.Dispose: Dispose reader and writer.
TpTrace Verbose: 0 : 33492, 1, 2023/09/14, 16:47:25.988, 6477723977707, vstest.console.dll, Executor.Execute: Exiting with exit code of 0
TpTrace Information: 0 : 33492, 7, 2023/09/14, 16:47:25.988, 6477723977735, vstest.console.dll, SocketServer.Stop: Raise disconnected event endPoint: 127.0.0.1:63773 error: 
TpTrace Verbose: 0 : 33492, 7, 2023/09/14, 16:47:25.988, 6477723979477, vstest.console.dll, TestRequestSender: OnTestRunAbort: Operation is already complete. Skip error message.
TpTrace Verbose: 0 : 33492, 7, 2023/09/14, 16:47:25.988, 6477723980128, vstest.console.dll, MulticastDelegateUtilities.SafeInvoke: SocketServer: ClientDisconnected: Invoking callback 1/1 for Microsoft.VisualStudio.TestPlatform.CommunicationUtilities.TestRequestSender., took 0 ms.
TpTrace Verbose: 0 : 33492, 7, 2023/09/14, 16:47:25.988, 6477723980540, vstest.console.dll, TcpClientExtensions.MessageLoopAsync: exiting MessageLoopAsync remoteEndPoint: 127.0.0.1:63774 localEndPoint: 127.0.0.1:63773
